Build started 2017-08-17  星期四 17:45:19.
     1>Project "E:\CProgram\编写一个函数其功能是对正数x的值保留两位小数，并对第三位进行四舍五入\编写一个函数其功能是对正数x的值保留两位小数，并对第三位进行四舍五入\编写一个函数其功能是对正数x的值保留两位小数，并对第三位进行四舍五入.vcxproj" on node 2 (build target(s)).
     1>PrepareForBuild:
         Creating directory "E:\CProgram\编写一个函数其功能是对正数x的值保留两位小数，并对第三位进行四舍五入\Debug\".
       InitializeBuildStatus:
         Creating "Debug\编写一个函数其功能是对正数x的值保留两位小数，并对第三位进行四舍五入.unsuccessfulbuild" because "AlwaysCreate" was specified.
       ClCompile:
         d:\Program Files (x86)\Microsoft Visual Studio 10.0\VC\bin\CL.exe /c /ZI /nologo /W3 /WX- /Od /Oy- /D WIN32 /D _DEBUG /D _CONSOLE /D _UNICODE /D UNICODE /Gm /EHsc /RTC1 /MDd /GS /fp:precise /Zc:wchar_t /Zc:forScope /Fo"Debug\\" /Fd"Debug\vc100.pdb" /Gd /TC /analyze- /errorReport:prompt "编写一个函数其功能是对正数x的值保留两位小数，并对第三位进行四舍五入.c"
         编写一个函数其功能是对正数x的值保留两位小数，并对第三位进行四舍五入.c
     1>e:\cprogram\编写一个函数其功能是对正数x的值保留两位小数，并对第三位进行四舍五入\编写一个函数其功能是对正数x的值保留两位小数，并对第三位进行四舍五入\编写一个函数其功能是对正数x的值保留两位小数，并对第三位进行四舍五入.c(25): warning C4996: 'scanf': This function or variable may be unsafe. Consider using scanf_s instead. To disable deprecation, use _CRT_SECURE_NO_WARNINGS. See online help for details.
                 d:\program files (x86)\microsoft visual studio 10.0\vc\include\stdio.h(304) : see declaration of 'scanf'
       ManifestResourceCompile:
         C:\Program Files (x86)\Microsoft SDKs\Windows\v7.0A\bin\rc.exe /nologo /fo"Debug\编写一个函数其功能是对正数x的值保留两位小数，并对第三位进行四舍五入.exe.embed.manifest.res" "Debug\编写一个函数其功能是对正数x的值保留两位小数，并对第三位进行四舍五入_manifest.rc" 
       Link:
         d:\Program Files (x86)\Microsoft Visual Studio 10.0\VC\bin\link.exe /ERRORREPORT:PROMPT /OUT:"E:\CProgram\编写一个函数其功能是对正数x的值保留两位小数，并对第三位进行四舍五入\Debug\编写一个函数其功能是对正数x的值保留两位小数，并对第三位进行四舍五入.exe" /INCREMENTAL /NOLOGO kernel32.lib user32.lib gdi32.lib winspool.lib comdlg32.lib advapi32.lib shell32.lib ole32.lib oleaut32.lib uuid.lib odbc32.lib odbccp32.lib /MANIFEST /ManifestFile:"Debug\编写一个函数其功能是对正数x的值保留两位小数，并对第三位进行四舍五入.exe.intermediate.manifest" /MANIFESTUAC:"level='asInvoker' uiAccess='false'" /DEBUG /PDB:"E:\CProgram\编写一个函数其功能是对正数x的值保留两位小数，并对第三位进行四舍五入\Debug\编写一个函数其功能是对正数x的值保留两位小数，并对第三位进行四舍五入.pdb" /SUBSYSTEM:CONSOLE /TLBID:1 /DYNAMICBASE /NXCOMPAT /IMPLIB:"E:\CProgram\编写一个函数其功能是对正数x的值保留两位小数，并对第三位进行四舍五入\Debug\编写一个函数其功能是对正数x的值保留两位小数，并对第三位进行四舍五入.lib" /MACHINE:X86 "Debug\编写一个函数其功能是对正数x的值保留两位小数，并对第三位进行四舍五入.exe.embed.manifest.res"
         "Debug\编写一个函数其功能是对正数x的值保留两位小数，并对第三位进行四舍五入.obj"
       Manifest:
         C:\Program Files (x86)\Microsoft SDKs\Windows\v7.0A\bin\mt.exe /nologo /verbose /out:"Debug\编写一个函数其功能是对正数x的值保留两位小数，并对第三位进行四舍五入.exe.embed.manifest" /manifest "Debug\编写一个函数其功能是对正数x的值保留两位小数，并对第三位进行四舍五入.exe.intermediate.manifest"
         C:\Program Files (x86)\Microsoft SDKs\Windows\v7.0A\bin\rc.exe /nologo /fo"Debug\编写一个函数其功能是对正数x的值保留两位小数，并对第三位进行四舍五入.exe.embed.manifest.res" "Debug\编写一个函数其功能是对正数x的值保留两位小数，并对第三位进行四舍五入_manifest.rc" 
       LinkEmbedManifest:
         d:\Program Files (x86)\Microsoft Visual Studio 10.0\VC\bin\link.exe /ERRORREPORT:PROMPT /OUT:"E:\CProgram\编写一个函数其功能是对正数x的值保留两位小数，并对第三位进行四舍五入\Debug\编写一个函数其功能是对正数x的值保留两位小数，并对第三位进行四舍五入.exe" /INCREMENTAL /NOLOGO kernel32.lib user32.lib gdi32.lib winspool.lib comdlg32.lib advapi32.lib shell32.lib ole32.lib oleaut32.lib uuid.lib odbc32.lib odbccp32.lib /MANIFEST /ManifestFile:"Debug\编写一个函数其功能是对正数x的值保留两位小数，并对第三位进行四舍五入.exe.intermediate.manifest" /MANIFESTUAC:"level='asInvoker' uiAccess='false'" /DEBUG /PDB:"E:\CProgram\编写一个函数其功能是对正数x的值保留两位小数，并对第三位进行四舍五入\Debug\编写一个函数其功能是对正数x的值保留两位小数，并对第三位进行四舍五入.pdb" /SUBSYSTEM:CONSOLE /TLBID:1 /DYNAMICBASE /NXCOMPAT /IMPLIB:"E:\CProgram\编写一个函数其功能是对正数x的值保留两位小数，并对第三位进行四舍五入\Debug\编写一个函数其功能是对正数x的值保留两位小数，并对第三位进行四舍五入.lib" /MACHINE:X86 "Debug\编写一个函数其功能是对正数x的值保留两位小数，并对第三位进行四舍五入.exe.embed.manifest.res"
         "Debug\编写一个函数其功能是对正数x的值保留两位小数，并对第三位进行四舍五入.obj"
         编写一个函数其功能是对正数x的值保留两位小数，并对第三位进行四舍五入.vcxproj -> E:\CProgram\编写一个函数其功能是对正数x的值保留两位小数，并对第三位进行四舍五入\Debug\编写一个函数其功能是对正数x的值保留两位小数，并对第三位进行四舍五入.exe
       FinalizeBuildStatus:
         Deleting file "Debug\编写一个函数其功能是对正数x的值保留两位小数，并对第三位进行四舍五入.unsuccessfulbuild".
         Touching "Debug\编写一个函数其功能是对正数x的值保留两位小数，并对第三位进行四舍五入.lastbuildstate".
     1>Done Building Project "E:\CProgram\编写一个函数其功能是对正数x的值保留两位小数，并对第三位进行四舍五入\编写一个函数其功能是对正数x的值保留两位小数，并对第三位进行四舍五入\编写一个函数其功能是对正数x的值保留两位小数，并对第三位进行四舍五入.vcxproj" (build target(s)).

Build succeeded.

Time Elapsed 00:00:01.09
