Build started 2017-08-04  星期五 22:06:34.
     1>Project "E:\C程序\给出一个整数判断是几位数，分别输出每位数\给出一个整数判断是几位数，分别输出每位数\给出一个整数判断是几位数，分别输出每位数.vcxproj" on node 2 (build target(s)).
     1>PrepareForBuild:
         Creating directory "E:\C程序\给出一个整数判断是几位数，分别输出每位数\Debug\".
       InitializeBuildStatus:
         Creating "Debug\给出一个整数判断是几位数，分别输出每位数.unsuccessfulbuild" because "AlwaysCreate" was specified.
       ClCompile:
         d:\Program Files (x86)\Microsoft Visual Studio 10.0\VC\bin\CL.exe /c /ZI /nologo /W3 /WX- /Od /Oy- /D WIN32 /D _DEBUG /D _CONSOLE /D _UNICODE /D UNICODE /Gm /EHsc /RTC1 /MDd /GS /fp:precise /Zc:wchar_t /Zc:forScope /Fo"Debug\\" /Fd"Debug\vc100.pdb" /Gd /TC /analyze- /errorReport:prompt "给出一个数判断是几位数分别输出每位数.c"
         给出一个数判断是几位数分别输出每位数.c
     1>e:\c程序\给出一个整数判断是几位数，分别输出每位数\给出一个整数判断是几位数，分别输出每位数\给出一个数判断是几位数分别输出每位数.c(10): warning C4996: 'scanf': This function or variable may be unsafe. Consider using scanf_s instead. To disable deprecation, use _CRT_SECURE_NO_WARNINGS. See online help for details.
                 d:\program files (x86)\microsoft visual studio 10.0\vc\include\stdio.h(304) : see declaration of 'scanf'
       ManifestResourceCompile:
         C:\Program Files (x86)\Microsoft SDKs\Windows\v7.0A\bin\rc.exe /nologo /fo"Debug\给出一个整数判断是几位数，分别输出每位数.exe.embed.manifest.res" "Debug\给出一个整数判断是几位数，分别输出每位数_manifest.rc" 
       Link:
         d:\Program Files (x86)\Microsoft Visual Studio 10.0\VC\bin\link.exe /ERRORREPORT:PROMPT /OUT:"E:\C程序\给出一个整数判断是几位数，分别输出每位数\Debug\给出一个整数判断是几位数，分别输出每位数.exe" /INCREMENTAL /NOLOGO kernel32.lib user32.lib gdi32.lib winspool.lib comdlg32.lib advapi32.lib shell32.lib ole32.lib oleaut32.lib uuid.lib odbc32.lib odbccp32.lib /MANIFEST /ManifestFile:"Debug\给出一个整数判断是几位数，分别输出每位数.exe.intermediate.manifest" /MANIFESTUAC:"level='asInvoker' uiAccess='false'" /DEBUG /PDB:"E:\C程序\给出一个整数判断是几位数，分别输出每位数\Debug\给出一个整数判断是几位数，分别输出每位数.pdb" /SUBSYSTEM:CONSOLE /TLBID:1 /DYNAMICBASE /NXCOMPAT /IMPLIB:"E:\C程序\给出一个整数判断是几位数，分别输出每位数\Debug\给出一个整数判断是几位数，分别输出每位数.lib" /MACHINE:X86 "Debug\给出一个整数判断是几位数，分别输出每位数.exe.embed.manifest.res"
         "Debug\给出一个数判断是几位数分别输出每位数.obj"
       Manifest:
         C:\Program Files (x86)\Microsoft SDKs\Windows\v7.0A\bin\mt.exe /nologo /verbose /out:"Debug\给出一个整数判断是几位数，分别输出每位数.exe.embed.manifest" /manifest "Debug\给出一个整数判断是几位数，分别输出每位数.exe.intermediate.manifest"
         C:\Program Files (x86)\Microsoft SDKs\Windows\v7.0A\bin\rc.exe /nologo /fo"Debug\给出一个整数判断是几位数，分别输出每位数.exe.embed.manifest.res" "Debug\给出一个整数判断是几位数，分别输出每位数_manifest.rc" 
       LinkEmbedManifest:
         d:\Program Files (x86)\Microsoft Visual Studio 10.0\VC\bin\link.exe /ERRORREPORT:PROMPT /OUT:"E:\C程序\给出一个整数判断是几位数，分别输出每位数\Debug\给出一个整数判断是几位数，分别输出每位数.exe" /INCREMENTAL /NOLOGO kernel32.lib user32.lib gdi32.lib winspool.lib comdlg32.lib advapi32.lib shell32.lib ole32.lib oleaut32.lib uuid.lib odbc32.lib odbccp32.lib /MANIFEST /ManifestFile:"Debug\给出一个整数判断是几位数，分别输出每位数.exe.intermediate.manifest" /MANIFESTUAC:"level='asInvoker' uiAccess='false'" /DEBUG /PDB:"E:\C程序\给出一个整数判断是几位数，分别输出每位数\Debug\给出一个整数判断是几位数，分别输出每位数.pdb" /SUBSYSTEM:CONSOLE /TLBID:1 /DYNAMICBASE /NXCOMPAT /IMPLIB:"E:\C程序\给出一个整数判断是几位数，分别输出每位数\Debug\给出一个整数判断是几位数，分别输出每位数.lib" /MACHINE:X86 "Debug\给出一个整数判断是几位数，分别输出每位数.exe.embed.manifest.res"
         "Debug\给出一个数判断是几位数分别输出每位数.obj"
         给出一个整数判断是几位数，分别输出每位数.vcxproj -> E:\C程序\给出一个整数判断是几位数，分别输出每位数\Debug\给出一个整数判断是几位数，分别输出每位数.exe
       FinalizeBuildStatus:
         Deleting file "Debug\给出一个整数判断是几位数，分别输出每位数.unsuccessfulbuild".
         Touching "Debug\给出一个整数判断是几位数，分别输出每位数.lastbuildstate".
     1>Done Building Project "E:\C程序\给出一个整数判断是几位数，分别输出每位数\给出一个整数判断是几位数，分别输出每位数\给出一个整数判断是几位数，分别输出每位数.vcxproj" (build target(s)).

Build succeeded.

Time Elapsed 00:00:01.07
