C:\USERS\ADMINISTRATOR\DESKTOP\VS2010程序\ZWQ3.C\1_4X5矩阵.C\1_4X5矩阵.C\DEBUG\1_4X5矩阵.C.EXE.EMBED.MANIFEST
C:\USERS\ADMINISTRATOR\DESKTOP\VS2010程序\ZWQ3.C\1_4X5矩阵.C\1_4X5矩阵.C\DEBUG\1_4X5矩阵.C.EXE.EMBED.MANIFEST.RES
C:\USERS\ADMINISTRATOR\DESKTOP\VS2010程序\ZWQ3.C\1_4X5矩阵.C\1_4X5矩阵.C\DEBUG\1_4X5矩阵.C.EXE.INTERMEDIATE.MANIFEST
C:\USERS\ADMINISTRATOR\DESKTOP\VS2010程序\ZWQ3.C\1_4X5矩阵.C\1_4X5矩阵.C\DEBUG\1_4X5矩阵.OBJ
C:\USERS\ADMINISTRATOR\DESKTOP\VS2010程序\ZWQ3.C\1_4X5矩阵.C\1_4X5矩阵.C\DEBUG\VC100.PDB
C:\USERS\ADMINISTRATOR\DESKTOP\VS2010程序\ZWQ3.C\1_4X5矩阵.C\DEBUG\1_4X5矩阵.C.EXE
C:\USERS\ADMINISTRATOR\DESKTOP\VS2010程序\ZWQ3.C\1_4X5矩阵.C\DEBUG\1_4X5矩阵.C.ILK
C:\USERS\ADMINISTRATOR\DESKTOP\VS2010程序\ZWQ3.C\1_4X5矩阵.C\DEBUG\1_4X5矩阵.C.PDB
G:\C程序\1_4x5矩阵.c\1_4x5矩阵.c\Debug\1_4x5矩阵.c.exe.embed.manifest
G:\C程序\1_4x5矩阵.c\1_4x5矩阵.c\Debug\1_4x5矩阵.c.exe.embed.manifest.res
G:\C程序\1_4x5矩阵.c\1_4x5矩阵.c\Debug\1_4x5矩阵.c.exe.intermediate.manifest
G:\C程序\1_4x5矩阵.c\1_4x5矩阵.c\Debug\1_4x5矩阵.c.write.1.tlog
G:\C程序\1_4x5矩阵.c\1_4x5矩阵.c\Debug\1_4x5矩阵.c_manifest.rc
G:\C程序\1_4x5矩阵.c\1_4x5矩阵.c\Debug\1_4x5矩阵.obj
G:\C程序\1_4x5矩阵.c\1_4x5矩阵.c\Debug\cl.command.1.tlog
G:\C程序\1_4x5矩阵.c\1_4x5矩阵.c\Debug\CL.read.1.tlog
G:\C程序\1_4x5矩阵.c\1_4x5矩阵.c\Debug\CL.write.1.tlog
G:\C程序\1_4x5矩阵.c\1_4x5矩阵.c\Debug\link.7240.read.1.tlog
G:\C程序\1_4x5矩阵.c\1_4x5矩阵.c\Debug\link.7240.write.1.tlog
G:\C程序\1_4x5矩阵.c\1_4x5矩阵.c\Debug\link.7240-cvtres.read.1.tlog
G:\C程序\1_4x5矩阵.c\1_4x5矩阵.c\Debug\link.7240-cvtres.write.1.tlog
G:\C程序\1_4x5矩阵.c\1_4x5矩阵.c\Debug\link.command.1.tlog
G:\C程序\1_4x5矩阵.c\1_4x5矩阵.c\Debug\link.read.1.tlog
G:\C程序\1_4x5矩阵.c\1_4x5矩阵.c\Debug\link.write.1.tlog
G:\C程序\1_4x5矩阵.c\1_4x5矩阵.c\Debug\link-cvtres.read.1.tlog
G:\C程序\1_4x5矩阵.c\1_4x5矩阵.c\Debug\link-cvtres.write.1.tlog
G:\C程序\1_4x5矩阵.c\1_4x5矩阵.c\Debug\mt.command.1.tlog
G:\C程序\1_4x5矩阵.c\1_4x5矩阵.c\Debug\mt.read.1.tlog
G:\C程序\1_4x5矩阵.c\1_4x5矩阵.c\Debug\mt.write.1.tlog
G:\C程序\1_4x5矩阵.c\1_4x5矩阵.c\Debug\rc.command.1.tlog
G:\C程序\1_4x5矩阵.c\1_4x5矩阵.c\Debug\rc.read.1.tlog
G:\C程序\1_4x5矩阵.c\1_4x5矩阵.c\Debug\rc.write.1.tlog
G:\C程序\1_4x5矩阵.c\1_4x5矩阵.c\Debug\vc100.idb
G:\C程序\1_4x5矩阵.c\1_4x5矩阵.c\Debug\vc100.pdb
G:\C程序\1_4x5矩阵.c\Debug\1_4x5矩阵.c.exe
G:\C程序\1_4x5矩阵.c\Debug\1_4x5矩阵.c.ilk
G:\C程序\1_4x5矩阵.c\Debug\1_4x5矩阵.c.pdb
