Build started 2017-09-10  星期日 12:43:31.
     1>Project "E:\CProgram\1_4x5矩阵.c\1_4x5矩阵.c\1_4x5矩阵.c.vcxproj" on node 2 (build target(s)).
     1>InitializeBuildStatus:
         Creating "Debug\1_4x5矩阵.c.unsuccessfulbuild" because "AlwaysCreate" was specified.
       ClCompile:
         d:\Program Files (x86)\Microsoft Visual Studio 10.0\VC\bin\CL.exe /c /ZI /nologo /W3 /WX- /Od /Oy- /D WIN32 /D _DEBUG /D _CONSOLE /D _UNICODE /D UNICODE /Gm /EHsc /RTC1 /MDd /GS /fp:precise /Zc:wchar_t /Zc:forScope /Fo"Debug\\" /Fd"Debug\vc100.pdb" /Gd /TC /analyze- /errorReport:prompt "1_4x5矩阵.c"
         1_4x5矩阵.c
       ManifestResourceCompile:
         C:\Program Files (x86)\Microsoft SDKs\Windows\v7.0A\bin\rc.exe /nologo /fo"Debug\1_4x5矩阵.c.exe.embed.manifest.res" "Debug\1_4x5矩阵.c_manifest.rc" 
       Link:
         d:\Program Files (x86)\Microsoft Visual Studio 10.0\VC\bin\link.exe /ERRORREPORT:PROMPT /OUT:"E:\CProgram\1_4x5矩阵.c\Debug\1_4x5矩阵.c.exe" /INCREMENTAL /NOLOGO kernel32.lib user32.lib gdi32.lib winspool.lib comdlg32.lib advapi32.lib shell32.lib ole32.lib oleaut32.lib uuid.lib odbc32.lib odbccp32.lib /MANIFEST /ManifestFile:"Debug\1_4x5矩阵.c.exe.intermediate.manifest" /MANIFESTUAC:"level='asInvoker' uiAccess='false'" /DEBUG /PDB:"E:\CProgram\1_4x5矩阵.c\Debug\1_4x5矩阵.c.pdb" /SUBSYSTEM:CONSOLE /TLBID:1 /DYNAMICBASE /NXCOMPAT /IMPLIB:"E:\CProgram\1_4x5矩阵.c\Debug\1_4x5矩阵.c.lib" /MACHINE:X86 "Debug\1_4x5矩阵.c.exe.embed.manifest.res"
         "Debug\1_4x5矩阵.obj"
       Manifest:
         C:\Program Files (x86)\Microsoft SDKs\Windows\v7.0A\bin\mt.exe /nologo /verbose /out:"Debug\1_4x5矩阵.c.exe.embed.manifest" /manifest "Debug\1_4x5矩阵.c.exe.intermediate.manifest"
         All outputs are up-to-date.
       LinkEmbedManifest:
         All outputs are up-to-date.
         1_4x5矩阵.c.vcxproj -> E:\CProgram\1_4x5矩阵.c\Debug\1_4x5矩阵.c.exe
       FinalizeBuildStatus:
         Deleting file "Debug\1_4x5矩阵.c.unsuccessfulbuild".
         Touching "Debug\1_4x5矩阵.c.lastbuildstate".
     1>Done Building Project "E:\CProgram\1_4x5矩阵.c\1_4x5矩阵.c\1_4x5矩阵.c.vcxproj" (build target(s)).

Build succeeded.

Time Elapsed 00:00:02.57
