E:\C程序\第十章随机读写数据文件\DEBUG\第十章随机读写数据文件.EXE
E:\C程序\第十章随机读写数据文件\DEBUG\第十章随机读写数据文件.ILK
E:\C程序\第十章随机读写数据文件\DEBUG\第十章随机读写数据文件.PDB
E:\C程序\第十章随机读写数据文件\第十章随机读写数据文件\Debug\cl.command.1.tlog
E:\C程序\第十章随机读写数据文件\第十章随机读写数据文件\Debug\CL.read.1.tlog
E:\C程序\第十章随机读写数据文件\第十章随机读写数据文件\Debug\CL.write.1.tlog
E:\C程序\第十章随机读写数据文件\第十章随机读写数据文件\Debug\link.7700.read.1.tlog
E:\C程序\第十章随机读写数据文件\第十章随机读写数据文件\Debug\link.7700.write.1.tlog
E:\C程序\第十章随机读写数据文件\第十章随机读写数据文件\Debug\link.7700-cvtres.read.1.tlog
E:\C程序\第十章随机读写数据文件\第十章随机读写数据文件\Debug\link.7700-cvtres.write.1.tlog
E:\C程序\第十章随机读写数据文件\第十章随机读写数据文件\Debug\link.command.1.tlog
E:\C程序\第十章随机读写数据文件\第十章随机读写数据文件\Debug\link.read.1.tlog
E:\C程序\第十章随机读写数据文件\第十章随机读写数据文件\Debug\link.write.1.tlog
E:\C程序\第十章随机读写数据文件\第十章随机读写数据文件\Debug\link-cvtres.read.1.tlog
E:\C程序\第十章随机读写数据文件\第十章随机读写数据文件\Debug\link-cvtres.write.1.tlog
E:\C程序\第十章随机读写数据文件\第十章随机读写数据文件\Debug\mt.command.1.tlog
E:\C程序\第十章随机读写数据文件\第十章随机读写数据文件\Debug\mt.read.1.tlog
E:\C程序\第十章随机读写数据文件\第十章随机读写数据文件\Debug\mt.write.1.tlog
E:\C程序\第十章随机读写数据文件\第十章随机读写数据文件\Debug\rc.command.1.tlog
E:\C程序\第十章随机读写数据文件\第十章随机读写数据文件\Debug\rc.read.1.tlog
E:\C程序\第十章随机读写数据文件\第十章随机读写数据文件\Debug\rc.write.1.tlog
E:\C程序\第十章随机读写数据文件\第十章随机读写数据文件\Debug\vc100.idb
E:\C程序\第十章随机读写数据文件\第十章随机读写数据文件\DEBUG\VC100.PDB
E:\C程序\第十章随机读写数据文件\第十章随机读写数据文件\DEBUG\第十章随机读写数据文件.EXE.EMBED.MANIFEST
E:\C程序\第十章随机读写数据文件\第十章随机读写数据文件\DEBUG\第十章随机读写数据文件.EXE.EMBED.MANIFEST.RES
E:\C程序\第十章随机读写数据文件\第十章随机读写数据文件\DEBUG\第十章随机读写数据文件.EXE.INTERMEDIATE.MANIFEST
E:\C程序\第十章随机读写数据文件\第十章随机读写数据文件\DEBUG\第十章随机读写数据文件.OBJ
E:\C程序\第十章随机读写数据文件\第十章随机读写数据文件\Debug\第十章随机读写数据文件.write.1.tlog
E:\C程序\第十章随机读写数据文件\第十章随机读写数据文件\Debug\第十章随机读写数据文件_manifest.rc
