Build started 2017-07-31  星期一 18:36:19.
     1>Project "E:\C程序\第十章随机读写数据文件\第十章随机读写数据文件\第十章随机读写数据文件.vcxproj" on node 2 (build target(s)).
     1>InitializeBuildStatus:
         Creating "Debug\第十章随机读写数据文件.unsuccessfulbuild" because "AlwaysCreate" was specified.
       ClCompile:
         d:\Program Files (x86)\Microsoft Visual Studio 10.0\VC\bin\CL.exe /c /ZI /nologo /W3 /WX- /Od /Oy- /D WIN32 /D _DEBUG /D _CONSOLE /D _UNICODE /D UNICODE /Gm /EHsc /RTC1 /MDd /GS /fp:precise /Zc:wchar_t /Zc:forScope /Fo"Debug\\" /Fd"Debug\vc100.pdb" /Gd /TC /analyze- /errorReport:prompt "第十章随机读写数据文件.c"
         第十章随机读写数据文件.c
     1>e:\c程序\第十章随机读写数据文件\第十章随机读写数据文件\第十章随机读写数据文件.c(6): warning C4996: 'fopen': This function or variable may be unsafe. Consider using fopen_s instead. To disable deprecation, use _CRT_SECURE_NO_WARNINGS. See online help for details.
                 d:\program files (x86)\microsoft visual studio 10.0\vc\include\stdio.h(234) : see declaration of 'fopen'
     1>e:\c程序\第十章随机读写数据文件\第十章随机读写数据文件\第十章随机读写数据文件.c(7): warning C4996: 'fopen': This function or variable may be unsafe. Consider using fopen_s instead. To disable deprecation, use _CRT_SECURE_NO_WARNINGS. See online help for details.
                 d:\program files (x86)\microsoft visual studio 10.0\vc\include\stdio.h(234) : see declaration of 'fopen'
       ManifestResourceCompile:
         All outputs are up-to-date.
       Link:
         d:\Program Files (x86)\Microsoft Visual Studio 10.0\VC\bin\link.exe /ERRORREPORT:PROMPT /OUT:"E:\C程序\第十章随机读写数据文件\Debug\第十章随机读写数据文件.exe" /INCREMENTAL /NOLOGO kernel32.lib user32.lib gdi32.lib winspool.lib comdlg32.lib advapi32.lib shell32.lib ole32.lib oleaut32.lib uuid.lib odbc32.lib odbccp32.lib /MANIFEST /ManifestFile:"Debug\第十章随机读写数据文件.exe.intermediate.manifest" /MANIFESTUAC:"level='asInvoker' uiAccess='false'" /DEBUG /PDB:"E:\C程序\第十章随机读写数据文件\Debug\第十章随机读写数据文件.pdb" /SUBSYSTEM:CONSOLE /TLBID:1 /DYNAMICBASE /NXCOMPAT /IMPLIB:"E:\C程序\第十章随机读写数据文件\Debug\第十章随机读写数据文件.lib" /MACHINE:X86 "Debug\第十章随机读写数据文件.exe.embed.manifest.res"
         "Debug\第十章随机读写数据文件.obj"
       Manifest:
         C:\Program Files (x86)\Microsoft SDKs\Windows\v7.0A\bin\mt.exe /nologo /verbose /out:"Debug\第十章随机读写数据文件.exe.embed.manifest" /manifest "Debug\第十章随机读写数据文件.exe.intermediate.manifest"
         All outputs are up-to-date.
       LinkEmbedManifest:
         All outputs are up-to-date.
         第十章随机读写数据文件.vcxproj -> E:\C程序\第十章随机读写数据文件\Debug\第十章随机读写数据文件.exe
       FinalizeBuildStatus:
         Deleting file "Debug\第十章随机读写数据文件.unsuccessfulbuild".
         Touching "Debug\第十章随机读写数据文件.lastbuildstate".
     1>Done Building Project "E:\C程序\第十章随机读写数据文件\第十章随机读写数据文件\第十章随机读写数据文件.vcxproj" (build target(s)).

Build succeeded.

Time Elapsed 00:00:00.67
