Build started 2017-08-04  星期五 18:05:38.
     1>Project "E:\C程序\杨辉三角\杨辉三角\杨辉三角.vcxproj" on node 2 (build target(s)).
     1>PrepareForBuild:
         Creating directory "E:\C程序\杨辉三角\Debug\".
       InitializeBuildStatus:
         Creating "Debug\杨辉三角.unsuccessfulbuild" because "AlwaysCreate" was specified.
       ClCompile:
         d:\Program Files (x86)\Microsoft Visual Studio 10.0\VC\bin\CL.exe /c /ZI /nologo /W3 /WX- /Od /Oy- /D WIN32 /D _DEBUG /D _CONSOLE /D _UNICODE /D UNICODE /Gm /EHsc /RTC1 /MDd /GS /fp:precise /Zc:wchar_t /Zc:forScope /Fo"Debug\\" /Fd"Debug\vc100.pdb" /Gd /TC /analyze- /errorReport:prompt "杨辉三角.c"
         杨辉三角.c
       ManifestResourceCompile:
         C:\Program Files (x86)\Microsoft SDKs\Windows\v7.0A\bin\rc.exe /nologo /fo"Debug\杨辉三角.exe.embed.manifest.res" "Debug\杨辉三角_manifest.rc" 
       Link:
         d:\Program Files (x86)\Microsoft Visual Studio 10.0\VC\bin\link.exe /ERRORREPORT:PROMPT /OUT:"E:\C程序\杨辉三角\Debug\杨辉三角.exe" /INCREMENTAL /NOLOGO kernel32.lib user32.lib gdi32.lib winspool.lib comdlg32.lib advapi32.lib shell32.lib ole32.lib oleaut32.lib uuid.lib odbc32.lib odbccp32.lib /MANIFEST /ManifestFile:"Debug\杨辉三角.exe.intermediate.manifest" /MANIFESTUAC:"level='asInvoker' uiAccess='false'" /DEBUG /PDB:"E:\C程序\杨辉三角\Debug\杨辉三角.pdb" /SUBSYSTEM:CONSOLE /TLBID:1 /DYNAMICBASE /NXCOMPAT /IMPLIB:"E:\C程序\杨辉三角\Debug\杨辉三角.lib" /MACHINE:X86 "Debug\杨辉三角.exe.embed.manifest.res"
         "Debug\杨辉三角.obj"
       Manifest:
         C:\Program Files (x86)\Microsoft SDKs\Windows\v7.0A\bin\mt.exe /nologo /verbose /out:"Debug\杨辉三角.exe.embed.manifest" /manifest "Debug\杨辉三角.exe.intermediate.manifest"
         C:\Program Files (x86)\Microsoft SDKs\Windows\v7.0A\bin\rc.exe /nologo /fo"Debug\杨辉三角.exe.embed.manifest.res" "Debug\杨辉三角_manifest.rc" 
       LinkEmbedManifest:
         d:\Program Files (x86)\Microsoft Visual Studio 10.0\VC\bin\link.exe /ERRORREPORT:PROMPT /OUT:"E:\C程序\杨辉三角\Debug\杨辉三角.exe" /INCREMENTAL /NOLOGO kernel32.lib user32.lib gdi32.lib winspool.lib comdlg32.lib advapi32.lib shell32.lib ole32.lib oleaut32.lib uuid.lib odbc32.lib odbccp32.lib /MANIFEST /ManifestFile:"Debug\杨辉三角.exe.intermediate.manifest" /MANIFESTUAC:"level='asInvoker' uiAccess='false'" /DEBUG /PDB:"E:\C程序\杨辉三角\Debug\杨辉三角.pdb" /SUBSYSTEM:CONSOLE /TLBID:1 /DYNAMICBASE /NXCOMPAT /IMPLIB:"E:\C程序\杨辉三角\Debug\杨辉三角.lib" /MACHINE:X86 "Debug\杨辉三角.exe.embed.manifest.res"
         "Debug\杨辉三角.obj"
         杨辉三角.vcxproj -> E:\C程序\杨辉三角\Debug\杨辉三角.exe
       FinalizeBuildStatus:
         Deleting file "Debug\杨辉三角.unsuccessfulbuild".
         Touching "Debug\杨辉三角.lastbuildstate".
     1>Done Building Project "E:\C程序\杨辉三角\杨辉三角\杨辉三角.vcxproj" (build target(s)).

Build succeeded.

Time Elapsed 00:00:01.05
