Build started 2016/12/1 15:28:34.
     1>Project "C:\Users\Administrator\Desktop\vs2010程序\zwq3.c\18_实验报告五循环结构求和.c\18_实验报告五循环结构求和.c\18_实验报告五循环结构求和.c.vcxproj" on node 2 (build target(s)).
     1>PrepareForBuild:
         Creating directory "C:\Users\Administrator\Desktop\vs2010程序\zwq3.c\18_实验报告五循环结构求和.c\Debug\".
       InitializeBuildStatus:
         Creating "Debug\18_实验报告五循环结构求和.c.unsuccessfulbuild" because "AlwaysCreate" was specified.
       ClCompile:
         d:\Program Files (x86)\Microsoft Visual Studio 10.0\VC\bin\CL.exe /c /ZI /nologo /W3 /WX- /Od /Oy- /D WIN32 /D _DEBUG /D _CONSOLE /D _UNICODE /D UNICODE /Gm /EHsc /RTC1 /MDd /GS /fp:precise /Zc:wchar_t /Zc:forScope /Fo"Debug\\" /Fd"Debug\vc100.pdb" /Gd /TC /analyze- /errorReport:prompt "18_实验报告五循环结构求和.c"
         18_实验报告五循环结构求和.c
     1>c:\users\administrator\desktop\vs2010程序\zwq3.c\18_实验报告五循环结构求和.c\18_实验报告五循环结构求和.c\18_实验报告五循环结构求和.c(9): warning C4244: “=”: 从“float”转换到“int”，可能丢失数据
     1>c:\users\administrator\desktop\vs2010程序\zwq3.c\18_实验报告五循环结构求和.c\18_实验报告五循环结构求和.c\18_实验报告五循环结构求和.c(11): warning C4244: “=”: 从“int”转换到“float”，可能丢失数据
       ManifestResourceCompile:
         C:\Program Files (x86)\Microsoft SDKs\Windows\v7.0A\bin\rc.exe /nologo /fo"Debug\18_实验报告五循环结构求和.c.exe.embed.manifest.res" "Debug\18_实验报告五循环结构求和.c_manifest.rc" 
       Link:
         d:\Program Files (x86)\Microsoft Visual Studio 10.0\VC\bin\link.exe /ERRORREPORT:PROMPT /OUT:"C:\Users\Administrator\Desktop\vs2010程序\zwq3.c\18_实验报告五循环结构求和.c\Debug\18_实验报告五循环结构求和.c.exe" /INCREMENTAL /NOLOGO kernel32.lib user32.lib gdi32.lib winspool.lib comdlg32.lib advapi32.lib shell32.lib ole32.lib oleaut32.lib uuid.lib odbc32.lib odbccp32.lib /MANIFEST /ManifestFile:"Debug\18_实验报告五循环结构求和.c.exe.intermediate.manifest" /MANIFESTUAC:"level='asInvoker' uiAccess='false'" /DEBUG /PDB:"C:\Users\Administrator\Desktop\vs2010程序\zwq3.c\18_实验报告五循环结构求和.c\Debug\18_实验报告五循环结构求和.c.pdb" /SUBSYSTEM:CONSOLE /TLBID:1 /DYNAMICBASE /NXCOMPAT /IMPLIB:"C:\Users\Administrator\Desktop\vs2010程序\zwq3.c\18_实验报告五循环结构求和.c\Debug\18_实验报告五循环结构求和.c.lib" /MACHINE:X86 "Debug\18_实验报告五循环结构求和.c.exe.embed.manifest.res"
         "Debug\18_实验报告五循环结构求和.obj"
       Manifest:
         C:\Program Files (x86)\Microsoft SDKs\Windows\v7.0A\bin\mt.exe /nologo /verbose /out:"Debug\18_实验报告五循环结构求和.c.exe.embed.manifest" /manifest "Debug\18_实验报告五循环结构求和.c.exe.intermediate.manifest"
         C:\Program Files (x86)\Microsoft SDKs\Windows\v7.0A\bin\rc.exe /nologo /fo"Debug\18_实验报告五循环结构求和.c.exe.embed.manifest.res" "Debug\18_实验报告五循环结构求和.c_manifest.rc" 
       LinkEmbedManifest:
         d:\Program Files (x86)\Microsoft Visual Studio 10.0\VC\bin\link.exe /ERRORREPORT:PROMPT /OUT:"C:\Users\Administrator\Desktop\vs2010程序\zwq3.c\18_实验报告五循环结构求和.c\Debug\18_实验报告五循环结构求和.c.exe" /INCREMENTAL /NOLOGO kernel32.lib user32.lib gdi32.lib winspool.lib comdlg32.lib advapi32.lib shell32.lib ole32.lib oleaut32.lib uuid.lib odbc32.lib odbccp32.lib /MANIFEST /ManifestFile:"Debug\18_实验报告五循环结构求和.c.exe.intermediate.manifest" /MANIFESTUAC:"level='asInvoker' uiAccess='false'" /DEBUG /PDB:"C:\Users\Administrator\Desktop\vs2010程序\zwq3.c\18_实验报告五循环结构求和.c\Debug\18_实验报告五循环结构求和.c.pdb" /SUBSYSTEM:CONSOLE /TLBID:1 /DYNAMICBASE /NXCOMPAT /IMPLIB:"C:\Users\Administrator\Desktop\vs2010程序\zwq3.c\18_实验报告五循环结构求和.c\Debug\18_实验报告五循环结构求和.c.lib" /MACHINE:X86 "Debug\18_实验报告五循环结构求和.c.exe.embed.manifest.res"
         "Debug\18_实验报告五循环结构求和.obj"
         18_实验报告五循环结构求和.c.vcxproj -> C:\Users\Administrator\Desktop\vs2010程序\zwq3.c\18_实验报告五循环结构求和.c\Debug\18_实验报告五循环结构求和.c.exe
       FinalizeBuildStatus:
         Deleting file "Debug\18_实验报告五循环结构求和.c.unsuccessfulbuild".
         Touching "Debug\18_实验报告五循环结构求和.c.lastbuildstate".
     1>Done Building Project "C:\Users\Administrator\Desktop\vs2010程序\zwq3.c\18_实验报告五循环结构求和.c\18_实验报告五循环结构求和.c\18_实验报告五循环结构求和.c.vcxproj" (build target(s)).

Build succeeded.

Time Elapsed 00:00:01.82
