Build started 2017-08-06  星期日 15:01:59.
     1>Project "E:\C程序\57_第九章用指针处理链表\第九章用指针处理链表\第九章用指针处理链表.vcxproj" on node 2 (build target(s)).
     1>InitializeBuildStatus:
         Creating "Debug\第九章用指针处理链表.unsuccessfulbuild" because "AlwaysCreate" was specified.
       ClCompile:
         d:\Program Files (x86)\Microsoft Visual Studio 10.0\VC\bin\CL.exe /c /ZI /nologo /W3 /WX- /Od /Oy- /D WIN32 /D _DEBUG /D _CONSOLE /D _UNICODE /D UNICODE /Gm /EHsc /RTC1 /MDd /GS /fp:precise /Zc:wchar_t /Zc:forScope /Fo"Debug\\" /Fd"Debug\vc100.pdb" /Gd /TC /analyze- /errorReport:prompt "第九章用指针处理链表.c"
         第九章用指针处理链表.c
       ManifestResourceCompile:
         C:\Program Files (x86)\Microsoft SDKs\Windows\v7.0A\bin\rc.exe /nologo /fo"Debug\第九章用指针处理链表.exe.embed.manifest.res" "Debug\第九章用指针处理链表_manifest.rc" 
       Link:
         d:\Program Files (x86)\Microsoft Visual Studio 10.0\VC\bin\link.exe /ERRORREPORT:PROMPT /OUT:"E:\C程序\57_第九章用指针处理链表\Debug\第九章用指针处理链表.exe" /INCREMENTAL /NOLOGO kernel32.lib user32.lib gdi32.lib winspool.lib comdlg32.lib advapi32.lib shell32.lib ole32.lib oleaut32.lib uuid.lib odbc32.lib odbccp32.lib /MANIFEST /ManifestFile:"Debug\第九章用指针处理链表.exe.intermediate.manifest" /MANIFESTUAC:"level='asInvoker' uiAccess='false'" /DEBUG /PDB:"E:\C程序\57_第九章用指针处理链表\Debug\第九章用指针处理链表.pdb" /SUBSYSTEM:CONSOLE /TLBID:1 /DYNAMICBASE /NXCOMPAT /IMPLIB:"E:\C程序\57_第九章用指针处理链表\Debug\第九章用指针处理链表.lib" /MACHINE:X86 "Debug\第九章用指针处理链表.exe.embed.manifest.res"
         "Debug\第九章用指针处理链表.obj"
         LINK : E:\C程序\57_第九章用指针处理链表\Debug\第九章用指针处理链表.exe not found or not built by the last incremental link; performing full link
       Manifest:
         C:\Program Files (x86)\Microsoft SDKs\Windows\v7.0A\bin\mt.exe /nologo /verbose /out:"Debug\第九章用指针处理链表.exe.embed.manifest" /manifest "Debug\第九章用指针处理链表.exe.intermediate.manifest"
         All outputs are up-to-date.
       LinkEmbedManifest:
         All outputs are up-to-date.
         第九章用指针处理链表.vcxproj -> E:\C程序\57_第九章用指针处理链表\Debug\第九章用指针处理链表.exe
       FinalizeBuildStatus:
         Deleting file "Debug\第九章用指针处理链表.unsuccessfulbuild".
         Touching "Debug\第九章用指针处理链表.lastbuildstate".
     1>Done Building Project "E:\C程序\57_第九章用指针处理链表\第九章用指针处理链表\第九章用指针处理链表.vcxproj" (build target(s)).

Build succeeded.

Time Elapsed 00:00:02.84
