C:\USERS\ADMINISTRATOR\DESKTOP\VS2010程序\第九章用指针处理链表\DEBUG\第九章用指针处理链表.EXE
C:\USERS\ADMINISTRATOR\DESKTOP\VS2010程序\第九章用指针处理链表\DEBUG\第九章用指针处理链表.ILK
C:\USERS\ADMINISTRATOR\DESKTOP\VS2010程序\第九章用指针处理链表\DEBUG\第九章用指针处理链表.PDB
C:\Users\Administrator\Desktop\vs2010程序\第九章用指针处理链表\第九章用指针处理链表\Debug\cl.command.1.tlog
C:\Users\Administrator\Desktop\vs2010程序\第九章用指针处理链表\第九章用指针处理链表\Debug\CL.read.1.tlog
C:\Users\Administrator\Desktop\vs2010程序\第九章用指针处理链表\第九章用指针处理链表\Debug\CL.write.1.tlog
C:\Users\Administrator\Desktop\vs2010程序\第九章用指针处理链表\第九章用指针处理链表\Debug\link.7440.read.1.tlog
C:\Users\Administrator\Desktop\vs2010程序\第九章用指针处理链表\第九章用指针处理链表\Debug\link.7440.write.1.tlog
C:\Users\Administrator\Desktop\vs2010程序\第九章用指针处理链表\第九章用指针处理链表\Debug\link.7440-cvtres.read.1.tlog
C:\Users\Administrator\Desktop\vs2010程序\第九章用指针处理链表\第九章用指针处理链表\Debug\link.7440-cvtres.write.1.tlog
C:\Users\Administrator\Desktop\vs2010程序\第九章用指针处理链表\第九章用指针处理链表\Debug\link.command.1.tlog
C:\Users\Administrator\Desktop\vs2010程序\第九章用指针处理链表\第九章用指针处理链表\Debug\link.read.1.tlog
C:\Users\Administrator\Desktop\vs2010程序\第九章用指针处理链表\第九章用指针处理链表\Debug\link.write.1.tlog
C:\Users\Administrator\Desktop\vs2010程序\第九章用指针处理链表\第九章用指针处理链表\Debug\link-cvtres.read.1.tlog
C:\Users\Administrator\Desktop\vs2010程序\第九章用指针处理链表\第九章用指针处理链表\Debug\link-cvtres.write.1.tlog
C:\Users\Administrator\Desktop\vs2010程序\第九章用指针处理链表\第九章用指针处理链表\Debug\mt.command.1.tlog
C:\Users\Administrator\Desktop\vs2010程序\第九章用指针处理链表\第九章用指针处理链表\Debug\mt.read.1.tlog
C:\Users\Administrator\Desktop\vs2010程序\第九章用指针处理链表\第九章用指针处理链表\Debug\mt.write.1.tlog
C:\Users\Administrator\Desktop\vs2010程序\第九章用指针处理链表\第九章用指针处理链表\Debug\rc.command.1.tlog
C:\Users\Administrator\Desktop\vs2010程序\第九章用指针处理链表\第九章用指针处理链表\Debug\rc.read.1.tlog
C:\Users\Administrator\Desktop\vs2010程序\第九章用指针处理链表\第九章用指针处理链表\Debug\rc.write.1.tlog
C:\Users\Administrator\Desktop\vs2010程序\第九章用指针处理链表\第九章用指针处理链表\Debug\vc100.idb
C:\USERS\ADMINISTRATOR\DESKTOP\VS2010程序\第九章用指针处理链表\第九章用指针处理链表\DEBUG\VC100.PDB
C:\USERS\ADMINISTRATOR\DESKTOP\VS2010程序\第九章用指针处理链表\第九章用指针处理链表\DEBUG\第九章用指针处理链表.EXE.EMBED.MANIFEST
C:\USERS\ADMINISTRATOR\DESKTOP\VS2010程序\第九章用指针处理链表\第九章用指针处理链表\DEBUG\第九章用指针处理链表.EXE.EMBED.MANIFEST.RES
C:\USERS\ADMINISTRATOR\DESKTOP\VS2010程序\第九章用指针处理链表\第九章用指针处理链表\DEBUG\第九章用指针处理链表.EXE.INTERMEDIATE.MANIFEST
C:\USERS\ADMINISTRATOR\DESKTOP\VS2010程序\第九章用指针处理链表\第九章用指针处理链表\DEBUG\第九章用指针处理链表.OBJ
C:\Users\Administrator\Desktop\vs2010程序\第九章用指针处理链表\第九章用指针处理链表\Debug\第九章用指针处理链表.vcxprojResolveAssemblyReference.cache
C:\Users\Administrator\Desktop\vs2010程序\第九章用指针处理链表\第九章用指针处理链表\Debug\第九章用指针处理链表.write.1.tlog
C:\Users\Administrator\Desktop\vs2010程序\第九章用指针处理链表\第九章用指针处理链表\Debug\第九章用指针处理链表_manifest.rc
