C:\USERS\ADMINISTRATOR\DESKTOP\VS2010程序\ZWQ3.C\汉诺塔.C\DEBUG\汉诺塔.C.EXE
C:\USERS\ADMINISTRATOR\DESKTOP\VS2010程序\ZWQ3.C\汉诺塔.C\DEBUG\汉诺塔.C.ILK
C:\USERS\ADMINISTRATOR\DESKTOP\VS2010程序\ZWQ3.C\汉诺塔.C\DEBUG\汉诺塔.C.PDB
C:\USERS\ADMINISTRATOR\DESKTOP\VS2010程序\ZWQ3.C\汉诺塔.C\汉诺塔.C\DEBUG\VC100.PDB
C:\USERS\ADMINISTRATOR\DESKTOP\VS2010程序\ZWQ3.C\汉诺塔.C\汉诺塔.C\DEBUG\汉诺塔.C.EXE.EMBED.MANIFEST
C:\USERS\ADMINISTRATOR\DESKTOP\VS2010程序\ZWQ3.C\汉诺塔.C\汉诺塔.C\DEBUG\汉诺塔.C.EXE.EMBED.MANIFEST.RES
C:\USERS\ADMINISTRATOR\DESKTOP\VS2010程序\ZWQ3.C\汉诺塔.C\汉诺塔.C\DEBUG\汉诺塔.C.EXE.INTERMEDIATE.MANIFEST
C:\USERS\ADMINISTRATOR\DESKTOP\VS2010程序\ZWQ3.C\汉诺塔.C\汉诺塔.C\DEBUG\汉诺塔.OBJ
E:\C程序\32_第七章函数的递归调用汉诺塔.c\Debug\汉诺塔.c.exe
E:\C程序\32_第七章函数的递归调用汉诺塔.c\Debug\汉诺塔.c.ilk
E:\C程序\32_第七章函数的递归调用汉诺塔.c\Debug\汉诺塔.c.pdb
E:\C程序\32_第七章函数的递归调用汉诺塔.c\汉诺塔.c\Debug\cl.command.1.tlog
E:\C程序\32_第七章函数的递归调用汉诺塔.c\汉诺塔.c\Debug\CL.read.1.tlog
E:\C程序\32_第七章函数的递归调用汉诺塔.c\汉诺塔.c\Debug\CL.write.1.tlog
E:\C程序\32_第七章函数的递归调用汉诺塔.c\汉诺塔.c\Debug\link.4604.read.1.tlog
E:\C程序\32_第七章函数的递归调用汉诺塔.c\汉诺塔.c\Debug\link.4604.write.1.tlog
E:\C程序\32_第七章函数的递归调用汉诺塔.c\汉诺塔.c\Debug\link.4604-cvtres.read.1.tlog
E:\C程序\32_第七章函数的递归调用汉诺塔.c\汉诺塔.c\Debug\link.4604-cvtres.write.1.tlog
E:\C程序\32_第七章函数的递归调用汉诺塔.c\汉诺塔.c\Debug\link.command.1.tlog
E:\C程序\32_第七章函数的递归调用汉诺塔.c\汉诺塔.c\Debug\link.read.1.tlog
E:\C程序\32_第七章函数的递归调用汉诺塔.c\汉诺塔.c\Debug\link.write.1.tlog
E:\C程序\32_第七章函数的递归调用汉诺塔.c\汉诺塔.c\Debug\link-cvtres.read.1.tlog
E:\C程序\32_第七章函数的递归调用汉诺塔.c\汉诺塔.c\Debug\link-cvtres.write.1.tlog
E:\C程序\32_第七章函数的递归调用汉诺塔.c\汉诺塔.c\Debug\mt.command.1.tlog
E:\C程序\32_第七章函数的递归调用汉诺塔.c\汉诺塔.c\Debug\mt.read.1.tlog
E:\C程序\32_第七章函数的递归调用汉诺塔.c\汉诺塔.c\Debug\mt.write.1.tlog
E:\C程序\32_第七章函数的递归调用汉诺塔.c\汉诺塔.c\Debug\rc.command.1.tlog
E:\C程序\32_第七章函数的递归调用汉诺塔.c\汉诺塔.c\Debug\rc.read.1.tlog
E:\C程序\32_第七章函数的递归调用汉诺塔.c\汉诺塔.c\Debug\rc.write.1.tlog
E:\C程序\32_第七章函数的递归调用汉诺塔.c\汉诺塔.c\Debug\vc100.idb
E:\C程序\32_第七章函数的递归调用汉诺塔.c\汉诺塔.c\Debug\vc100.pdb
E:\C程序\32_第七章函数的递归调用汉诺塔.c\汉诺塔.c\Debug\汉诺塔.c.exe.embed.manifest
E:\C程序\32_第七章函数的递归调用汉诺塔.c\汉诺塔.c\Debug\汉诺塔.c.exe.embed.manifest.res
E:\C程序\32_第七章函数的递归调用汉诺塔.c\汉诺塔.c\Debug\汉诺塔.c.exe.intermediate.manifest
E:\C程序\32_第七章函数的递归调用汉诺塔.c\汉诺塔.c\Debug\汉诺塔.c.vcxprojResolveAssemblyReference.cache
E:\C程序\32_第七章函数的递归调用汉诺塔.c\汉诺塔.c\Debug\汉诺塔.c.write.1.tlog
E:\C程序\32_第七章函数的递归调用汉诺塔.c\汉诺塔.c\Debug\汉诺塔.c_manifest.rc
E:\C程序\32_第七章函数的递归调用汉诺塔.c\汉诺塔.c\Debug\汉诺塔.obj
