Build started 2016/12/1 23:35:11.
     1>Project "E:\C程序\32_第七章函数的递归调用汉诺塔.c\汉诺塔.c\汉诺塔.c.vcxproj" on node 2 (rebuild target(s)).
     1>_PrepareForClean:
         Deleting file "Debug\汉诺塔.c.lastbuildstate".
       InitializeBuildStatus:
         Creating "Debug\汉诺塔.c.unsuccessfulbuild" because "AlwaysCreate" was specified.
       ClCompile:
         d:\Program Files (x86)\Microsoft Visual Studio 10.0\VC\bin\CL.exe /c /ZI /nologo /W3 /WX- /Od /Oy- /D WIN32 /D _DEBUG /D _CONSOLE /D _UNICODE /D UNICODE /Gm /EHsc /RTC1 /MDd /GS /fp:precise /Zc:wchar_t /Zc:forScope /Fo"Debug\\" /Fd"Debug\vc100.pdb" /Gd /TC /analyze- /errorReport:prompt "汉诺塔.c"
         汉诺塔.c
     1>e:\c程序\32_第七章函数的递归调用汉诺塔.c\汉诺塔.c\汉诺塔.c(7): warning C4996: 'scanf': This function or variable may be unsafe. Consider using scanf_s instead. To disable deprecation, use _CRT_SECURE_NO_WARNINGS. See online help for details.
                 d:\program files (x86)\microsoft visual studio 10.0\vc\include\stdio.h(304) : see declaration of 'scanf'
       ManifestResourceCompile:
         C:\Program Files (x86)\Microsoft SDKs\Windows\v7.0A\bin\rc.exe /nologo /fo"Debug\汉诺塔.c.exe.embed.manifest.res" "Debug\汉诺塔.c_manifest.rc" 
       Link:
         d:\Program Files (x86)\Microsoft Visual Studio 10.0\VC\bin\link.exe /ERRORREPORT:PROMPT /OUT:"E:\C程序\32_第七章函数的递归调用汉诺塔.c\Debug\汉诺塔.c.exe" /INCREMENTAL /NOLOGO kernel32.lib user32.lib gdi32.lib winspool.lib comdlg32.lib advapi32.lib shell32.lib ole32.lib oleaut32.lib uuid.lib odbc32.lib odbccp32.lib /MANIFEST /ManifestFile:"Debug\汉诺塔.c.exe.intermediate.manifest" /MANIFESTUAC:"level='asInvoker' uiAccess='false'" /DEBUG /PDB:"E:\C程序\32_第七章函数的递归调用汉诺塔.c\Debug\汉诺塔.c.pdb" /SUBSYSTEM:CONSOLE /TLBID:1 /DYNAMICBASE /NXCOMPAT /IMPLIB:"E:\C程序\32_第七章函数的递归调用汉诺塔.c\Debug\汉诺塔.c.lib" /MACHINE:X86 "Debug\汉诺塔.c.exe.embed.manifest.res"
         "Debug\汉诺塔.obj"
       Manifest:
         Deleting file "Debug\汉诺塔.c.exe.embed.manifest".
         C:\Program Files (x86)\Microsoft SDKs\Windows\v7.0A\bin\mt.exe /nologo /verbose /out:"Debug\汉诺塔.c.exe.embed.manifest" /manifest "Debug\汉诺塔.c.exe.intermediate.manifest"
         C:\Program Files (x86)\Microsoft SDKs\Windows\v7.0A\bin\rc.exe /nologo /fo"Debug\汉诺塔.c.exe.embed.manifest.res" "Debug\汉诺塔.c_manifest.rc" 
       LinkEmbedManifest:
         d:\Program Files (x86)\Microsoft Visual Studio 10.0\VC\bin\link.exe /ERRORREPORT:PROMPT /OUT:"E:\C程序\32_第七章函数的递归调用汉诺塔.c\Debug\汉诺塔.c.exe" /INCREMENTAL /NOLOGO kernel32.lib user32.lib gdi32.lib winspool.lib comdlg32.lib advapi32.lib shell32.lib ole32.lib oleaut32.lib uuid.lib odbc32.lib odbccp32.lib /MANIFEST /ManifestFile:"Debug\汉诺塔.c.exe.intermediate.manifest" /MANIFESTUAC:"level='asInvoker' uiAccess='false'" /DEBUG /PDB:"E:\C程序\32_第七章函数的递归调用汉诺塔.c\Debug\汉诺塔.c.pdb" /SUBSYSTEM:CONSOLE /TLBID:1 /DYNAMICBASE /NXCOMPAT /IMPLIB:"E:\C程序\32_第七章函数的递归调用汉诺塔.c\Debug\汉诺塔.c.lib" /MACHINE:X86 "Debug\汉诺塔.c.exe.embed.manifest.res"
         "Debug\汉诺塔.obj"
         汉诺塔.c.vcxproj -> E:\C程序\32_第七章函数的递归调用汉诺塔.c\Debug\汉诺塔.c.exe
       FinalizeBuildStatus:
         Deleting file "Debug\汉诺塔.c.unsuccessfulbuild".
         Touching "Debug\汉诺塔.c.lastbuildstate".
     1>Done Building Project "E:\C程序\32_第七章函数的递归调用汉诺塔.c\汉诺塔.c\汉诺塔.c.vcxproj" (rebuild target(s)).

Build succeeded.

Time Elapsed 00:00:11.24
