Build started 2017-08-05  星期六 22:26:09.
     1>Project "E:\C程序\3x3整形矩阵对角线元素之和\3x3整形矩阵对角线元素之和\3x3整形矩阵对角线元素之和.vcxproj" on node 2 (build target(s)).
     1>PrepareForBuild:
         Creating directory "E:\C程序\3x3整形矩阵对角线元素之和\Debug\".
       InitializeBuildStatus:
         Creating "Debug\3x3整形矩阵对角线元素之和.unsuccessfulbuild" because "AlwaysCreate" was specified.
       ClCompile:
         d:\Program Files (x86)\Microsoft Visual Studio 10.0\VC\bin\CL.exe /c /ZI /nologo /W3 /WX- /Od /Oy- /D WIN32 /D _DEBUG /D _CONSOLE /D _UNICODE /D UNICODE /Gm /EHsc /RTC1 /MDd /GS /fp:precise /Zc:wchar_t /Zc:forScope /Fo"Debug\\" /Fd"Debug\vc100.pdb" /Gd /TC /analyze- /errorReport:prompt "3x3整形矩阵对角线元素之和.c"
         3x3整形矩阵对角线元素之和.c
     1>e:\c程序\3x3整形矩阵对角线元素之和\3x3整形矩阵对角线元素之和\3x3整形矩阵对角线元素之和.c(17): warning C4996: 'scanf': This function or variable may be unsafe. Consider using scanf_s instead. To disable deprecation, use _CRT_SECURE_NO_WARNINGS. See online help for details.
                 d:\program files (x86)\microsoft visual studio 10.0\vc\include\stdio.h(304) : see declaration of 'scanf'
       ManifestResourceCompile:
         C:\Program Files (x86)\Microsoft SDKs\Windows\v7.0A\bin\rc.exe /nologo /fo"Debug\3x3整形矩阵对角线元素之和.exe.embed.manifest.res" "Debug\3x3整形矩阵对角线元素之和_manifest.rc" 
       Link:
         d:\Program Files (x86)\Microsoft Visual Studio 10.0\VC\bin\link.exe /ERRORREPORT:PROMPT /OUT:"E:\C程序\3x3整形矩阵对角线元素之和\Debug\3x3整形矩阵对角线元素之和.exe" /INCREMENTAL /NOLOGO kernel32.lib user32.lib gdi32.lib winspool.lib comdlg32.lib advapi32.lib shell32.lib ole32.lib oleaut32.lib uuid.lib odbc32.lib odbccp32.lib /MANIFEST /ManifestFile:"Debug\3x3整形矩阵对角线元素之和.exe.intermediate.manifest" /MANIFESTUAC:"level='asInvoker' uiAccess='false'" /DEBUG /PDB:"E:\C程序\3x3整形矩阵对角线元素之和\Debug\3x3整形矩阵对角线元素之和.pdb" /SUBSYSTEM:CONSOLE /TLBID:1 /DYNAMICBASE /NXCOMPAT /IMPLIB:"E:\C程序\3x3整形矩阵对角线元素之和\Debug\3x3整形矩阵对角线元素之和.lib" /MACHINE:X86 "Debug\3x3整形矩阵对角线元素之和.exe.embed.manifest.res"
         "Debug\3x3整形矩阵对角线元素之和.obj"
       Manifest:
         C:\Program Files (x86)\Microsoft SDKs\Windows\v7.0A\bin\mt.exe /nologo /verbose /out:"Debug\3x3整形矩阵对角线元素之和.exe.embed.manifest" /manifest "Debug\3x3整形矩阵对角线元素之和.exe.intermediate.manifest"
         C:\Program Files (x86)\Microsoft SDKs\Windows\v7.0A\bin\rc.exe /nologo /fo"Debug\3x3整形矩阵对角线元素之和.exe.embed.manifest.res" "Debug\3x3整形矩阵对角线元素之和_manifest.rc" 
       LinkEmbedManifest:
         d:\Program Files (x86)\Microsoft Visual Studio 10.0\VC\bin\link.exe /ERRORREPORT:PROMPT /OUT:"E:\C程序\3x3整形矩阵对角线元素之和\Debug\3x3整形矩阵对角线元素之和.exe" /INCREMENTAL /NOLOGO kernel32.lib user32.lib gdi32.lib winspool.lib comdlg32.lib advapi32.lib shell32.lib ole32.lib oleaut32.lib uuid.lib odbc32.lib odbccp32.lib /MANIFEST /ManifestFile:"Debug\3x3整形矩阵对角线元素之和.exe.intermediate.manifest" /MANIFESTUAC:"level='asInvoker' uiAccess='false'" /DEBUG /PDB:"E:\C程序\3x3整形矩阵对角线元素之和\Debug\3x3整形矩阵对角线元素之和.pdb" /SUBSYSTEM:CONSOLE /TLBID:1 /DYNAMICBASE /NXCOMPAT /IMPLIB:"E:\C程序\3x3整形矩阵对角线元素之和\Debug\3x3整形矩阵对角线元素之和.lib" /MACHINE:X86 "Debug\3x3整形矩阵对角线元素之和.exe.embed.manifest.res"
         "Debug\3x3整形矩阵对角线元素之和.obj"
         3x3整形矩阵对角线元素之和.vcxproj -> E:\C程序\3x3整形矩阵对角线元素之和\Debug\3x3整形矩阵对角线元素之和.exe
       FinalizeBuildStatus:
         Deleting file "Debug\3x3整形矩阵对角线元素之和.unsuccessfulbuild".
         Touching "Debug\3x3整形矩阵对角线元素之和.lastbuildstate".
     1>Done Building Project "E:\C程序\3x3整形矩阵对角线元素之和\3x3整形矩阵对角线元素之和\3x3整形矩阵对角线元素之和.vcxproj" (build target(s)).

Build succeeded.

Time Elapsed 00:00:01.09
