Build started 2017/1/5 13:22:25.
     1>Project "E:\C程序\22_连续不断慢速输出.c\22_连续不断慢速输出.c\22_连续不断慢速输出.c.vcxproj" on node 2 (build target(s)).
     1>InitializeBuildStatus:
         Creating "Debug\22_连续不断慢速输出.c.unsuccessfulbuild" because "AlwaysCreate" was specified.
       ClCompile:
         d:\Program Files (x86)\Microsoft Visual Studio 10.0\VC\bin\CL.exe /c /ZI /nologo /W3 /WX- /Od /Oy- /D WIN32 /D _DEBUG /D _CONSOLE /D _UNICODE /D UNICODE /Gm /EHsc /RTC1 /MDd /GS /fp:precise /Zc:wchar_t /Zc:forScope /Fo"Debug\\" /Fd"Debug\vc100.pdb" /Gd /TC /analyze- /errorReport:prompt "22_连续不断慢速输出.c"
         22_连续不断慢速输出.c
       ManifestResourceCompile:
         C:\Program Files (x86)\Microsoft SDKs\Windows\v7.0A\bin\rc.exe /nologo /fo"Debug\22_连续不断慢速输出.c.exe.embed.manifest.res" "Debug\22_连续不断慢速输出.c_manifest.rc" 
       Link:
         d:\Program Files (x86)\Microsoft Visual Studio 10.0\VC\bin\link.exe /ERRORREPORT:PROMPT /OUT:"E:\C程序\22_连续不断慢速输出.c\Debug\22_连续不断慢速输出.c.exe" /INCREMENTAL /NOLOGO kernel32.lib user32.lib gdi32.lib winspool.lib comdlg32.lib advapi32.lib shell32.lib ole32.lib oleaut32.lib uuid.lib odbc32.lib odbccp32.lib /MANIFEST /ManifestFile:"Debug\22_连续不断慢速输出.c.exe.intermediate.manifest" /MANIFESTUAC:"level='asInvoker' uiAccess='false'" /DEBUG /PDB:"E:\C程序\22_连续不断慢速输出.c\Debug\22_连续不断慢速输出.c.pdb" /SUBSYSTEM:CONSOLE /TLBID:1 /DYNAMICBASE /NXCOMPAT /IMPLIB:"E:\C程序\22_连续不断慢速输出.c\Debug\22_连续不断慢速输出.c.lib" /MACHINE:X86 "Debug\22_连续不断慢速输出.c.exe.embed.manifest.res"
         "Debug\22_连续不断慢速输出.obj"
       Manifest:
         Deleting file "Debug\22_连续不断慢速输出.c.exe.embed.manifest".
         C:\Program Files (x86)\Microsoft SDKs\Windows\v7.0A\bin\mt.exe /nologo /verbose /out:"Debug\22_连续不断慢速输出.c.exe.embed.manifest" /manifest "Debug\22_连续不断慢速输出.c.exe.intermediate.manifest"
         C:\Program Files (x86)\Microsoft SDKs\Windows\v7.0A\bin\rc.exe /nologo /fo"Debug\22_连续不断慢速输出.c.exe.embed.manifest.res" "Debug\22_连续不断慢速输出.c_manifest.rc" 
       LinkEmbedManifest:
         d:\Program Files (x86)\Microsoft Visual Studio 10.0\VC\bin\link.exe /ERRORREPORT:PROMPT /OUT:"E:\C程序\22_连续不断慢速输出.c\Debug\22_连续不断慢速输出.c.exe" /INCREMENTAL /NOLOGO kernel32.lib user32.lib gdi32.lib winspool.lib comdlg32.lib advapi32.lib shell32.lib ole32.lib oleaut32.lib uuid.lib odbc32.lib odbccp32.lib /MANIFEST /ManifestFile:"Debug\22_连续不断慢速输出.c.exe.intermediate.manifest" /MANIFESTUAC:"level='asInvoker' uiAccess='false'" /DEBUG /PDB:"E:\C程序\22_连续不断慢速输出.c\Debug\22_连续不断慢速输出.c.pdb" /SUBSYSTEM:CONSOLE /TLBID:1 /DYNAMICBASE /NXCOMPAT /IMPLIB:"E:\C程序\22_连续不断慢速输出.c\Debug\22_连续不断慢速输出.c.lib" /MACHINE:X86 "Debug\22_连续不断慢速输出.c.exe.embed.manifest.res"
         "Debug\22_连续不断慢速输出.obj"
         22_连续不断慢速输出.c.vcxproj -> E:\C程序\22_连续不断慢速输出.c\Debug\22_连续不断慢速输出.c.exe
       FinalizeBuildStatus:
         Deleting file "Debug\22_连续不断慢速输出.c.unsuccessfulbuild".
         Touching "Debug\22_连续不断慢速输出.c.lastbuildstate".
     1>Done Building Project "E:\C程序\22_连续不断慢速输出.c\22_连续不断慢速输出.c\22_连续不断慢速输出.c.vcxproj" (build target(s)).

Build succeeded.

Time Elapsed 00:00:04.41
