Build started 2017-08-18  星期五 14:07:22.
     1>Project "E:\CProgram\3种方法实现3x3矩阵的转置\3种方法实现3x3矩阵的转置\3种方法实现3x3矩阵的转置.vcxproj" on node 2 (build target(s)).
     1>PrepareForBuild:
         Creating directory "E:\CProgram\3种方法实现3x3矩阵的转置\Debug\".
       InitializeBuildStatus:
         Creating "Debug\3种方法实现3x3矩阵的转置.unsuccessfulbuild" because "AlwaysCreate" was specified.
       ClCompile:
         d:\Program Files (x86)\Microsoft Visual Studio 10.0\VC\bin\CL.exe /c /ZI /nologo /W3 /WX- /Od /Oy- /D WIN32 /D _DEBUG /D _CONSOLE /D _UNICODE /D UNICODE /Gm /EHsc /RTC1 /MDd /GS /fp:precise /Zc:wchar_t /Zc:forScope /Fo"Debug\\" /Fd"Debug\vc100.pdb" /Gd /TC /analyze- /errorReport:prompt "3种方法实现3x3矩阵的转置.c"
         3种方法实现3x3矩阵的转置.c
     1>e:\cprogram\3种方法实现3x3矩阵的转置\3种方法实现3x3矩阵的转置\3种方法实现3x3矩阵的转置.c(74): warning C4101: 'p2' : unreferenced local variable
     1>e:\cprogram\3种方法实现3x3矩阵的转置\3种方法实现3x3矩阵的转置\3种方法实现3x3矩阵的转置.c(75): warning C4101: 'p3' : unreferenced local variable
     1>e:\cprogram\3种方法实现3x3矩阵的转置\3种方法实现3x3矩阵的转置\3种方法实现3x3矩阵的转置.c(73): warning C4101: 'p1' : unreferenced local variable
       ManifestResourceCompile:
         C:\Program Files (x86)\Microsoft SDKs\Windows\v7.0A\bin\rc.exe /nologo /fo"Debug\3种方法实现3x3矩阵的转置.exe.embed.manifest.res" "Debug\3种方法实现3x3矩阵的转置_manifest.rc" 
       Link:
         d:\Program Files (x86)\Microsoft Visual Studio 10.0\VC\bin\link.exe /ERRORREPORT:PROMPT /OUT:"E:\CProgram\3种方法实现3x3矩阵的转置\Debug\3种方法实现3x3矩阵的转置.exe" /INCREMENTAL /NOLOGO kernel32.lib user32.lib gdi32.lib winspool.lib comdlg32.lib advapi32.lib shell32.lib ole32.lib oleaut32.lib uuid.lib odbc32.lib odbccp32.lib /MANIFEST /ManifestFile:"Debug\3种方法实现3x3矩阵的转置.exe.intermediate.manifest" /MANIFESTUAC:"level='asInvoker' uiAccess='false'" /DEBUG /PDB:"E:\CProgram\3种方法实现3x3矩阵的转置\Debug\3种方法实现3x3矩阵的转置.pdb" /SUBSYSTEM:CONSOLE /TLBID:1 /DYNAMICBASE /NXCOMPAT /IMPLIB:"E:\CProgram\3种方法实现3x3矩阵的转置\Debug\3种方法实现3x3矩阵的转置.lib" /MACHINE:X86 "Debug\3种方法实现3x3矩阵的转置.exe.embed.manifest.res"
         "Debug\3种方法实现3x3矩阵的转置.obj"
       Manifest:
         C:\Program Files (x86)\Microsoft SDKs\Windows\v7.0A\bin\mt.exe /nologo /verbose /out:"Debug\3种方法实现3x3矩阵的转置.exe.embed.manifest" /manifest "Debug\3种方法实现3x3矩阵的转置.exe.intermediate.manifest"
         C:\Program Files (x86)\Microsoft SDKs\Windows\v7.0A\bin\rc.exe /nologo /fo"Debug\3种方法实现3x3矩阵的转置.exe.embed.manifest.res" "Debug\3种方法实现3x3矩阵的转置_manifest.rc" 
       LinkEmbedManifest:
         d:\Program Files (x86)\Microsoft Visual Studio 10.0\VC\bin\link.exe /ERRORREPORT:PROMPT /OUT:"E:\CProgram\3种方法实现3x3矩阵的转置\Debug\3种方法实现3x3矩阵的转置.exe" /INCREMENTAL /NOLOGO kernel32.lib user32.lib gdi32.lib winspool.lib comdlg32.lib advapi32.lib shell32.lib ole32.lib oleaut32.lib uuid.lib odbc32.lib odbccp32.lib /MANIFEST /ManifestFile:"Debug\3种方法实现3x3矩阵的转置.exe.intermediate.manifest" /MANIFESTUAC:"level='asInvoker' uiAccess='false'" /DEBUG /PDB:"E:\CProgram\3种方法实现3x3矩阵的转置\Debug\3种方法实现3x3矩阵的转置.pdb" /SUBSYSTEM:CONSOLE /TLBID:1 /DYNAMICBASE /NXCOMPAT /IMPLIB:"E:\CProgram\3种方法实现3x3矩阵的转置\Debug\3种方法实现3x3矩阵的转置.lib" /MACHINE:X86 "Debug\3种方法实现3x3矩阵的转置.exe.embed.manifest.res"
         "Debug\3种方法实现3x3矩阵的转置.obj"
         3种方法实现3x3矩阵的转置.vcxproj -> E:\CProgram\3种方法实现3x3矩阵的转置\Debug\3种方法实现3x3矩阵的转置.exe
       FinalizeBuildStatus:
         Deleting file "Debug\3种方法实现3x3矩阵的转置.unsuccessfulbuild".
         Touching "Debug\3种方法实现3x3矩阵的转置.lastbuildstate".
     1>Done Building Project "E:\CProgram\3种方法实现3x3矩阵的转置\3种方法实现3x3矩阵的转置\3种方法实现3x3矩阵的转置.vcxproj" (build target(s)).

Build succeeded.

Time Elapsed 00:00:01.26
