Build started 2016/12/1 14:54:13.
     1>Project "C:\Users\Administrator\Desktop\vs2010程序\zwq3.c\6_9x9乘法表右上三角.c\6_9x9乘法表右上三角.c\6_9x9乘法表右上三角.c.vcxproj" on node 2 (rebuild target(s)).
     1>_PrepareForClean:
         Deleting file "Debug\6_9x9乘法表右上三角.c.lastbuildstate".
       InitializeBuildStatus:
         Creating "Debug\6_9x9乘法表右上三角.c.unsuccessfulbuild" because "AlwaysCreate" was specified.
       ClCompile:
         d:\Program Files (x86)\Microsoft Visual Studio 10.0\VC\bin\CL.exe /c /ZI /nologo /W3 /WX- /Od /Oy- /D WIN32 /D _DEBUG /D _CONSOLE /D _UNICODE /D UNICODE /Gm /EHsc /RTC1 /MDd /GS /fp:precise /Zc:wchar_t /Zc:forScope /Fo"Debug\\" /Fd"Debug\vc100.pdb" /Gd /TC /analyze- /errorReport:prompt "6_9x9乘法表右上三角.c"
         6_9x9乘法表右上三角.c
       ManifestResourceCompile:
         C:\Program Files (x86)\Microsoft SDKs\Windows\v7.0A\bin\rc.exe /nologo /fo"Debug\6_9x9乘法表右上三角.c.exe.embed.manifest.res" "Debug\6_9x9乘法表右上三角.c_manifest.rc" 
       Link:
         d:\Program Files (x86)\Microsoft Visual Studio 10.0\VC\bin\link.exe /ERRORREPORT:PROMPT /OUT:"C:\Users\Administrator\Desktop\vs2010程序\zwq3.c\6_9x9乘法表右上三角.c\Debug\6_9x9乘法表右上三角.c.exe" /INCREMENTAL /NOLOGO kernel32.lib user32.lib gdi32.lib winspool.lib comdlg32.lib advapi32.lib shell32.lib ole32.lib oleaut32.lib uuid.lib odbc32.lib odbccp32.lib /MANIFEST /ManifestFile:"Debug\6_9x9乘法表右上三角.c.exe.intermediate.manifest" /MANIFESTUAC:"level='asInvoker' uiAccess='false'" /DEBUG /PDB:"C:\Users\Administrator\Desktop\vs2010程序\zwq3.c\6_9x9乘法表右上三角.c\Debug\6_9x9乘法表右上三角.c.pdb" /SUBSYSTEM:CONSOLE /TLBID:1 /DYNAMICBASE /NXCOMPAT /IMPLIB:"C:\Users\Administrator\Desktop\vs2010程序\zwq3.c\6_9x9乘法表右上三角.c\Debug\6_9x9乘法表右上三角.c.lib" /MACHINE:X86 "Debug\6_9x9乘法表右上三角.c.exe.embed.manifest.res"
         "Debug\6_9x9乘法表右上三角.obj"
       Manifest:
         Deleting file "Debug\6_9x9乘法表右上三角.c.exe.embed.manifest".
         C:\Program Files (x86)\Microsoft SDKs\Windows\v7.0A\bin\mt.exe /nologo /verbose /out:"Debug\6_9x9乘法表右上三角.c.exe.embed.manifest" /manifest "Debug\6_9x9乘法表右上三角.c.exe.intermediate.manifest"
         C:\Program Files (x86)\Microsoft SDKs\Windows\v7.0A\bin\rc.exe /nologo /fo"Debug\6_9x9乘法表右上三角.c.exe.embed.manifest.res" "Debug\6_9x9乘法表右上三角.c_manifest.rc" 
       LinkEmbedManifest:
         d:\Program Files (x86)\Microsoft Visual Studio 10.0\VC\bin\link.exe /ERRORREPORT:PROMPT /OUT:"C:\Users\Administrator\Desktop\vs2010程序\zwq3.c\6_9x9乘法表右上三角.c\Debug\6_9x9乘法表右上三角.c.exe" /INCREMENTAL /NOLOGO kernel32.lib user32.lib gdi32.lib winspool.lib comdlg32.lib advapi32.lib shell32.lib ole32.lib oleaut32.lib uuid.lib odbc32.lib odbccp32.lib /MANIFEST /ManifestFile:"Debug\6_9x9乘法表右上三角.c.exe.intermediate.manifest" /MANIFESTUAC:"level='asInvoker' uiAccess='false'" /DEBUG /PDB:"C:\Users\Administrator\Desktop\vs2010程序\zwq3.c\6_9x9乘法表右上三角.c\Debug\6_9x9乘法表右上三角.c.pdb" /SUBSYSTEM:CONSOLE /TLBID:1 /DYNAMICBASE /NXCOMPAT /IMPLIB:"C:\Users\Administrator\Desktop\vs2010程序\zwq3.c\6_9x9乘法表右上三角.c\Debug\6_9x9乘法表右上三角.c.lib" /MACHINE:X86 "Debug\6_9x9乘法表右上三角.c.exe.embed.manifest.res"
         "Debug\6_9x9乘法表右上三角.obj"
         6_9x9乘法表右上三角.c.vcxproj -> C:\Users\Administrator\Desktop\vs2010程序\zwq3.c\6_9x9乘法表右上三角.c\Debug\6_9x9乘法表右上三角.c.exe
       FinalizeBuildStatus:
         Deleting file "Debug\6_9x9乘法表右上三角.c.unsuccessfulbuild".
         Touching "Debug\6_9x9乘法表右上三角.c.lastbuildstate".
     1>Done Building Project "C:\Users\Administrator\Desktop\vs2010程序\zwq3.c\6_9x9乘法表右上三角.c\6_9x9乘法表右上三角.c\6_9x9乘法表右上三角.c.vcxproj" (rebuild target(s)).

Build succeeded.

Time Elapsed 00:00:01.82
