C:\USERS\ADMINISTRATOR\DESKTOP\VS2010程序\ZWQ3.C\6_9X9乘法表右上三角.C\6_9X9乘法表右上三角.C\DEBUG\6_9X9乘法表右上三角.C.EXE.EMBED.MANIFEST
C:\USERS\ADMINISTRATOR\DESKTOP\VS2010程序\ZWQ3.C\6_9X9乘法表右上三角.C\6_9X9乘法表右上三角.C\DEBUG\6_9X9乘法表右上三角.C.EXE.EMBED.MANIFEST.RES
C:\USERS\ADMINISTRATOR\DESKTOP\VS2010程序\ZWQ3.C\6_9X9乘法表右上三角.C\6_9X9乘法表右上三角.C\DEBUG\6_9X9乘法表右上三角.C.EXE.INTERMEDIATE.MANIFEST
C:\Users\Administrator\Desktop\vs2010程序\zwq3.c\6_9x9乘法表右上三角.c\6_9x9乘法表右上三角.c\Debug\6_9x9乘法表右上三角.c.write.1.tlog
C:\Users\Administrator\Desktop\vs2010程序\zwq3.c\6_9x9乘法表右上三角.c\6_9x9乘法表右上三角.c\Debug\6_9x9乘法表右上三角.c_manifest.rc
C:\USERS\ADMINISTRATOR\DESKTOP\VS2010程序\ZWQ3.C\6_9X9乘法表右上三角.C\6_9X9乘法表右上三角.C\DEBUG\6_9X9乘法表右上三角.OBJ
C:\Users\Administrator\Desktop\vs2010程序\zwq3.c\6_9x9乘法表右上三角.c\6_9x9乘法表右上三角.c\Debug\cl.command.1.tlog
C:\Users\Administrator\Desktop\vs2010程序\zwq3.c\6_9x9乘法表右上三角.c\6_9x9乘法表右上三角.c\Debug\CL.read.1.tlog
C:\Users\Administrator\Desktop\vs2010程序\zwq3.c\6_9x9乘法表右上三角.c\6_9x9乘法表右上三角.c\Debug\CL.write.1.tlog
C:\Users\Administrator\Desktop\vs2010程序\zwq3.c\6_9x9乘法表右上三角.c\6_9x9乘法表右上三角.c\Debug\link.6236.read.1.tlog
C:\Users\Administrator\Desktop\vs2010程序\zwq3.c\6_9x9乘法表右上三角.c\6_9x9乘法表右上三角.c\Debug\link.6236.write.1.tlog
C:\Users\Administrator\Desktop\vs2010程序\zwq3.c\6_9x9乘法表右上三角.c\6_9x9乘法表右上三角.c\Debug\link.6236-cvtres.read.1.tlog
C:\Users\Administrator\Desktop\vs2010程序\zwq3.c\6_9x9乘法表右上三角.c\6_9x9乘法表右上三角.c\Debug\link.6236-cvtres.write.1.tlog
C:\Users\Administrator\Desktop\vs2010程序\zwq3.c\6_9x9乘法表右上三角.c\6_9x9乘法表右上三角.c\Debug\link.command.1.tlog
C:\Users\Administrator\Desktop\vs2010程序\zwq3.c\6_9x9乘法表右上三角.c\6_9x9乘法表右上三角.c\Debug\link.read.1.tlog
C:\Users\Administrator\Desktop\vs2010程序\zwq3.c\6_9x9乘法表右上三角.c\6_9x9乘法表右上三角.c\Debug\link.write.1.tlog
C:\Users\Administrator\Desktop\vs2010程序\zwq3.c\6_9x9乘法表右上三角.c\6_9x9乘法表右上三角.c\Debug\link-cvtres.read.1.tlog
C:\Users\Administrator\Desktop\vs2010程序\zwq3.c\6_9x9乘法表右上三角.c\6_9x9乘法表右上三角.c\Debug\link-cvtres.write.1.tlog
C:\Users\Administrator\Desktop\vs2010程序\zwq3.c\6_9x9乘法表右上三角.c\6_9x9乘法表右上三角.c\Debug\mt.command.1.tlog
C:\Users\Administrator\Desktop\vs2010程序\zwq3.c\6_9x9乘法表右上三角.c\6_9x9乘法表右上三角.c\Debug\mt.read.1.tlog
C:\Users\Administrator\Desktop\vs2010程序\zwq3.c\6_9x9乘法表右上三角.c\6_9x9乘法表右上三角.c\Debug\mt.write.1.tlog
C:\Users\Administrator\Desktop\vs2010程序\zwq3.c\6_9x9乘法表右上三角.c\6_9x9乘法表右上三角.c\Debug\rc.command.1.tlog
C:\Users\Administrator\Desktop\vs2010程序\zwq3.c\6_9x9乘法表右上三角.c\6_9x9乘法表右上三角.c\Debug\rc.read.1.tlog
C:\Users\Administrator\Desktop\vs2010程序\zwq3.c\6_9x9乘法表右上三角.c\6_9x9乘法表右上三角.c\Debug\rc.write.1.tlog
C:\Users\Administrator\Desktop\vs2010程序\zwq3.c\6_9x9乘法表右上三角.c\6_9x9乘法表右上三角.c\Debug\vc100.idb
C:\USERS\ADMINISTRATOR\DESKTOP\VS2010程序\ZWQ3.C\6_9X9乘法表右上三角.C\6_9X9乘法表右上三角.C\DEBUG\VC100.PDB
C:\USERS\ADMINISTRATOR\DESKTOP\VS2010程序\ZWQ3.C\6_9X9乘法表右上三角.C\DEBUG\6_9X9乘法表右上三角.C.EXE
C:\USERS\ADMINISTRATOR\DESKTOP\VS2010程序\ZWQ3.C\6_9X9乘法表右上三角.C\DEBUG\6_9X9乘法表右上三角.C.ILK
C:\USERS\ADMINISTRATOR\DESKTOP\VS2010程序\ZWQ3.C\6_9X9乘法表右上三角.C\DEBUG\6_9X9乘法表右上三角.C.PDB
