Build started 2017/2/4 11:45:18.
     1>Project "C:\Users\Administrator\Desktop\vs2010程序\第九章共用体\第九章共用体\第九章共用体.vcxproj" on node 2 (rebuild target(s)).
     1>PrepareForBuild:
         Creating directory "C:\Users\Administrator\Desktop\vs2010程序\第九章共用体\Debug\".
       InitializeBuildStatus:
         Creating "Debug\第九章共用体.unsuccessfulbuild" because "AlwaysCreate" was specified.
       ClCompile:
         d:\Program Files (x86)\Microsoft Visual Studio 10.0\VC\bin\CL.exe /c /ZI /nologo /W3 /WX- /Od /Oy- /D WIN32 /D _DEBUG /D _CONSOLE /D _UNICODE /D UNICODE /Gm /EHsc /RTC1 /MDd /GS /fp:precise /Zc:wchar_t /Zc:forScope /Fo"Debug\\" /Fd"Debug\vc100.pdb" /Gd /TC /analyze- /errorReport:prompt "第九章共用体.c"
         第九章共用体.c
     1>c:\users\administrator\desktop\vs2010程序\第九章共用体\第九章共用体\第九章共用体.c(21): warning C4996: 'scanf': This function or variable may be unsafe. Consider using scanf_s instead. To disable deprecation, use _CRT_SECURE_NO_WARNINGS. See online help for details.
                 d:\program files (x86)\microsoft visual studio 10.0\vc\include\stdio.h(304) : see declaration of 'scanf'
     1>c:\users\administrator\desktop\vs2010程序\第九章共用体\第九章共用体\第九章共用体.c(23): warning C4996: 'scanf': This function or variable may be unsafe. Consider using scanf_s instead. To disable deprecation, use _CRT_SECURE_NO_WARNINGS. See online help for details.
                 d:\program files (x86)\microsoft visual studio 10.0\vc\include\stdio.h(304) : see declaration of 'scanf'
     1>c:\users\administrator\desktop\vs2010程序\第九章共用体\第九章共用体\第九章共用体.c(25): warning C4996: 'scanf': This function or variable may be unsafe. Consider using scanf_s instead. To disable deprecation, use _CRT_SECURE_NO_WARNINGS. See online help for details.
                 d:\program files (x86)\microsoft visual studio 10.0\vc\include\stdio.h(304) : see declaration of 'scanf'
       ManifestResourceCompile:
         C:\Program Files (x86)\Microsoft SDKs\Windows\v7.0A\bin\rc.exe /nologo /fo"Debug\第九章共用体.exe.embed.manifest.res" "Debug\第九章共用体_manifest.rc" 
       Link:
         d:\Program Files (x86)\Microsoft Visual Studio 10.0\VC\bin\link.exe /ERRORREPORT:PROMPT /OUT:"C:\Users\Administrator\Desktop\vs2010程序\第九章共用体\Debug\第九章共用体.exe" /INCREMENTAL /NOLOGO kernel32.lib user32.lib gdi32.lib winspool.lib comdlg32.lib advapi32.lib shell32.lib ole32.lib oleaut32.lib uuid.lib odbc32.lib odbccp32.lib /MANIFEST /ManifestFile:"Debug\第九章共用体.exe.intermediate.manifest" /MANIFESTUAC:"level='asInvoker' uiAccess='false'" /DEBUG /PDB:"C:\Users\Administrator\Desktop\vs2010程序\第九章共用体\Debug\第九章共用体.pdb" /SUBSYSTEM:CONSOLE /TLBID:1 /DYNAMICBASE /NXCOMPAT /IMPLIB:"C:\Users\Administrator\Desktop\vs2010程序\第九章共用体\Debug\第九章共用体.lib" /MACHINE:X86 "Debug\第九章共用体.exe.embed.manifest.res"
         "Debug\第九章共用体.obj"
       Manifest:
         Deleting file "Debug\第九章共用体.exe.embed.manifest".
         C:\Program Files (x86)\Microsoft SDKs\Windows\v7.0A\bin\mt.exe /nologo /verbose /out:"Debug\第九章共用体.exe.embed.manifest" /manifest "Debug\第九章共用体.exe.intermediate.manifest"
         C:\Program Files (x86)\Microsoft SDKs\Windows\v7.0A\bin\rc.exe /nologo /fo"Debug\第九章共用体.exe.embed.manifest.res" "Debug\第九章共用体_manifest.rc" 
       LinkEmbedManifest:
         d:\Program Files (x86)\Microsoft Visual Studio 10.0\VC\bin\link.exe /ERRORREPORT:PROMPT /OUT:"C:\Users\Administrator\Desktop\vs2010程序\第九章共用体\Debug\第九章共用体.exe" /INCREMENTAL /NOLOGO kernel32.lib user32.lib gdi32.lib winspool.lib comdlg32.lib advapi32.lib shell32.lib ole32.lib oleaut32.lib uuid.lib odbc32.lib odbccp32.lib /MANIFEST /ManifestFile:"Debug\第九章共用体.exe.intermediate.manifest" /MANIFESTUAC:"level='asInvoker' uiAccess='false'" /DEBUG /PDB:"C:\Users\Administrator\Desktop\vs2010程序\第九章共用体\Debug\第九章共用体.pdb" /SUBSYSTEM:CONSOLE /TLBID:1 /DYNAMICBASE /NXCOMPAT /IMPLIB:"C:\Users\Administrator\Desktop\vs2010程序\第九章共用体\Debug\第九章共用体.lib" /MACHINE:X86 "Debug\第九章共用体.exe.embed.manifest.res"
         "Debug\第九章共用体.obj"
         第九章共用体.vcxproj -> C:\Users\Administrator\Desktop\vs2010程序\第九章共用体\Debug\第九章共用体.exe
       FinalizeBuildStatus:
         Deleting file "Debug\第九章共用体.unsuccessfulbuild".
         Touching "Debug\第九章共用体.lastbuildstate".
     1>Done Building Project "C:\Users\Administrator\Desktop\vs2010程序\第九章共用体\第九章共用体\第九章共用体.vcxproj" (rebuild target(s)).

Build succeeded.

Time Elapsed 00:00:00.86
