Build started 2017-08-04  星期五 21:15:24.
     1>Project "E:\C程序\平行四边形\平行四边形\平行四边形.vcxproj" on node 2 (build target(s)).
     1>PrepareForBuild:
         Creating directory "E:\C程序\平行四边形\Debug\".
       InitializeBuildStatus:
         Creating "Debug\平行四边形.unsuccessfulbuild" because "AlwaysCreate" was specified.
       ClCompile:
         d:\Program Files (x86)\Microsoft Visual Studio 10.0\VC\bin\CL.exe /c /ZI /nologo /W3 /WX- /Od /Oy- /D WIN32 /D _DEBUG /D _CONSOLE /D _UNICODE /D UNICODE /Gm /EHsc /RTC1 /MDd /GS /fp:precise /Zc:wchar_t /Zc:forScope /Fo"Debug\\" /Fd"Debug\vc100.pdb" /Gd /TC /analyze- /errorReport:prompt "平行四边形.c"
         平行四边形.c
       ManifestResourceCompile:
         C:\Program Files (x86)\Microsoft SDKs\Windows\v7.0A\bin\rc.exe /nologo /fo"Debug\平行四边形.exe.embed.manifest.res" "Debug\平行四边形_manifest.rc" 
       Link:
         d:\Program Files (x86)\Microsoft Visual Studio 10.0\VC\bin\link.exe /ERRORREPORT:PROMPT /OUT:"E:\C程序\平行四边形\Debug\平行四边形.exe" /INCREMENTAL /NOLOGO kernel32.lib user32.lib gdi32.lib winspool.lib comdlg32.lib advapi32.lib shell32.lib ole32.lib oleaut32.lib uuid.lib odbc32.lib odbccp32.lib /MANIFEST /ManifestFile:"Debug\平行四边形.exe.intermediate.manifest" /MANIFESTUAC:"level='asInvoker' uiAccess='false'" /DEBUG /PDB:"E:\C程序\平行四边形\Debug\平行四边形.pdb" /SUBSYSTEM:CONSOLE /TLBID:1 /DYNAMICBASE /NXCOMPAT /IMPLIB:"E:\C程序\平行四边形\Debug\平行四边形.lib" /MACHINE:X86 "Debug\平行四边形.exe.embed.manifest.res"
         "Debug\平行四边形.obj"
       Manifest:
         C:\Program Files (x86)\Microsoft SDKs\Windows\v7.0A\bin\mt.exe /nologo /verbose /out:"Debug\平行四边形.exe.embed.manifest" /manifest "Debug\平行四边形.exe.intermediate.manifest"
         C:\Program Files (x86)\Microsoft SDKs\Windows\v7.0A\bin\rc.exe /nologo /fo"Debug\平行四边形.exe.embed.manifest.res" "Debug\平行四边形_manifest.rc" 
       LinkEmbedManifest:
         d:\Program Files (x86)\Microsoft Visual Studio 10.0\VC\bin\link.exe /ERRORREPORT:PROMPT /OUT:"E:\C程序\平行四边形\Debug\平行四边形.exe" /INCREMENTAL /NOLOGO kernel32.lib user32.lib gdi32.lib winspool.lib comdlg32.lib advapi32.lib shell32.lib ole32.lib oleaut32.lib uuid.lib odbc32.lib odbccp32.lib /MANIFEST /ManifestFile:"Debug\平行四边形.exe.intermediate.manifest" /MANIFESTUAC:"level='asInvoker' uiAccess='false'" /DEBUG /PDB:"E:\C程序\平行四边形\Debug\平行四边形.pdb" /SUBSYSTEM:CONSOLE /TLBID:1 /DYNAMICBASE /NXCOMPAT /IMPLIB:"E:\C程序\平行四边形\Debug\平行四边形.lib" /MACHINE:X86 "Debug\平行四边形.exe.embed.manifest.res"
         "Debug\平行四边形.obj"
         平行四边形.vcxproj -> E:\C程序\平行四边形\Debug\平行四边形.exe
       FinalizeBuildStatus:
         Deleting file "Debug\平行四边形.unsuccessfulbuild".
         Touching "Debug\平行四边形.lastbuildstate".
     1>Done Building Project "E:\C程序\平行四边形\平行四边形\平行四边形.vcxproj" (build target(s)).

Build succeeded.

Time Elapsed 00:00:01.23
