e:\cprogram\数字钟\数字钟\debug\数字钟.obj
e:\cprogram\数字钟\数字钟\debug\vc100.pdb
e:\cprogram\数字钟\debug\数字钟.ilk
e:\cprogram\数字钟\debug\数字钟.exe
e:\cprogram\数字钟\数字钟\debug\数字钟.exe.intermediate.manifest
e:\cprogram\数字钟\debug\数字钟.pdb
e:\cprogram\数字钟\数字钟\debug\数字钟.exe.embed.manifest
e:\cprogram\数字钟\数字钟\debug\数字钟.exe.embed.manifest.res
e:\cprogram\数字钟\数字钟\debug\数字钟.vcxprojresolveassemblyreference.cache
e:\cprogram\数字钟\数字钟\debug\cl.command.1.tlog
e:\cprogram\数字钟\数字钟\debug\cl.read.1.tlog
e:\cprogram\数字钟\数字钟\debug\cl.write.1.tlog
e:\cprogram\数字钟\数字钟\debug\link-cvtres.read.1.tlog
e:\cprogram\数字钟\数字钟\debug\link-cvtres.write.1.tlog
e:\cprogram\数字钟\数字钟\debug\link.4536-cvtres.read.1.tlog
e:\cprogram\数字钟\数字钟\debug\link.4536-cvtres.write.1.tlog
e:\cprogram\数字钟\数字钟\debug\link.4536.read.1.tlog
e:\cprogram\数字钟\数字钟\debug\link.4536.write.1.tlog
e:\cprogram\数字钟\数字钟\debug\link.command.1.tlog
e:\cprogram\数字钟\数字钟\debug\link.read.1.tlog
e:\cprogram\数字钟\数字钟\debug\link.write.1.tlog
e:\cprogram\数字钟\数字钟\debug\mt.command.1.tlog
e:\cprogram\数字钟\数字钟\debug\mt.read.1.tlog
e:\cprogram\数字钟\数字钟\debug\mt.write.1.tlog
e:\cprogram\数字钟\数字钟\debug\rc.command.1.tlog
e:\cprogram\数字钟\数字钟\debug\rc.read.1.tlog
e:\cprogram\数字钟\数字钟\debug\rc.write.1.tlog
e:\cprogram\数字钟\数字钟\debug\数字钟.write.1.tlog
e:\cprogram\数字钟\数字钟\debug\vc100.idb
e:\cprogram\数字钟\数字钟\debug\数字钟_manifest.rc
