C:\USERS\ADMINISTRATOR\DESKTOP\VS2010程序\ZWQ3.C\9_菱形.C\9_菱形.C\DEBUG\9_菱形.C.EXE.EMBED.MANIFEST
C:\USERS\ADMINISTRATOR\DESKTOP\VS2010程序\ZWQ3.C\9_菱形.C\9_菱形.C\DEBUG\9_菱形.C.EXE.EMBED.MANIFEST.RES
C:\USERS\ADMINISTRATOR\DESKTOP\VS2010程序\ZWQ3.C\9_菱形.C\9_菱形.C\DEBUG\9_菱形.C.EXE.INTERMEDIATE.MANIFEST
C:\USERS\ADMINISTRATOR\DESKTOP\VS2010程序\ZWQ3.C\9_菱形.C\9_菱形.C\DEBUG\9_菱形.OBJ
C:\USERS\ADMINISTRATOR\DESKTOP\VS2010程序\ZWQ3.C\9_菱形.C\9_菱形.C\DEBUG\VC100.PDB
C:\USERS\ADMINISTRATOR\DESKTOP\VS2010程序\ZWQ3.C\9_菱形.C\DEBUG\9_菱形.C.EXE
C:\USERS\ADMINISTRATOR\DESKTOP\VS2010程序\ZWQ3.C\9_菱形.C\DEBUG\9_菱形.C.ILK
C:\USERS\ADMINISTRATOR\DESKTOP\VS2010程序\ZWQ3.C\9_菱形.C\DEBUG\9_菱形.C.PDB
H:\C程序\9_菱形.c\9_菱形.c\Debug\9_菱形.c.exe.embed.manifest
H:\C程序\9_菱形.c\9_菱形.c\Debug\9_菱形.c.exe.embed.manifest.res
H:\C程序\9_菱形.c\9_菱形.c\Debug\9_菱形.c.exe.intermediate.manifest
H:\C程序\9_菱形.c\9_菱形.c\Debug\9_菱形.c.write.1.tlog
H:\C程序\9_菱形.c\9_菱形.c\Debug\9_菱形.c_manifest.rc
H:\C程序\9_菱形.c\9_菱形.c\Debug\9_菱形.obj
H:\C程序\9_菱形.c\9_菱形.c\Debug\cl.command.1.tlog
H:\C程序\9_菱形.c\9_菱形.c\Debug\CL.read.1.tlog
H:\C程序\9_菱形.c\9_菱形.c\Debug\CL.write.1.tlog
H:\C程序\9_菱形.c\9_菱形.c\Debug\link.1036.read.1.tlog
H:\C程序\9_菱形.c\9_菱形.c\Debug\link.1036.write.1.tlog
H:\C程序\9_菱形.c\9_菱形.c\Debug\link.1036-cvtres.read.1.tlog
H:\C程序\9_菱形.c\9_菱形.c\Debug\link.1036-cvtres.write.1.tlog
H:\C程序\9_菱形.c\9_菱形.c\Debug\link.command.1.tlog
H:\C程序\9_菱形.c\9_菱形.c\Debug\link.read.1.tlog
H:\C程序\9_菱形.c\9_菱形.c\Debug\link.write.1.tlog
H:\C程序\9_菱形.c\9_菱形.c\Debug\link-cvtres.read.1.tlog
H:\C程序\9_菱形.c\9_菱形.c\Debug\link-cvtres.write.1.tlog
H:\C程序\9_菱形.c\9_菱形.c\Debug\mt.command.1.tlog
H:\C程序\9_菱形.c\9_菱形.c\Debug\mt.read.1.tlog
H:\C程序\9_菱形.c\9_菱形.c\Debug\mt.write.1.tlog
H:\C程序\9_菱形.c\9_菱形.c\Debug\rc.command.1.tlog
H:\C程序\9_菱形.c\9_菱形.c\Debug\rc.read.1.tlog
H:\C程序\9_菱形.c\9_菱形.c\Debug\rc.write.1.tlog
H:\C程序\9_菱形.c\9_菱形.c\Debug\vc100.idb
H:\C程序\9_菱形.c\9_菱形.c\Debug\vc100.pdb
H:\C程序\9_菱形.c\Debug\9_菱形.c.exe
H:\C程序\9_菱形.c\Debug\9_菱形.c.ilk
H:\C程序\9_菱形.c\Debug\9_菱形.c.pdb
