e:\c程序\2_9x9乘法表1.c\9x9乘法表.c\debug\9x9乘法表.obj
e:\c程序\2_9x9乘法表1.c\9x9乘法表.c\debug\vc100.pdb
e:\c程序\2_9x9乘法表1.c\debug\9x9乘法表.c.ilk
e:\c程序\2_9x9乘法表1.c\debug\9x9乘法表.c.exe
e:\c程序\2_9x9乘法表1.c\9x9乘法表.c\debug\9x9乘法表.c.exe.intermediate.manifest
e:\c程序\2_9x9乘法表1.c\debug\9x9乘法表.c.pdb
e:\c程序\2_9x9乘法表1.c\9x9乘法表.c\debug\9x9乘法表.c.exe.embed.manifest
e:\c程序\2_9x9乘法表1.c\9x9乘法表.c\debug\9x9乘法表.c.exe.embed.manifest.res
e:\cprogram\2_9x9乘法表1.c\9x9乘法表.c\debug\2.obj
e:\cprogram\2_9x9乘法表1.c\9x9乘法表.c\debug\9x9乘法表.obj
e:\cprogram\2_9x9乘法表1.c\9x9乘法表.c\debug\2.ilk
e:\cprogram\2_9x9乘法表1.c\9x9乘法表.c\debug\9x9乘法表.ilk
e:\cprogram\2_9x9乘法表1.c\9x9乘法表.c\debug\9x9乘法表.c.write.1.tlog
e:\cprogram\2_9x9乘法表1.c\9x9乘法表.c\debug\cl.command.1.tlog
e:\cprogram\2_9x9乘法表1.c\9x9乘法表.c\debug\cl.read.1.tlog
e:\cprogram\2_9x9乘法表1.c\9x9乘法表.c\debug\cl.write.1.tlog
e:\cprogram\2_9x9乘法表1.c\9x9乘法表.c\debug\link-cvtres.read.1.tlog
e:\cprogram\2_9x9乘法表1.c\9x9乘法表.c\debug\link-cvtres.write.1.tlog
e:\cprogram\2_9x9乘法表1.c\9x9乘法表.c\debug\link.6692-cvtres.read.1.tlog
e:\cprogram\2_9x9乘法表1.c\9x9乘法表.c\debug\link.6692-cvtres.write.1.tlog
e:\cprogram\2_9x9乘法表1.c\9x9乘法表.c\debug\link.6692.read.1.tlog
e:\cprogram\2_9x9乘法表1.c\9x9乘法表.c\debug\link.6692.write.1.tlog
e:\cprogram\2_9x9乘法表1.c\9x9乘法表.c\debug\link.command.1.tlog
e:\cprogram\2_9x9乘法表1.c\9x9乘法表.c\debug\link.read.1.tlog
e:\cprogram\2_9x9乘法表1.c\9x9乘法表.c\debug\link.write.1.tlog
e:\cprogram\2_9x9乘法表1.c\9x9乘法表.c\debug\mt.command.1.tlog
e:\cprogram\2_9x9乘法表1.c\9x9乘法表.c\debug\mt.read.1.tlog
e:\cprogram\2_9x9乘法表1.c\9x9乘法表.c\debug\mt.write.1.tlog
e:\cprogram\2_9x9乘法表1.c\9x9乘法表.c\debug\rc.command.1.tlog
e:\cprogram\2_9x9乘法表1.c\9x9乘法表.c\debug\rc.read.1.tlog
e:\cprogram\2_9x9乘法表1.c\9x9乘法表.c\debug\rc.write.1.tlog
e:\cprogram\2_9x9乘法表1.c\9x9乘法表.c\debug\9x9乘法表.c.exe.embed.manifest
e:\cprogram\2_9x9乘法表1.c\9x9乘法表.c\debug\9x9乘法表.c.exe.intermediate.manifest
e:\cprogram\2_9x9乘法表1.c\9x9乘法表.c\debug\9x9乘法表.c.exe.embed.manifest.res
e:\cprogram\2_9x9乘法表1.c\9x9乘法表.c\debug\2.pch
e:\cprogram\2_9x9乘法表1.c\9x9乘法表.c\debug\9x9乘法表.pch
e:\cprogram\2_9x9乘法表1.c\9x9乘法表.c\debug\vc100.idb
e:\cprogram\2_9x9乘法表1.c\9x9乘法表.c\debug\vc60.idb
e:\cprogram\2_9x9乘法表1.c\9x9乘法表.c\debug\2.pdb
e:\cprogram\2_9x9乘法表1.c\9x9乘法表.c\debug\9x9乘法表.pdb
e:\cprogram\2_9x9乘法表1.c\9x9乘法表.c\debug\vc100.pdb
e:\cprogram\2_9x9乘法表1.c\9x9乘法表.c\debug\vc60.pdb
e:\cprogram\2_9x9乘法表1.c\9x9乘法表.c\debug\9x9乘法表.c_manifest.rc
e:\cprogram\2_9x9乘法表1.c\debug\9x9乘法表.c.pdb
e:\cprogram\2_9x9乘法表1.c\debug\9x9乘法表.c.exe
e:\cprogram\2_9x9乘法表1.c\debug\9x9乘法表.c.ilk
