Build started 2017/2/5 23:05:24.
     1>Project "C:\Users\Administrator\Desktop\vs2010程序\第九章结构体数组\第九章结构体数组\第九章结构体数组.vcxproj" on node 2 (build target(s)).
     1>InitializeBuildStatus:
         Creating "Debug\第九章结构体数组.unsuccessfulbuild" because "AlwaysCreate" was specified.
       ClCompile:
         d:\Program Files (x86)\Microsoft Visual Studio 10.0\VC\bin\CL.exe /c /ZI /nologo /W3 /WX- /Od /Oy- /D WIN32 /D _DEBUG /D _CONSOLE /D _UNICODE /D UNICODE /Gm /EHsc /RTC1 /MDd /GS /fp:precise /Zc:wchar_t /Zc:forScope /Fo"Debug\\" /Fd"Debug\vc100.pdb" /Gd /TC /analyze- /errorReport:prompt "第九章结构体数组.c"
         第九章结构体数组.c
     1>c:\users\administrator\desktop\vs2010程序\第九章结构体数组\第九章结构体数组\第九章结构体数组.c(32): warning C4996: 'scanf': This function or variable may be unsafe. Consider using scanf_s instead. To disable deprecation, use _CRT_SECURE_NO_WARNINGS. See online help for details.
                 d:\program files (x86)\microsoft visual studio 10.0\vc\include\stdio.h(304) : see declaration of 'scanf'
     1>c:\users\administrator\desktop\vs2010程序\第九章结构体数组\第九章结构体数组\第九章结构体数组.c(33): warning C4244: '=' : conversion from 'double' to 'float', possible loss of data
     1>c:\users\administrator\desktop\vs2010程序\第九章结构体数组\第九章结构体数组\第九章结构体数组.c(46): warning C4715: 'max' : not all control paths return a value
       ManifestResourceCompile:
         All outputs are up-to-date.
       Link:
         d:\Program Files (x86)\Microsoft Visual Studio 10.0\VC\bin\link.exe /ERRORREPORT:PROMPT /OUT:"C:\Users\Administrator\Desktop\vs2010程序\第九章结构体数组\Debug\第九章结构体数组.exe" /INCREMENTAL /NOLOGO kernel32.lib user32.lib gdi32.lib winspool.lib comdlg32.lib advapi32.lib shell32.lib ole32.lib oleaut32.lib uuid.lib odbc32.lib odbccp32.lib /MANIFEST /ManifestFile:"Debug\第九章结构体数组.exe.intermediate.manifest" /MANIFESTUAC:"level='asInvoker' uiAccess='false'" /DEBUG /PDB:"C:\Users\Administrator\Desktop\vs2010程序\第九章结构体数组\Debug\第九章结构体数组.pdb" /SUBSYSTEM:CONSOLE /TLBID:1 /DYNAMICBASE /NXCOMPAT /IMPLIB:"C:\Users\Administrator\Desktop\vs2010程序\第九章结构体数组\Debug\第九章结构体数组.lib" /MACHINE:X86 "Debug\第九章结构体数组.exe.embed.manifest.res"
         "Debug\第九章结构体数组.obj"
       Manifest:
         C:\Program Files (x86)\Microsoft SDKs\Windows\v7.0A\bin\mt.exe /nologo /verbose /out:"Debug\第九章结构体数组.exe.embed.manifest" /manifest "Debug\第九章结构体数组.exe.intermediate.manifest"
         All outputs are up-to-date.
       LinkEmbedManifest:
         All outputs are up-to-date.
         第九章结构体数组.vcxproj -> C:\Users\Administrator\Desktop\vs2010程序\第九章结构体数组\Debug\第九章结构体数组.exe
       FinalizeBuildStatus:
         Deleting file "Debug\第九章结构体数组.unsuccessfulbuild".
         Touching "Debug\第九章结构体数组.lastbuildstate".
     1>Done Building Project "C:\Users\Administrator\Desktop\vs2010程序\第九章结构体数组\第九章结构体数组\第九章结构体数组.vcxproj" (build target(s)).

Build succeeded.

Time Elapsed 00:00:00.48
