C:\USERS\ADMINISTRATOR\DESKTOP\VS2010程序\课本例子\DEBUG\课本例子.EXE
C:\USERS\ADMINISTRATOR\DESKTOP\VS2010程序\课本例子\DEBUG\课本例子.ILK
C:\USERS\ADMINISTRATOR\DESKTOP\VS2010程序\课本例子\DEBUG\课本例子.PDB
C:\USERS\ADMINISTRATOR\DESKTOP\VS2010程序\课本例子\课本例子\DEBUG\VC100.PDB
C:\USERS\ADMINISTRATOR\DESKTOP\VS2010程序\课本例子\课本例子\DEBUG\课本例子.EXE.EMBED.MANIFEST
C:\USERS\ADMINISTRATOR\DESKTOP\VS2010程序\课本例子\课本例子\DEBUG\课本例子.EXE.EMBED.MANIFEST.RES
C:\USERS\ADMINISTRATOR\DESKTOP\VS2010程序\课本例子\课本例子\DEBUG\课本例子.EXE.INTERMEDIATE.MANIFEST
C:\USERS\ADMINISTRATOR\DESKTOP\VS2010程序\课本例子\课本例子\DEBUG\课本例子.OBJ
E:\C程序\51_课本例子\Debug\课本例子.exe
E:\C程序\51_课本例子\Debug\课本例子.ilk
E:\C程序\51_课本例子\Debug\课本例子.pdb
E:\C程序\51_课本例子\课本例子\Debug\cl.command.1.tlog
E:\C程序\51_课本例子\课本例子\Debug\CL.read.1.tlog
E:\C程序\51_课本例子\课本例子\Debug\CL.write.1.tlog
E:\C程序\51_课本例子\课本例子\Debug\link.6556.read.1.tlog
E:\C程序\51_课本例子\课本例子\Debug\link.6556.write.1.tlog
E:\C程序\51_课本例子\课本例子\Debug\link.6556-cvtres.read.1.tlog
E:\C程序\51_课本例子\课本例子\Debug\link.6556-cvtres.write.1.tlog
E:\C程序\51_课本例子\课本例子\Debug\link.command.1.tlog
E:\C程序\51_课本例子\课本例子\Debug\link.read.1.tlog
E:\C程序\51_课本例子\课本例子\Debug\link.write.1.tlog
E:\C程序\51_课本例子\课本例子\Debug\link-cvtres.read.1.tlog
E:\C程序\51_课本例子\课本例子\Debug\link-cvtres.write.1.tlog
E:\C程序\51_课本例子\课本例子\Debug\mt.command.1.tlog
E:\C程序\51_课本例子\课本例子\Debug\mt.read.1.tlog
E:\C程序\51_课本例子\课本例子\Debug\mt.write.1.tlog
E:\C程序\51_课本例子\课本例子\Debug\rc.command.1.tlog
E:\C程序\51_课本例子\课本例子\Debug\rc.read.1.tlog
E:\C程序\51_课本例子\课本例子\Debug\rc.write.1.tlog
E:\C程序\51_课本例子\课本例子\Debug\vc100.idb
E:\C程序\51_课本例子\课本例子\Debug\vc100.pdb
E:\C程序\51_课本例子\课本例子\Debug\课本例子.exe.embed.manifest
E:\C程序\51_课本例子\课本例子\Debug\课本例子.exe.embed.manifest.res
E:\C程序\51_课本例子\课本例子\Debug\课本例子.exe.intermediate.manifest
E:\C程序\51_课本例子\课本例子\Debug\课本例子.obj
E:\C程序\51_课本例子\课本例子\Debug\课本例子.write.1.tlog
E:\C程序\51_课本例子\课本例子\Debug\课本例子_manifest.rc
