Build started 2016/12/15 23:04:05.
     1>Project "C:\Users\Administrator\Desktop\vs2010程序\实验报告六(4)\实验报告六(4)\实验报告六(4).vcxproj" on node 2 (build target(s)).
     1>InitializeBuildStatus:
         Creating "Debug\实验报告六(4).unsuccessfulbuild" because "AlwaysCreate" was specified.
       ClCompile:
         d:\Program Files (x86)\Microsoft Visual Studio 10.0\VC\bin\CL.exe /c /ZI /nologo /W3 /WX- /Od /Oy- /D WIN32 /D _DEBUG /D _CONSOLE /D _UNICODE /D UNICODE /Gm /EHsc /RTC1 /MDd /GS /fp:precise /Zc:wchar_t /Zc:forScope /Fo"Debug\\" /Fd"Debug\vc100.pdb" /Gd /TC /analyze- /errorReport:prompt "实验报告六(4).c"
         实验报告六(4).c
     1>c:\users\administrator\desktop\vs2010程序\实验报告六(4)\实验报告六(4)\实验报告六(4).c(7): warning C4996: 'scanf': This function or variable may be unsafe. Consider using scanf_s instead. To disable deprecation, use _CRT_SECURE_NO_WARNINGS. See online help for details.
                 d:\program files (x86)\microsoft visual studio 10.0\vc\include\stdio.h(304) : see declaration of 'scanf'
       ManifestResourceCompile:
         All outputs are up-to-date.
       Link:
         d:\Program Files (x86)\Microsoft Visual Studio 10.0\VC\bin\link.exe /ERRORREPORT:PROMPT /OUT:"C:\Users\Administrator\Desktop\vs2010程序\实验报告六(4)\Debug\实验报告六(4).exe" /INCREMENTAL /NOLOGO kernel32.lib user32.lib gdi32.lib winspool.lib comdlg32.lib advapi32.lib shell32.lib ole32.lib oleaut32.lib uuid.lib odbc32.lib odbccp32.lib /MANIFEST /ManifestFile:"Debug\实验报告六(4).exe.intermediate.manifest" /MANIFESTUAC:"level='asInvoker' uiAccess='false'" /DEBUG /PDB:"C:\Users\Administrator\Desktop\vs2010程序\实验报告六(4)\Debug\实验报告六(4).pdb" /SUBSYSTEM:CONSOLE /TLBID:1 /DYNAMICBASE /NXCOMPAT /IMPLIB:"C:\Users\Administrator\Desktop\vs2010程序\实验报告六(4)\Debug\实验报告六(4).lib" /MACHINE:X86 "Debug\实验报告六(4).exe.embed.manifest.res"
         "Debug\实验报告六(4).obj"
       Manifest:
         C:\Program Files (x86)\Microsoft SDKs\Windows\v7.0A\bin\mt.exe /nologo /verbose /out:"Debug\实验报告六(4).exe.embed.manifest" /manifest "Debug\实验报告六(4).exe.intermediate.manifest"
         All outputs are up-to-date.
       LinkEmbedManifest:
         All outputs are up-to-date.
         实验报告六(4).vcxproj -> C:\Users\Administrator\Desktop\vs2010程序\实验报告六(4)\Debug\实验报告六(4).exe
       FinalizeBuildStatus:
         Deleting file "Debug\实验报告六(4).unsuccessfulbuild".
         Touching "Debug\实验报告六(4).lastbuildstate".
     1>Done Building Project "C:\Users\Administrator\Desktop\vs2010程序\实验报告六(4)\实验报告六(4)\实验报告六(4).vcxproj" (build target(s)).

Build succeeded.

Time Elapsed 00:00:01.20
