E:\C程序\17_实验报告五求1！+2！++5！.C\17_实验报告五求1！+2！++5！.C\DEBUG\17_实验报告五求1！+2！++5！.C.EXE.EMBED.MANIFEST
E:\C程序\17_实验报告五求1！+2！++5！.C\17_实验报告五求1！+2！++5！.C\DEBUG\17_实验报告五求1！+2！++5！.C.EXE.EMBED.MANIFEST.RES
E:\C程序\17_实验报告五求1！+2！++5！.C\17_实验报告五求1！+2！++5！.C\DEBUG\17_实验报告五求1！+2！++5！.C.EXE.INTERMEDIATE.MANIFEST
E:\C程序\17_实验报告五求1！+2！++5！.c\17_实验报告五求1！+2！++5！.c\Debug\17_实验报告五求1！+2！++5！.c.write.1.tlog
E:\C程序\17_实验报告五求1！+2！++5！.c\17_实验报告五求1！+2！++5！.c\Debug\17_实验报告五求1！+2！++5！.c_manifest.rc
E:\C程序\17_实验报告五求1！+2！++5！.C\17_实验报告五求1！+2！++5！.C\DEBUG\17_实验报告五求1！+2！++5！.OBJ
E:\C程序\17_实验报告五求1！+2！++5！.c\17_实验报告五求1！+2！++5！.c\Debug\cl.command.1.tlog
E:\C程序\17_实验报告五求1！+2！++5！.c\17_实验报告五求1！+2！++5！.c\Debug\CL.read.1.tlog
E:\C程序\17_实验报告五求1！+2！++5！.c\17_实验报告五求1！+2！++5！.c\Debug\CL.write.1.tlog
E:\C程序\17_实验报告五求1！+2！++5！.c\17_实验报告五求1！+2！++5！.c\Debug\link.7068.read.1.tlog
E:\C程序\17_实验报告五求1！+2！++5！.c\17_实验报告五求1！+2！++5！.c\Debug\link.7068.write.1.tlog
E:\C程序\17_实验报告五求1！+2！++5！.c\17_实验报告五求1！+2！++5！.c\Debug\link.7068-cvtres.read.1.tlog
E:\C程序\17_实验报告五求1！+2！++5！.c\17_实验报告五求1！+2！++5！.c\Debug\link.7068-cvtres.write.1.tlog
E:\C程序\17_实验报告五求1！+2！++5！.c\17_实验报告五求1！+2！++5！.c\Debug\link.command.1.tlog
E:\C程序\17_实验报告五求1！+2！++5！.c\17_实验报告五求1！+2！++5！.c\Debug\link.read.1.tlog
E:\C程序\17_实验报告五求1！+2！++5！.c\17_实验报告五求1！+2！++5！.c\Debug\link.write.1.tlog
E:\C程序\17_实验报告五求1！+2！++5！.c\17_实验报告五求1！+2！++5！.c\Debug\link-cvtres.read.1.tlog
E:\C程序\17_实验报告五求1！+2！++5！.c\17_实验报告五求1！+2！++5！.c\Debug\link-cvtres.write.1.tlog
E:\C程序\17_实验报告五求1！+2！++5！.c\17_实验报告五求1！+2！++5！.c\Debug\mt.command.1.tlog
E:\C程序\17_实验报告五求1！+2！++5！.c\17_实验报告五求1！+2！++5！.c\Debug\mt.read.1.tlog
E:\C程序\17_实验报告五求1！+2！++5！.c\17_实验报告五求1！+2！++5！.c\Debug\mt.write.1.tlog
E:\C程序\17_实验报告五求1！+2！++5！.c\17_实验报告五求1！+2！++5！.c\Debug\rc.command.1.tlog
E:\C程序\17_实验报告五求1！+2！++5！.c\17_实验报告五求1！+2！++5！.c\Debug\rc.read.1.tlog
E:\C程序\17_实验报告五求1！+2！++5！.c\17_实验报告五求1！+2！++5！.c\Debug\rc.write.1.tlog
E:\C程序\17_实验报告五求1！+2！++5！.c\17_实验报告五求1！+2！++5！.c\Debug\vc100.idb
E:\C程序\17_实验报告五求1！+2！++5！.C\17_实验报告五求1！+2！++5！.C\DEBUG\VC100.PDB
E:\C程序\17_实验报告五求1！+2！++5！.C\DEBUG\17_实验报告五求1！+2！++5！.C.EXE
E:\C程序\17_实验报告五求1！+2！++5！.C\DEBUG\17_实验报告五求1！+2！++5！.C.ILK
E:\C程序\17_实验报告五求1！+2！++5！.C\DEBUG\17_实验报告五求1！+2！++5！.C.PDB
