C:\USERS\ADMINISTRATOR\DESKTOP\VS2010程序\ZWQ3.C\14_实验报告五循环结构求2+4+6+ +100=.C\14_实验报告五循环结构求2+4+6+ +100=.C\DEBUG\14_实验报告五循环结构求2+4+6+ +100=.C.EXE.EMBED.MANIFEST
C:\USERS\ADMINISTRATOR\DESKTOP\VS2010程序\ZWQ3.C\14_实验报告五循环结构求2+4+6+ +100=.C\14_实验报告五循环结构求2+4+6+ +100=.C\DEBUG\14_实验报告五循环结构求2+4+6+ +100=.C.EXE.EMBED.MANIFEST.RES
C:\USERS\ADMINISTRATOR\DESKTOP\VS2010程序\ZWQ3.C\14_实验报告五循环结构求2+4+6+ +100=.C\14_实验报告五循环结构求2+4+6+ +100=.C\DEBUG\14_实验报告五循环结构求2+4+6+ +100=.C.EXE.INTERMEDIATE.MANIFEST
C:\Users\Administrator\Desktop\vs2010程序\zwq3.c\14_实验报告五循环结构求2+4+6+ +100=.c\14_实验报告五循环结构求2+4+6+ +100=.c\Debug\14_实验报告五循环结构求2+4+6+ +100=.c.write.1.tlog
C:\Users\Administrator\Desktop\vs2010程序\zwq3.c\14_实验报告五循环结构求2+4+6+ +100=.c\14_实验报告五循环结构求2+4+6+ +100=.c\Debug\14_实验报告五循环结构求2+4+6+ +100=.c_manifest.rc
C:\USERS\ADMINISTRATOR\DESKTOP\VS2010程序\ZWQ3.C\14_实验报告五循环结构求2+4+6+ +100=.C\14_实验报告五循环结构求2+4+6+ +100=.C\DEBUG\14_实验报告五循环结构求2+4+6++100=.OBJ
C:\Users\Administrator\Desktop\vs2010程序\zwq3.c\14_实验报告五循环结构求2+4+6+ +100=.c\14_实验报告五循环结构求2+4+6+ +100=.c\Debug\cl.command.1.tlog
C:\Users\Administrator\Desktop\vs2010程序\zwq3.c\14_实验报告五循环结构求2+4+6+ +100=.c\14_实验报告五循环结构求2+4+6+ +100=.c\Debug\CL.read.1.tlog
C:\Users\Administrator\Desktop\vs2010程序\zwq3.c\14_实验报告五循环结构求2+4+6+ +100=.c\14_实验报告五循环结构求2+4+6+ +100=.c\Debug\CL.write.1.tlog
C:\Users\Administrator\Desktop\vs2010程序\zwq3.c\14_实验报告五循环结构求2+4+6+ +100=.c\14_实验报告五循环结构求2+4+6+ +100=.c\Debug\link.140.read.1.tlog
C:\Users\Administrator\Desktop\vs2010程序\zwq3.c\14_实验报告五循环结构求2+4+6+ +100=.c\14_实验报告五循环结构求2+4+6+ +100=.c\Debug\link.140.write.1.tlog
C:\Users\Administrator\Desktop\vs2010程序\zwq3.c\14_实验报告五循环结构求2+4+6+ +100=.c\14_实验报告五循环结构求2+4+6+ +100=.c\Debug\link.140-cvtres.read.1.tlog
C:\Users\Administrator\Desktop\vs2010程序\zwq3.c\14_实验报告五循环结构求2+4+6+ +100=.c\14_实验报告五循环结构求2+4+6+ +100=.c\Debug\link.140-cvtres.write.1.tlog
C:\Users\Administrator\Desktop\vs2010程序\zwq3.c\14_实验报告五循环结构求2+4+6+ +100=.c\14_实验报告五循环结构求2+4+6+ +100=.c\Debug\link.command.1.tlog
C:\Users\Administrator\Desktop\vs2010程序\zwq3.c\14_实验报告五循环结构求2+4+6+ +100=.c\14_实验报告五循环结构求2+4+6+ +100=.c\Debug\link.read.1.tlog
C:\Users\Administrator\Desktop\vs2010程序\zwq3.c\14_实验报告五循环结构求2+4+6+ +100=.c\14_实验报告五循环结构求2+4+6+ +100=.c\Debug\link.write.1.tlog
C:\Users\Administrator\Desktop\vs2010程序\zwq3.c\14_实验报告五循环结构求2+4+6+ +100=.c\14_实验报告五循环结构求2+4+6+ +100=.c\Debug\link-cvtres.read.1.tlog
C:\Users\Administrator\Desktop\vs2010程序\zwq3.c\14_实验报告五循环结构求2+4+6+ +100=.c\14_实验报告五循环结构求2+4+6+ +100=.c\Debug\link-cvtres.write.1.tlog
C:\Users\Administrator\Desktop\vs2010程序\zwq3.c\14_实验报告五循环结构求2+4+6+ +100=.c\14_实验报告五循环结构求2+4+6+ +100=.c\Debug\mt.command.1.tlog
C:\Users\Administrator\Desktop\vs2010程序\zwq3.c\14_实验报告五循环结构求2+4+6+ +100=.c\14_实验报告五循环结构求2+4+6+ +100=.c\Debug\mt.read.1.tlog
C:\Users\Administrator\Desktop\vs2010程序\zwq3.c\14_实验报告五循环结构求2+4+6+ +100=.c\14_实验报告五循环结构求2+4+6+ +100=.c\Debug\mt.write.1.tlog
C:\Users\Administrator\Desktop\vs2010程序\zwq3.c\14_实验报告五循环结构求2+4+6+ +100=.c\14_实验报告五循环结构求2+4+6+ +100=.c\Debug\rc.command.1.tlog
C:\Users\Administrator\Desktop\vs2010程序\zwq3.c\14_实验报告五循环结构求2+4+6+ +100=.c\14_实验报告五循环结构求2+4+6+ +100=.c\Debug\rc.read.1.tlog
C:\Users\Administrator\Desktop\vs2010程序\zwq3.c\14_实验报告五循环结构求2+4+6+ +100=.c\14_实验报告五循环结构求2+4+6+ +100=.c\Debug\rc.write.1.tlog
C:\Users\Administrator\Desktop\vs2010程序\zwq3.c\14_实验报告五循环结构求2+4+6+ +100=.c\14_实验报告五循环结构求2+4+6+ +100=.c\Debug\vc100.idb
C:\USERS\ADMINISTRATOR\DESKTOP\VS2010程序\ZWQ3.C\14_实验报告五循环结构求2+4+6+ +100=.C\14_实验报告五循环结构求2+4+6+ +100=.C\DEBUG\VC100.PDB
C:\USERS\ADMINISTRATOR\DESKTOP\VS2010程序\ZWQ3.C\14_实验报告五循环结构求2+4+6+ +100=.C\DEBUG\14_实验报告五循环结构求2+4+6+ +100=.C.EXE
C:\USERS\ADMINISTRATOR\DESKTOP\VS2010程序\ZWQ3.C\14_实验报告五循环结构求2+4+6+ +100=.C\DEBUG\14_实验报告五循环结构求2+4+6+ +100=.C.ILK
C:\USERS\ADMINISTRATOR\DESKTOP\VS2010程序\ZWQ3.C\14_实验报告五循环结构求2+4+6+ +100=.C\DEBUG\14_实验报告五循环结构求2+4+6+ +100=.C.PDB
