Build started 2016/12/2 11:58:04.
     1>Project "C:\Users\Administrator\Desktop\zwq1.c\zwq1.c\zwq1.c.vcxproj" on node 2 (rebuild target(s)).
     1>_PrepareForClean:
         Deleting file "Debug\zwq1.c.lastbuildstate".
       InitializeBuildStatus:
         Creating "Debug\zwq1.c.unsuccessfulbuild" because "AlwaysCreate" was specified.
       ClCompile:
         d:\Program Files (x86)\Microsoft Visual Studio 10.0\VC\bin\CL.exe /c /ZI /nologo /W3 /WX- /Od /Oy- /D WIN32 /D _DEBUG /D _CONSOLE /D _UNICODE /D UNICODE /Gm /EHsc /RTC1 /MDd /GS /fp:precise /Zc:wchar_t /Zc:forScope /Fo"Debug\\" /Fd"Debug\vc100.pdb" /Gd /TC /analyze- /errorReport:prompt zwq1.c
         zwq1.c
       Link:
         d:\Program Files (x86)\Microsoft Visual Studio 10.0\VC\bin\link.exe /ERRORREPORT:PROMPT /OUT:"C:\Users\Administrator\Desktop\zwq1.c\Debug\zwq1.c.exe" /INCREMENTAL /NOLOGO kernel32.lib user32.lib gdi32.lib winspool.lib comdlg32.lib advapi32.lib shell32.lib ole32.lib oleaut32.lib uuid.lib odbc32.lib odbccp32.lib /MANIFEST /ManifestFile:"Debug\zwq1.c.exe.intermediate.manifest" /MANIFESTUAC:"level='asInvoker' uiAccess='false'" /DEBUG /PDB:"C:\Users\Administrator\Desktop\zwq1.c\Debug\zwq1.c.pdb" /SUBSYSTEM:CONSOLE /TLBID:1 /DYNAMICBASE /NXCOMPAT /IMPLIB:"C:\Users\Administrator\Desktop\zwq1.c\Debug\zwq1.c.lib" /MACHINE:X86 Debug\zwq1.obj
         zwq1.c.vcxproj -> C:\Users\Administrator\Desktop\zwq1.c\Debug\zwq1.c.exe
       Manifest:
         C:\Program Files (x86)\Microsoft SDKs\Windows\v7.0A\bin\mt.exe /nologo /verbose /out:"C:\Users\Administrator\Desktop\zwq1.c\Debug\zwq1.c.exe.manifest" /manifest Debug\zwq1.c.exe.intermediate.manifest
       FinalizeBuildStatus:
         Deleting file "Debug\zwq1.c.unsuccessfulbuild".
         Touching "Debug\zwq1.c.lastbuildstate".
     1>Done Building Project "C:\Users\Administrator\Desktop\zwq1.c\zwq1.c\zwq1.c.vcxproj" (rebuild target(s)).

Build succeeded.

Time Elapsed 00:00:01.95
