C:\Users\Administrator\Desktop\zwq1.c\Debug\zwq1.c.exe
C:\Users\Administrator\Desktop\zwq1.c\Debug\zwq1.c.exe.manifest
C:\Users\Administrator\Desktop\zwq1.c\Debug\zwq1.c.ilk
C:\Users\Administrator\Desktop\zwq1.c\Debug\zwq1.c.pdb
C:\Users\Administrator\Desktop\zwq1.c\zwq1.c\Debug\cl.command.1.tlog
C:\Users\Administrator\Desktop\zwq1.c\zwq1.c\Debug\CL.read.1.tlog
C:\Users\Administrator\Desktop\zwq1.c\zwq1.c\Debug\CL.write.1.tlog
C:\Users\Administrator\Desktop\zwq1.c\zwq1.c\Debug\link.command.1.tlog
C:\Users\Administrator\Desktop\zwq1.c\zwq1.c\Debug\link.read.1.tlog
C:\Users\Administrator\Desktop\zwq1.c\zwq1.c\Debug\link.write.1.tlog
C:\Users\Administrator\Desktop\zwq1.c\zwq1.c\Debug\mt.command.1.tlog
C:\Users\Administrator\Desktop\zwq1.c\zwq1.c\Debug\mt.read.1.tlog
C:\Users\Administrator\Desktop\zwq1.c\zwq1.c\Debug\mt.write.1.tlog
C:\Users\Administrator\Desktop\zwq1.c\zwq1.c\Debug\vc100.idb
C:\Users\Administrator\Desktop\zwq1.c\zwq1.c\Debug\vc100.pdb
C:\Users\Administrator\Desktop\zwq1.c\zwq1.c\Debug\zwq1.c.exe.intermediate.manifest
C:\Users\Administrator\Desktop\zwq1.c\zwq1.c\Debug\zwq1.c.write.1.tlog
C:\Users\Administrator\Desktop\zwq1.c\zwq1.c\Debug\zwq1.obj
D:\DOCUMENTS\我的文档\VISUAL STUDIO 2010\PROJECTS\ZWQ1.C\DEBUG\ZWQ1.C.EXE
D:\DOCUMENTS\我的文档\VISUAL STUDIO 2010\PROJECTS\ZWQ1.C\DEBUG\ZWQ1.C.EXE.MANIFEST
D:\DOCUMENTS\我的文档\VISUAL STUDIO 2010\PROJECTS\ZWQ1.C\DEBUG\ZWQ1.C.ILK
D:\DOCUMENTS\我的文档\VISUAL STUDIO 2010\PROJECTS\ZWQ1.C\DEBUG\ZWQ1.C.PDB
D:\DOCUMENTS\我的文档\VISUAL STUDIO 2010\PROJECTS\ZWQ1.C\ZWQ1.C\DEBUG\VC100.PDB
D:\DOCUMENTS\我的文档\VISUAL STUDIO 2010\PROJECTS\ZWQ1.C\ZWQ1.C\DEBUG\ZWQ1.C.EXE.INTERMEDIATE.MANIFEST
D:\DOCUMENTS\我的文档\VISUAL STUDIO 2010\PROJECTS\ZWQ1.C\ZWQ1.C\DEBUG\ZWQ1.OBJ
