C:\USERS\ADMINISTRATOR\DESKTOP\VS2010程序\实验报告七\DEBUG\实验报告七.EXE
C:\USERS\ADMINISTRATOR\DESKTOP\VS2010程序\实验报告七\DEBUG\实验报告七.ILK
C:\USERS\ADMINISTRATOR\DESKTOP\VS2010程序\实验报告七\DEBUG\实验报告七.PDB
C:\Users\Administrator\Desktop\vs2010程序\实验报告七\实验报告七\Debug\cl.command.1.tlog
C:\Users\Administrator\Desktop\vs2010程序\实验报告七\实验报告七\Debug\CL.read.1.tlog
C:\Users\Administrator\Desktop\vs2010程序\实验报告七\实验报告七\Debug\CL.write.1.tlog
C:\Users\Administrator\Desktop\vs2010程序\实验报告七\实验报告七\Debug\link.4112.read.1.tlog
C:\Users\Administrator\Desktop\vs2010程序\实验报告七\实验报告七\Debug\link.4112.write.1.tlog
C:\Users\Administrator\Desktop\vs2010程序\实验报告七\实验报告七\Debug\link.4112-cvtres.read.1.tlog
C:\Users\Administrator\Desktop\vs2010程序\实验报告七\实验报告七\Debug\link.4112-cvtres.write.1.tlog
C:\Users\Administrator\Desktop\vs2010程序\实验报告七\实验报告七\Debug\link.command.1.tlog
C:\Users\Administrator\Desktop\vs2010程序\实验报告七\实验报告七\Debug\link.read.1.tlog
C:\Users\Administrator\Desktop\vs2010程序\实验报告七\实验报告七\Debug\link.write.1.tlog
C:\Users\Administrator\Desktop\vs2010程序\实验报告七\实验报告七\Debug\link-cvtres.read.1.tlog
C:\Users\Administrator\Desktop\vs2010程序\实验报告七\实验报告七\Debug\link-cvtres.write.1.tlog
C:\Users\Administrator\Desktop\vs2010程序\实验报告七\实验报告七\Debug\mt.command.1.tlog
C:\Users\Administrator\Desktop\vs2010程序\实验报告七\实验报告七\Debug\mt.read.1.tlog
C:\Users\Administrator\Desktop\vs2010程序\实验报告七\实验报告七\Debug\mt.write.1.tlog
C:\Users\Administrator\Desktop\vs2010程序\实验报告七\实验报告七\Debug\rc.command.1.tlog
C:\Users\Administrator\Desktop\vs2010程序\实验报告七\实验报告七\Debug\rc.read.1.tlog
C:\Users\Administrator\Desktop\vs2010程序\实验报告七\实验报告七\Debug\rc.write.1.tlog
C:\Users\Administrator\Desktop\vs2010程序\实验报告七\实验报告七\Debug\vc100.idb
C:\USERS\ADMINISTRATOR\DESKTOP\VS2010程序\实验报告七\实验报告七\DEBUG\VC100.PDB
C:\USERS\ADMINISTRATOR\DESKTOP\VS2010程序\实验报告七\实验报告七\DEBUG\实验报告七.EXE.EMBED.MANIFEST
C:\USERS\ADMINISTRATOR\DESKTOP\VS2010程序\实验报告七\实验报告七\DEBUG\实验报告七.EXE.EMBED.MANIFEST.RES
C:\USERS\ADMINISTRATOR\DESKTOP\VS2010程序\实验报告七\实验报告七\DEBUG\实验报告七.EXE.INTERMEDIATE.MANIFEST
C:\USERS\ADMINISTRATOR\DESKTOP\VS2010程序\实验报告七\实验报告七\DEBUG\实验报告七.OBJ
C:\Users\Administrator\Desktop\vs2010程序\实验报告七\实验报告七\Debug\实验报告七.write.1.tlog
C:\Users\Administrator\Desktop\vs2010程序\实验报告七\实验报告七\Debug\实验报告七_manifest.rc
