Build started 2016/12/15 22:20:18.
     1>Project "C:\Users\Administrator\Desktop\vs2010程序\实验报告七(6)\实验报告七(6)\实验报告七(6).vcxproj" on node 2 (rebuild target(s)).
     1>_PrepareForClean:
         Deleting file "Debug\实验报告七(6).lastbuildstate".
       InitializeBuildStatus:
         Creating "Debug\实验报告七(6).unsuccessfulbuild" because "AlwaysCreate" was specified.
       ClCompile:
         d:\Program Files (x86)\Microsoft Visual Studio 10.0\VC\bin\CL.exe /c /ZI /nologo /W3 /WX- /Od /Oy- /D WIN32 /D _DEBUG /D _CONSOLE /D _UNICODE /D UNICODE /Gm /EHsc /RTC1 /MDd /GS /fp:precise /Zc:wchar_t /Zc:forScope /Fo"Debug\\" /Fd"Debug\vc100.pdb" /Gd /TC /analyze- /errorReport:prompt "实验报告七(6).c"
         实验报告七(6).c
     1>c:\users\administrator\desktop\vs2010程序\实验报告七(6)\实验报告七(6)\实验报告七(6).c(8): warning C4996: 'scanf': This function or variable may be unsafe. Consider using scanf_s instead. To disable deprecation, use _CRT_SECURE_NO_WARNINGS. See online help for details.
                 d:\program files (x86)\microsoft visual studio 10.0\vc\include\stdio.h(304) : see declaration of 'scanf'
       Link:
         d:\Program Files (x86)\Microsoft Visual Studio 10.0\VC\bin\link.exe /ERRORREPORT:PROMPT /OUT:"C:\Users\Administrator\Desktop\vs2010程序\实验报告七(6)\Debug\实验报告七(6).exe" /INCREMENTAL /NOLOGO kernel32.lib user32.lib gdi32.lib winspool.lib comdlg32.lib advapi32.lib shell32.lib ole32.lib oleaut32.lib uuid.lib odbc32.lib odbccp32.lib /MANIFEST /ManifestFile:"Debug\实验报告七(6).exe.intermediate.manifest" /MANIFESTUAC:"level='asInvoker' uiAccess='false'" /DEBUG /PDB:"C:\Users\Administrator\Desktop\vs2010程序\实验报告七(6)\Debug\实验报告七(6).pdb" /SUBSYSTEM:CONSOLE /TLBID:1 /DYNAMICBASE /NXCOMPAT /IMPLIB:"C:\Users\Administrator\Desktop\vs2010程序\实验报告七(6)\Debug\实验报告七(6).lib" /MACHINE:X86 "Debug\实验报告七(6).obj"
         实验报告七(6).vcxproj -> C:\Users\Administrator\Desktop\vs2010程序\实验报告七(6)\Debug\实验报告七(6).exe
       Manifest:
         C:\Program Files (x86)\Microsoft SDKs\Windows\v7.0A\bin\mt.exe /nologo /verbose /out:"C:\Users\Administrator\Desktop\vs2010程序\实验报告七(6)\Debug\实验报告七(6).exe.manifest" /manifest "Debug\实验报告七(6).exe.intermediate.manifest"
       FinalizeBuildStatus:
         Deleting file "Debug\实验报告七(6).unsuccessfulbuild".
         Touching "Debug\实验报告七(6).lastbuildstate".
     1>Done Building Project "C:\Users\Administrator\Desktop\vs2010程序\实验报告七(6)\实验报告七(6)\实验报告七(6).vcxproj" (rebuild target(s)).

Build succeeded.

Time Elapsed 00:00:00.76
