E:\C程序\第十章文件的输入和输出例3_2\DEBUG\第十章文件的输入和输出例3_2.EXE
E:\C程序\第十章文件的输入和输出例3_2\DEBUG\第十章文件的输入和输出例3_2.ILK
E:\C程序\第十章文件的输入和输出例3_2\DEBUG\第十章文件的输入和输出例3_2.PDB
E:\C程序\第十章文件的输入和输出例3_2\第十章文件的输入和输出例3_2\Debug\cl.command.1.tlog
E:\C程序\第十章文件的输入和输出例3_2\第十章文件的输入和输出例3_2\Debug\CL.read.1.tlog
E:\C程序\第十章文件的输入和输出例3_2\第十章文件的输入和输出例3_2\Debug\CL.write.1.tlog
E:\C程序\第十章文件的输入和输出例3_2\第十章文件的输入和输出例3_2\Debug\link.4376.read.1.tlog
E:\C程序\第十章文件的输入和输出例3_2\第十章文件的输入和输出例3_2\Debug\link.4376.write.1.tlog
E:\C程序\第十章文件的输入和输出例3_2\第十章文件的输入和输出例3_2\Debug\link.4376-cvtres.read.1.tlog
E:\C程序\第十章文件的输入和输出例3_2\第十章文件的输入和输出例3_2\Debug\link.4376-cvtres.write.1.tlog
E:\C程序\第十章文件的输入和输出例3_2\第十章文件的输入和输出例3_2\Debug\link.command.1.tlog
E:\C程序\第十章文件的输入和输出例3_2\第十章文件的输入和输出例3_2\Debug\link.read.1.tlog
E:\C程序\第十章文件的输入和输出例3_2\第十章文件的输入和输出例3_2\Debug\link.write.1.tlog
E:\C程序\第十章文件的输入和输出例3_2\第十章文件的输入和输出例3_2\Debug\link-cvtres.read.1.tlog
E:\C程序\第十章文件的输入和输出例3_2\第十章文件的输入和输出例3_2\Debug\link-cvtres.write.1.tlog
E:\C程序\第十章文件的输入和输出例3_2\第十章文件的输入和输出例3_2\Debug\mt.command.1.tlog
E:\C程序\第十章文件的输入和输出例3_2\第十章文件的输入和输出例3_2\Debug\mt.read.1.tlog
E:\C程序\第十章文件的输入和输出例3_2\第十章文件的输入和输出例3_2\Debug\mt.write.1.tlog
E:\C程序\第十章文件的输入和输出例3_2\第十章文件的输入和输出例3_2\Debug\rc.command.1.tlog
E:\C程序\第十章文件的输入和输出例3_2\第十章文件的输入和输出例3_2\Debug\rc.read.1.tlog
E:\C程序\第十章文件的输入和输出例3_2\第十章文件的输入和输出例3_2\Debug\rc.write.1.tlog
E:\C程序\第十章文件的输入和输出例3_2\第十章文件的输入和输出例3_2\Debug\vc100.idb
E:\C程序\第十章文件的输入和输出例3_2\第十章文件的输入和输出例3_2\DEBUG\VC100.PDB
E:\C程序\第十章文件的输入和输出例3_2\第十章文件的输入和输出例3_2\DEBUG\第十章文件的输入和输出例3_2.EXE.EMBED.MANIFEST
E:\C程序\第十章文件的输入和输出例3_2\第十章文件的输入和输出例3_2\DEBUG\第十章文件的输入和输出例3_2.EXE.EMBED.MANIFEST.RES
E:\C程序\第十章文件的输入和输出例3_2\第十章文件的输入和输出例3_2\DEBUG\第十章文件的输入和输出例3_2.EXE.INTERMEDIATE.MANIFEST
E:\C程序\第十章文件的输入和输出例3_2\第十章文件的输入和输出例3_2\DEBUG\第十章文件的输入和输出例3_2.OBJ
E:\C程序\第十章文件的输入和输出例3_2\第十章文件的输入和输出例3_2\Debug\第十章文件的输入和输出例3_2.write.1.tlog
E:\C程序\第十章文件的输入和输出例3_2\第十章文件的输入和输出例3_2\Debug\第十章文件的输入和输出例3_2_manifest.rc
