C:\USERS\ADMINISTRATOR\DESKTOP\VS2010程序\ZWQ3.C\10_菱形2.C\10_菱形2.C\DEBUG\10_菱形2.C.EXE.EMBED.MANIFEST
C:\USERS\ADMINISTRATOR\DESKTOP\VS2010程序\ZWQ3.C\10_菱形2.C\10_菱形2.C\DEBUG\10_菱形2.C.EXE.EMBED.MANIFEST.RES
C:\USERS\ADMINISTRATOR\DESKTOP\VS2010程序\ZWQ3.C\10_菱形2.C\10_菱形2.C\DEBUG\10_菱形2.C.EXE.INTERMEDIATE.MANIFEST
C:\USERS\ADMINISTRATOR\DESKTOP\VS2010程序\ZWQ3.C\10_菱形2.C\10_菱形2.C\DEBUG\10_菱形2.OBJ
C:\USERS\ADMINISTRATOR\DESKTOP\VS2010程序\ZWQ3.C\10_菱形2.C\10_菱形2.C\DEBUG\VC100.PDB
C:\USERS\ADMINISTRATOR\DESKTOP\VS2010程序\ZWQ3.C\10_菱形2.C\DEBUG\10_菱形2.C.EXE
C:\USERS\ADMINISTRATOR\DESKTOP\VS2010程序\ZWQ3.C\10_菱形2.C\DEBUG\10_菱形2.C.ILK
C:\USERS\ADMINISTRATOR\DESKTOP\VS2010程序\ZWQ3.C\10_菱形2.C\DEBUG\10_菱形2.C.PDB
E:\C程序\10_菱形2.c\10_菱形2.c\Debug\10_菱形2.c.exe.embed.manifest
E:\C程序\10_菱形2.c\10_菱形2.c\Debug\10_菱形2.c.exe.embed.manifest.res
E:\C程序\10_菱形2.c\10_菱形2.c\Debug\10_菱形2.c.exe.intermediate.manifest
E:\C程序\10_菱形2.c\10_菱形2.c\Debug\10_菱形2.c.write.1.tlog
E:\C程序\10_菱形2.c\10_菱形2.c\Debug\10_菱形2.c_manifest.rc
E:\C程序\10_菱形2.c\10_菱形2.c\Debug\10_菱形2.obj
E:\C程序\10_菱形2.c\10_菱形2.c\Debug\cl.command.1.tlog
E:\C程序\10_菱形2.c\10_菱形2.c\Debug\CL.read.1.tlog
E:\C程序\10_菱形2.c\10_菱形2.c\Debug\CL.write.1.tlog
E:\C程序\10_菱形2.c\10_菱形2.c\Debug\link.3088.read.1.tlog
E:\C程序\10_菱形2.c\10_菱形2.c\Debug\link.3088.write.1.tlog
E:\C程序\10_菱形2.c\10_菱形2.c\Debug\link.3088-cvtres.read.1.tlog
E:\C程序\10_菱形2.c\10_菱形2.c\Debug\link.3088-cvtres.write.1.tlog
E:\C程序\10_菱形2.c\10_菱形2.c\Debug\link.command.1.tlog
E:\C程序\10_菱形2.c\10_菱形2.c\Debug\link.read.1.tlog
E:\C程序\10_菱形2.c\10_菱形2.c\Debug\link.write.1.tlog
E:\C程序\10_菱形2.c\10_菱形2.c\Debug\link-cvtres.read.1.tlog
E:\C程序\10_菱形2.c\10_菱形2.c\Debug\link-cvtres.write.1.tlog
E:\C程序\10_菱形2.c\10_菱形2.c\Debug\mt.command.1.tlog
E:\C程序\10_菱形2.c\10_菱形2.c\Debug\mt.read.1.tlog
E:\C程序\10_菱形2.c\10_菱形2.c\Debug\mt.write.1.tlog
E:\C程序\10_菱形2.c\10_菱形2.c\Debug\rc.command.1.tlog
E:\C程序\10_菱形2.c\10_菱形2.c\Debug\rc.read.1.tlog
E:\C程序\10_菱形2.c\10_菱形2.c\Debug\rc.write.1.tlog
E:\C程序\10_菱形2.c\10_菱形2.c\Debug\vc100.idb
E:\C程序\10_菱形2.c\10_菱形2.c\Debug\vc100.pdb
E:\C程序\10_菱形2.c\Debug\10_菱形2.c.exe
E:\C程序\10_菱形2.c\Debug\10_菱形2.c.ilk
E:\C程序\10_菱形2.c\Debug\10_菱形2.c.pdb
