Build started 2017-08-04  星期五 22:34:04.
     1>Project "E:\C程序\21_第五章输入年月判断平年闰年.c\20_输入年月判断平年闰年.c\20_输入年月判断平年闰年.c.vcxproj" on node 2 (build target(s)).
     1>InitializeBuildStatus:
         Creating "Debug\20_输入年月判断平年闰年.c.unsuccessfulbuild" because "AlwaysCreate" was specified.
       ClCompile:
         d:\Program Files (x86)\Microsoft Visual Studio 10.0\VC\bin\CL.exe /c /ZI /nologo /W3 /WX- /Od /Oy- /D WIN32 /D _DEBUG /D _CONSOLE /D _UNICODE /D UNICODE /Gm /EHsc /RTC1 /MDd /GS /fp:precise /Zc:wchar_t /Zc:forScope /Fo"Debug\\" /Fd"Debug\vc100.pdb" /Gd /TC /analyze- /errorReport:prompt "21_输入年月判断平年闰年.c"
         21_输入年月判断平年闰年.c
     1>e:\c程序\21_第五章输入年月判断平年闰年.c\20_输入年月判断平年闰年.c\21_输入年月判断平年闰年.c(6): warning C4996: 'scanf': This function or variable may be unsafe. Consider using scanf_s instead. To disable deprecation, use _CRT_SECURE_NO_WARNINGS. See online help for details.
                 d:\program files (x86)\microsoft visual studio 10.0\vc\include\stdio.h(304) : see declaration of 'scanf'
       ManifestResourceCompile:
         All outputs are up-to-date.
       Link:
         d:\Program Files (x86)\Microsoft Visual Studio 10.0\VC\bin\link.exe /ERRORREPORT:PROMPT /OUT:"E:\C程序\21_第五章输入年月判断平年闰年.c\Debug\20_输入年月判断平年闰年.c.exe" /INCREMENTAL /NOLOGO kernel32.lib user32.lib gdi32.lib winspool.lib comdlg32.lib advapi32.lib shell32.lib ole32.lib oleaut32.lib uuid.lib odbc32.lib odbccp32.lib /MANIFEST /ManifestFile:"Debug\20_输入年月判断平年闰年.c.exe.intermediate.manifest" /MANIFESTUAC:"level='asInvoker' uiAccess='false'" /DEBUG /PDB:"E:\C程序\21_第五章输入年月判断平年闰年.c\Debug\20_输入年月判断平年闰年.c.pdb" /SUBSYSTEM:CONSOLE /TLBID:1 /DYNAMICBASE /NXCOMPAT /IMPLIB:"E:\C程序\21_第五章输入年月判断平年闰年.c\Debug\20_输入年月判断平年闰年.c.lib" /MACHINE:X86 "Debug\20_输入年月判断平年闰年.c.exe.embed.manifest.res"
         "Debug\21_输入年月判断平年闰年.obj"
       Manifest:
         C:\Program Files (x86)\Microsoft SDKs\Windows\v7.0A\bin\mt.exe /nologo /verbose /out:"Debug\20_输入年月判断平年闰年.c.exe.embed.manifest" /manifest "Debug\20_输入年月判断平年闰年.c.exe.intermediate.manifest"
         All outputs are up-to-date.
       LinkEmbedManifest:
         All outputs are up-to-date.
         20_输入年月判断平年闰年.c.vcxproj -> E:\C程序\21_第五章输入年月判断平年闰年.c\Debug\20_输入年月判断平年闰年.c.exe
       FinalizeBuildStatus:
         Deleting file "Debug\20_输入年月判断平年闰年.c.unsuccessfulbuild".
         Touching "Debug\20_输入年月判断平年闰年.c.lastbuildstate".
     1>Done Building Project "E:\C程序\21_第五章输入年月判断平年闰年.c\20_输入年月判断平年闰年.c\20_输入年月判断平年闰年.c.vcxproj" (build target(s)).

Build succeeded.

Time Elapsed 00:00:00.46
