C:\USERS\ADMINISTRATOR\DESKTOP\VS2010程序\ZWQ3.C\20_输入年月判断平年闰年.C\20_输入年月判断平年闰年.C\DEBUG\20_输入年月判断平年闰年.C.EXE.EMBED.MANIFEST
C:\USERS\ADMINISTRATOR\DESKTOP\VS2010程序\ZWQ3.C\20_输入年月判断平年闰年.C\20_输入年月判断平年闰年.C\DEBUG\20_输入年月判断平年闰年.C.EXE.EMBED.MANIFEST.RES
C:\USERS\ADMINISTRATOR\DESKTOP\VS2010程序\ZWQ3.C\20_输入年月判断平年闰年.C\20_输入年月判断平年闰年.C\DEBUG\20_输入年月判断平年闰年.C.EXE.INTERMEDIATE.MANIFEST
C:\USERS\ADMINISTRATOR\DESKTOP\VS2010程序\ZWQ3.C\20_输入年月判断平年闰年.C\20_输入年月判断平年闰年.C\DEBUG\21_输入年月判断平年闰年.OBJ
C:\USERS\ADMINISTRATOR\DESKTOP\VS2010程序\ZWQ3.C\20_输入年月判断平年闰年.C\20_输入年月判断平年闰年.C\DEBUG\VC100.PDB
C:\USERS\ADMINISTRATOR\DESKTOP\VS2010程序\ZWQ3.C\20_输入年月判断平年闰年.C\DEBUG\20_输入年月判断平年闰年.C.EXE
C:\USERS\ADMINISTRATOR\DESKTOP\VS2010程序\ZWQ3.C\20_输入年月判断平年闰年.C\DEBUG\20_输入年月判断平年闰年.C.ILK
C:\USERS\ADMINISTRATOR\DESKTOP\VS2010程序\ZWQ3.C\20_输入年月判断平年闰年.C\DEBUG\20_输入年月判断平年闰年.C.PDB
E:\C程序\21_第五章输入年月判断平年闰年.C\20_输入年月判断平年闰年.C\DEBUG\20_输入年月判断平年闰年.C.EXE.EMBED.MANIFEST
E:\C程序\21_第五章输入年月判断平年闰年.C\20_输入年月判断平年闰年.C\DEBUG\20_输入年月判断平年闰年.C.EXE.EMBED.MANIFEST.RES
E:\C程序\21_第五章输入年月判断平年闰年.C\20_输入年月判断平年闰年.C\DEBUG\20_输入年月判断平年闰年.C.EXE.INTERMEDIATE.MANIFEST
E:\C程序\21_第五章输入年月判断平年闰年.c\20_输入年月判断平年闰年.c\Debug\20_输入年月判断平年闰年.c.vcxprojResolveAssemblyReference.cache
E:\C程序\21_第五章输入年月判断平年闰年.c\20_输入年月判断平年闰年.c\Debug\20_输入年月判断平年闰年.c.write.1.tlog
E:\C程序\21_第五章输入年月判断平年闰年.c\20_输入年月判断平年闰年.c\Debug\20_输入年月判断平年闰年.c_manifest.rc
E:\C程序\21_第五章输入年月判断平年闰年.C\20_输入年月判断平年闰年.C\DEBUG\21_输入年月判断平年闰年.OBJ
E:\C程序\21_第五章输入年月判断平年闰年.c\20_输入年月判断平年闰年.c\Debug\cl.command.1.tlog
E:\C程序\21_第五章输入年月判断平年闰年.c\20_输入年月判断平年闰年.c\Debug\CL.read.1.tlog
E:\C程序\21_第五章输入年月判断平年闰年.c\20_输入年月判断平年闰年.c\Debug\CL.write.1.tlog
E:\C程序\21_第五章输入年月判断平年闰年.c\20_输入年月判断平年闰年.c\Debug\link.10436.read.1.tlog
E:\C程序\21_第五章输入年月判断平年闰年.c\20_输入年月判断平年闰年.c\Debug\link.10436.write.1.tlog
E:\C程序\21_第五章输入年月判断平年闰年.c\20_输入年月判断平年闰年.c\Debug\link.10436-cvtres.read.1.tlog
E:\C程序\21_第五章输入年月判断平年闰年.c\20_输入年月判断平年闰年.c\Debug\link.10436-cvtres.write.1.tlog
E:\C程序\21_第五章输入年月判断平年闰年.c\20_输入年月判断平年闰年.c\Debug\link.command.1.tlog
E:\C程序\21_第五章输入年月判断平年闰年.c\20_输入年月判断平年闰年.c\Debug\link.read.1.tlog
E:\C程序\21_第五章输入年月判断平年闰年.c\20_输入年月判断平年闰年.c\Debug\link.write.1.tlog
E:\C程序\21_第五章输入年月判断平年闰年.c\20_输入年月判断平年闰年.c\Debug\link-cvtres.read.1.tlog
E:\C程序\21_第五章输入年月判断平年闰年.c\20_输入年月判断平年闰年.c\Debug\link-cvtres.write.1.tlog
E:\C程序\21_第五章输入年月判断平年闰年.c\20_输入年月判断平年闰年.c\Debug\mt.command.1.tlog
E:\C程序\21_第五章输入年月判断平年闰年.c\20_输入年月判断平年闰年.c\Debug\mt.read.1.tlog
E:\C程序\21_第五章输入年月判断平年闰年.c\20_输入年月判断平年闰年.c\Debug\mt.write.1.tlog
E:\C程序\21_第五章输入年月判断平年闰年.c\20_输入年月判断平年闰年.c\Debug\rc.command.1.tlog
E:\C程序\21_第五章输入年月判断平年闰年.c\20_输入年月判断平年闰年.c\Debug\rc.read.1.tlog
E:\C程序\21_第五章输入年月判断平年闰年.c\20_输入年月判断平年闰年.c\Debug\rc.write.1.tlog
E:\C程序\21_第五章输入年月判断平年闰年.c\20_输入年月判断平年闰年.c\Debug\vc100.idb
E:\C程序\21_第五章输入年月判断平年闰年.C\20_输入年月判断平年闰年.C\DEBUG\VC100.PDB
E:\C程序\21_第五章输入年月判断平年闰年.C\DEBUG\20_输入年月判断平年闰年.C.EXE
E:\C程序\21_第五章输入年月判断平年闰年.C\DEBUG\20_输入年月判断平年闰年.C.ILK
E:\C程序\21_第五章输入年月判断平年闰年.C\DEBUG\20_输入年月判断平年闰年.C.PDB
H:\C程序\21_第五章输入年月判断平年闰年.C\20_输入年月判断平年闰年.C\DEBUG\20_输入年月判断平年闰年.C.EXE.EMBED.MANIFEST
H:\C程序\21_第五章输入年月判断平年闰年.C\20_输入年月判断平年闰年.C\DEBUG\20_输入年月判断平年闰年.C.EXE.EMBED.MANIFEST.RES
H:\C程序\21_第五章输入年月判断平年闰年.C\20_输入年月判断平年闰年.C\DEBUG\20_输入年月判断平年闰年.C.EXE.INTERMEDIATE.MANIFEST
H:\C程序\21_第五章输入年月判断平年闰年.C\20_输入年月判断平年闰年.C\DEBUG\21_输入年月判断平年闰年.OBJ
H:\C程序\21_第五章输入年月判断平年闰年.C\20_输入年月判断平年闰年.C\DEBUG\VC100.PDB
H:\C程序\21_第五章输入年月判断平年闰年.C\DEBUG\20_输入年月判断平年闰年.C.EXE
H:\C程序\21_第五章输入年月判断平年闰年.C\DEBUG\20_输入年月判断平年闰年.C.ILK
H:\C程序\21_第五章输入年月判断平年闰年.C\DEBUG\20_输入年月判断平年闰年.C.PDB
