Build started 2017-08-16  星期三 17:18:03.
     1>Project "E:\CProgram\100匹马，100担货，大马一匹驮3担，大马一匹驮2担，大马一匹驮0.5担，求大 中 小马的个数\100匹马，100担货，大马一匹驮3担，大马一匹驮2担，大马一匹驮0.5担，求大 中 小马的个数\100匹马，100担货，大马一匹驮3担，大马一匹驮2担，大马一匹驮0.5担，求大 中 小马的个数.vcxproj" on node 2 (build target(s)).
     1>InitializeBuildStatus:
         Creating "Debug\100匹马，100担货，大马一匹驮3担，大马一匹驮2担，大马一匹驮0.5担，求大 中 小马的个数.unsuccessfulbuild" because "AlwaysCreate" was specified.
       ClCompile:
         d:\Program Files (x86)\Microsoft Visual Studio 10.0\VC\bin\CL.exe /c /ZI /nologo /W3 /WX- /Od /Oy- /D WIN32 /D _DEBUG /D _CONSOLE /D _UNICODE /D UNICODE /Gm /EHsc /RTC1 /MDd /GS /fp:precise /Zc:wchar_t /Zc:forScope /Fo"Debug\\" /Fd"Debug\vc100.pdb" /Gd /TC /analyze- /errorReport:prompt "100匹马100担货,大马一匹驮3担，大马一匹驮2担，大马一匹驮0.5担，求大 中 小马的个数.c"
         100匹马100担货,大马一匹驮3担，大马一匹驮2担，大马一匹驮0.5担，求大 中 小马的个数.c
       ManifestResourceCompile:
         All outputs are up-to-date.
       Link:
         d:\Program Files (x86)\Microsoft Visual Studio 10.0\VC\bin\link.exe /ERRORREPORT:PROMPT /OUT:"E:\CProgram\100匹马，100担货，大马一匹驮3担，大马一匹驮2担，大马一匹驮0.5担，求大 中 小马的个数\Debug\100匹马，100担货，大马一匹驮3担，大马一匹驮2担，大马一匹驮0.5担，求大 中 小马的个数.exe" /INCREMENTAL /NOLOGO kernel32.lib user32.lib gdi32.lib winspool.lib comdlg32.lib advapi32.lib shell32.lib ole32.lib oleaut32.lib uuid.lib odbc32.lib odbccp32.lib /MANIFEST /ManifestFile:"Debug\100匹马，100担货，大马一匹驮3担，大马一匹驮2担，大马一匹驮0.5担，求大 中 小马的个数.exe.intermediate.manifest" /MANIFESTUAC:"level='asInvoker' uiAccess='false'" /DEBUG /PDB:"E:\CProgram\100匹马，100担货，大马一匹驮3担，大马一匹驮2担，大马一匹驮0.5担，求大 中 小马的个数\Debug\100匹马，100担货，大马一匹驮3担，大马一匹驮2担，大马一匹驮0.5担，求大 中 小马的个数.pdb" /SUBSYSTEM:CONSOLE /TLBID:1 /DYNAMICBASE /NXCOMPAT /IMPLIB:"E:\CProgram\100匹马，100担货，大马一匹驮3担，大马一匹驮2担，大马一匹驮0.5担，求大 中 小马的个数\Debug\100匹马，100担货，大马一匹驮3担，大马一匹驮2担，大马一匹驮0.5担，求大 中 小马的个数.lib" /MACHINE:X86 "Debug\100匹马，100担货，大马一匹驮3担，大马一匹驮2担，大马一匹驮0.5担，求大 中 小马的个数.exe.embed.manifest.res"
         "Debug\100匹马100担货,大马一匹驮3担，大马一匹驮2担，大马一匹驮0.5担，求大 中 小马的个数.obj"
       Manifest:
         C:\Program Files (x86)\Microsoft SDKs\Windows\v7.0A\bin\mt.exe /nologo /verbose /out:"Debug\100匹马，100担货，大马一匹驮3担，大马一匹驮2担，大马一匹驮0.5担，求大 中 小马的个数.exe.embed.manifest" /manifest "Debug\100匹马，100担货，大马一匹驮3担，大马一匹驮2担，大马一匹驮0.5担，求大 中 小马的个数.exe.intermediate.manifest"
         All outputs are up-to-date.
       LinkEmbedManifest:
         All outputs are up-to-date.
         100匹马，100担货，大马一匹驮3担，大马一匹驮2担，大马一匹驮0.5担，求大 中 小马的个数.vcxproj -> E:\CProgram\100匹马，100担货，大马一匹驮3担，大马一匹驮2担，大马一匹驮0.5担，求大 中 小马的个数\Debug\100匹马，100担货，大马一匹驮3担，大马一匹驮2担，大马一匹驮0.5担，求大 中 小马的个数.exe
       FinalizeBuildStatus:
         Deleting file "Debug\100匹马，100担货，大马一匹驮3担，大马一匹驮2担，大马一匹驮0.5担，求大 中 小马的个数.unsuccessfulbuild".
         Touching "Debug\100匹马，100担货，大马一匹驮3担，大马一匹驮2担，大马一匹驮0.5担，求大 中 小马的个数.lastbuildstate".
     1>Done Building Project "E:\CProgram\100匹马，100担货，大马一匹驮3担，大马一匹驮2担，大马一匹驮0.5担，求大 中 小马的个数\100匹马，100担货，大马一匹驮3担，大马一匹驮2担，大马一匹驮0.5担，求大 中 小马的个数\100匹马，100担货，大马一匹驮3担，大马一匹驮2担，大马一匹驮0.5担，求大 中 小马的个数.vcxproj" (build target(s)).

Build succeeded.

Time Elapsed 00:00:00.70
