Build started 2017-08-17  星期四 13:53:44.
     1>Project "E:\CProgram\编写递归函数计算  1 + 1 2 + 1  3 + 1 4 +....+ 1  x-1 + 1 x\编写递归函数计算  1 + 1 2 + 1  3 + 1 4 +....+ 1  x-1 + 1 x\编写递归函数计算  1 + 1 2 + 1  3 + 1 4 +....+ 1  x-1 + 1 x.vcxproj" on node 2 (build target(s)).
     1>PrepareForBuild:
         Creating directory "E:\CProgram\编写递归函数计算  1 + 1 2 + 1  3 + 1 4 +....+ 1  x-1 + 1 x\Debug\".
       InitializeBuildStatus:
         Creating "Debug\编写递归函数计算  1 + 1 2 + 1  3 + 1 4 +....+ 1  x-1 + 1 x.unsuccessfulbuild" because "AlwaysCreate" was specified.
       ClCompile:
         d:\Program Files (x86)\Microsoft Visual Studio 10.0\VC\bin\CL.exe /c /ZI /nologo /W3 /WX- /Od /Oy- /D WIN32 /D _DEBUG /D _CONSOLE /D _UNICODE /D UNICODE /Gm /EHsc /RTC1 /MDd /GS /fp:precise /Zc:wchar_t /Zc:forScope /Fo"Debug\\" /Fd"Debug\vc100.pdb" /Gd /TC /analyze- /errorReport:prompt "编写递归函数计算  1 + 1 2 + 1  3 + 1 4 +....+ 1  x-1 + 1 x.c"
         编写递归函数计算  1 + 1 2 + 1  3 + 1 4 +....+ 1  x-1 + 1 x.c
     1>e:\cprogram\编写递归函数计算  1 + 1 2 + 1  3 + 1 4 +....+ 1  x-1 + 1 x\编写递归函数计算  1 + 1 2 + 1  3 + 1 4 +....+ 1  x-1 + 1 x\编写递归函数计算  1 + 1 2 + 1  3 + 1 4 +....+ 1  x-1 + 1 x.c(9): warning C4996: 'scanf': This function or variable may be unsafe. Consider using scanf_s instead. To disable deprecation, use _CRT_SECURE_NO_WARNINGS. See online help for details.
                 d:\program files (x86)\microsoft visual studio 10.0\vc\include\stdio.h(304) : see declaration of 'scanf'
     1>e:\cprogram\编写递归函数计算  1 + 1 2 + 1  3 + 1 4 +....+ 1  x-1 + 1 x\编写递归函数计算  1 + 1 2 + 1  3 + 1 4 +....+ 1  x-1 + 1 x\编写递归函数计算  1 + 1 2 + 1  3 + 1 4 +....+ 1  x-1 + 1 x.c(24): warning C4715: 'func' : not all control paths return a value
       ManifestResourceCompile:
         C:\Program Files (x86)\Microsoft SDKs\Windows\v7.0A\bin\rc.exe /nologo /fo"Debug\编写递归函数计算  1 + 1 2 + 1  3 + 1 4 +....+ 1  x-1 + 1 x.exe.embed.manifest.res" "Debug\编写递归函数计算  1 + 1 2 + 1  3 + 1 4 +....+ 1  x-1 + 1 x_manifest.rc" 
       Link:
         d:\Program Files (x86)\Microsoft Visual Studio 10.0\VC\bin\link.exe /ERRORREPORT:PROMPT /OUT:"E:\CProgram\编写递归函数计算  1 + 1 2 + 1  3 + 1 4 +....+ 1  x-1 + 1 x\Debug\编写递归函数计算  1 + 1 2 + 1  3 + 1 4 +....+ 1  x-1 + 1 x.exe" /INCREMENTAL /NOLOGO kernel32.lib user32.lib gdi32.lib winspool.lib comdlg32.lib advapi32.lib shell32.lib ole32.lib oleaut32.lib uuid.lib odbc32.lib odbccp32.lib /MANIFEST /ManifestFile:"Debug\编写递归函数计算  1 + 1 2 + 1  3 + 1 4 +....+ 1  x-1 + 1 x.exe.intermediate.manifest" /MANIFESTUAC:"level='asInvoker' uiAccess='false'" /DEBUG /PDB:"E:\CProgram\编写递归函数计算  1 + 1 2 + 1  3 + 1 4 +....+ 1  x-1 + 1 x\Debug\编写递归函数计算  1 + 1 2 + 1  3 + 1 4 +....+ 1  x-1 + 1 x.pdb" /SUBSYSTEM:CONSOLE /TLBID:1 /DYNAMICBASE /NXCOMPAT /IMPLIB:"E:\CProgram\编写递归函数计算  1 + 1 2 + 1  3 + 1 4 +....+ 1  x-1 + 1 x\Debug\编写递归函数计算  1 + 1 2 + 1  3 + 1 4 +....+ 1  x-1 + 1 x.lib" /MACHINE:X86 "Debug\编写递归函数计算  1 + 1 2 + 1  3 + 1 4 +....+ 1  x-1 + 1 x.exe.embed.manifest.res"
         "Debug\编写递归函数计算  1 + 1 2 + 1  3 + 1 4 +....+ 1  x-1 + 1 x.obj"
       Manifest:
         C:\Program Files (x86)\Microsoft SDKs\Windows\v7.0A\bin\mt.exe /nologo /verbose /out:"Debug\编写递归函数计算  1 + 1 2 + 1  3 + 1 4 +....+ 1  x-1 + 1 x.exe.embed.manifest" /manifest "Debug\编写递归函数计算  1 + 1 2 + 1  3 + 1 4 +....+ 1  x-1 + 1 x.exe.intermediate.manifest"
         C:\Program Files (x86)\Microsoft SDKs\Windows\v7.0A\bin\rc.exe /nologo /fo"Debug\编写递归函数计算  1 + 1 2 + 1  3 + 1 4 +....+ 1  x-1 + 1 x.exe.embed.manifest.res" "Debug\编写递归函数计算  1 + 1 2 + 1  3 + 1 4 +....+ 1  x-1 + 1 x_manifest.rc" 
       LinkEmbedManifest:
         d:\Program Files (x86)\Microsoft Visual Studio 10.0\VC\bin\link.exe /ERRORREPORT:PROMPT /OUT:"E:\CProgram\编写递归函数计算  1 + 1 2 + 1  3 + 1 4 +....+ 1  x-1 + 1 x\Debug\编写递归函数计算  1 + 1 2 + 1  3 + 1 4 +....+ 1  x-1 + 1 x.exe" /INCREMENTAL /NOLOGO kernel32.lib user32.lib gdi32.lib winspool.lib comdlg32.lib advapi32.lib shell32.lib ole32.lib oleaut32.lib uuid.lib odbc32.lib odbccp32.lib /MANIFEST /ManifestFile:"Debug\编写递归函数计算  1 + 1 2 + 1  3 + 1 4 +....+ 1  x-1 + 1 x.exe.intermediate.manifest" /MANIFESTUAC:"level='asInvoker' uiAccess='false'" /DEBUG /PDB:"E:\CProgram\编写递归函数计算  1 + 1 2 + 1  3 + 1 4 +....+ 1  x-1 + 1 x\Debug\编写递归函数计算  1 + 1 2 + 1  3 + 1 4 +....+ 1  x-1 + 1 x.pdb" /SUBSYSTEM:CONSOLE /TLBID:1 /DYNAMICBASE /NXCOMPAT /IMPLIB:"E:\CProgram\编写递归函数计算  1 + 1 2 + 1  3 + 1 4 +....+ 1  x-1 + 1 x\Debug\编写递归函数计算  1 + 1 2 + 1  3 + 1 4 +....+ 1  x-1 + 1 x.lib" /MACHINE:X86 "Debug\编写递归函数计算  1 + 1 2 + 1  3 + 1 4 +....+ 1  x-1 + 1 x.exe.embed.manifest.res"
         "Debug\编写递归函数计算  1 + 1 2 + 1  3 + 1 4 +....+ 1  x-1 + 1 x.obj"
         编写递归函数计算  1 + 1 2 + 1  3 + 1 4 +....+ 1  x-1 + 1 x.vcxproj -> E:\CProgram\编写递归函数计算  1 + 1 2 + 1  3 + 1 4 +....+ 1  x-1 + 1 x\Debug\编写递归函数计算  1 + 1 2 + 1  3 + 1 4 +....+ 1  x-1 + 1 x.exe
       FinalizeBuildStatus:
         Deleting file "Debug\编写递归函数计算  1 + 1 2 + 1  3 + 1 4 +....+ 1  x-1 + 1 x.unsuccessfulbuild".
         Touching "Debug\编写递归函数计算  1 + 1 2 + 1  3 + 1 4 +....+ 1  x-1 + 1 x.lastbuildstate".
     1>Done Building Project "E:\CProgram\编写递归函数计算  1 + 1 2 + 1  3 + 1 4 +....+ 1  x-1 + 1 x\编写递归函数计算  1 + 1 2 + 1  3 + 1 4 +....+ 1  x-1 + 1 x\编写递归函数计算  1 + 1 2 + 1  3 + 1 4 +....+ 1  x-1 + 1 x.vcxproj" (build target(s)).

Build succeeded.

Time Elapsed 00:00:01.18
