Build started 2017/3/7 22:50:51.
     1>Project "H:\C程序\7_9x9乘法表右上三角.c\7_9x9乘法表右上三角.c\7_9x9乘法表右上三角.c.vcxproj" on node 2 (build target(s)).
     1>InitializeBuildStatus:
         Creating "Debug\7_9x9乘法表右上三角.c.unsuccessfulbuild" because "AlwaysCreate" was specified.
       ClCompile:
         D:\Program Files (x86)\Microsoft Visual Studio 10.0\VC\bin\CL.exe /c /ZI /nologo /W3 /WX- /Od /Oy- /D WIN32 /D _DEBUG /D _CONSOLE /D _UNICODE /D UNICODE /Gm /EHsc /RTC1 /MDd /GS /fp:precise /Zc:wchar_t /Zc:forScope /Fo"Debug\\" /Fd"Debug\vc100.pdb" /Gd /TC /analyze- /errorReport:prompt "7_9x9乘法表右上三角.c"
         7_9x9乘法表右上三角.c
       ManifestResourceCompile:
         C:\Program Files (x86)\Microsoft SDKs\Windows\v7.0A\bin\rc.exe /nologo /fo"Debug\7_9x9乘法表右上三角.c.exe.embed.manifest.res" "Debug\7_9x9乘法表右上三角.c_manifest.rc" 
       Link:
         D:\Program Files (x86)\Microsoft Visual Studio 10.0\VC\bin\link.exe /ERRORREPORT:PROMPT /OUT:"H:\C程序\7_9x9乘法表右上三角.c\Debug\7_9x9乘法表右上三角.c.exe" /INCREMENTAL /NOLOGO kernel32.lib user32.lib gdi32.lib winspool.lib comdlg32.lib advapi32.lib shell32.lib ole32.lib oleaut32.lib uuid.lib odbc32.lib odbccp32.lib /MANIFEST /ManifestFile:"Debug\7_9x9乘法表右上三角.c.exe.intermediate.manifest" /MANIFESTUAC:"level='asInvoker' uiAccess='false'" /DEBUG /PDB:"H:\C程序\7_9x9乘法表右上三角.c\Debug\7_9x9乘法表右上三角.c.pdb" /SUBSYSTEM:CONSOLE /TLBID:1 /DYNAMICBASE /NXCOMPAT /IMPLIB:"H:\C程序\7_9x9乘法表右上三角.c\Debug\7_9x9乘法表右上三角.c.lib" /MACHINE:X86 "Debug\7_9x9乘法表右上三角.c.exe.embed.manifest.res"
         "Debug\7_9x9乘法表右上三角.obj"
       Manifest:
         Deleting file "Debug\7_9x9乘法表右上三角.c.exe.embed.manifest".
         C:\Program Files (x86)\Microsoft SDKs\Windows\v7.0A\bin\mt.exe /nologo /verbose /out:"Debug\7_9x9乘法表右上三角.c.exe.embed.manifest" /manifest "Debug\7_9x9乘法表右上三角.c.exe.intermediate.manifest"
         C:\Program Files (x86)\Microsoft SDKs\Windows\v7.0A\bin\rc.exe /nologo /fo"Debug\7_9x9乘法表右上三角.c.exe.embed.manifest.res" "Debug\7_9x9乘法表右上三角.c_manifest.rc" 
       LinkEmbedManifest:
         D:\Program Files (x86)\Microsoft Visual Studio 10.0\VC\bin\link.exe /ERRORREPORT:PROMPT /OUT:"H:\C程序\7_9x9乘法表右上三角.c\Debug\7_9x9乘法表右上三角.c.exe" /INCREMENTAL /NOLOGO kernel32.lib user32.lib gdi32.lib winspool.lib comdlg32.lib advapi32.lib shell32.lib ole32.lib oleaut32.lib uuid.lib odbc32.lib odbccp32.lib /MANIFEST /ManifestFile:"Debug\7_9x9乘法表右上三角.c.exe.intermediate.manifest" /MANIFESTUAC:"level='asInvoker' uiAccess='false'" /DEBUG /PDB:"H:\C程序\7_9x9乘法表右上三角.c\Debug\7_9x9乘法表右上三角.c.pdb" /SUBSYSTEM:CONSOLE /TLBID:1 /DYNAMICBASE /NXCOMPAT /IMPLIB:"H:\C程序\7_9x9乘法表右上三角.c\Debug\7_9x9乘法表右上三角.c.lib" /MACHINE:X86 "Debug\7_9x9乘法表右上三角.c.exe.embed.manifest.res"
         "Debug\7_9x9乘法表右上三角.obj"
         7_9x9乘法表右上三角.c.vcxproj -> H:\C程序\7_9x9乘法表右上三角.c\Debug\7_9x9乘法表右上三角.c.exe
       FinalizeBuildStatus:
         Deleting file "Debug\7_9x9乘法表右上三角.c.unsuccessfulbuild".
         Touching "Debug\7_9x9乘法表右上三角.c.lastbuildstate".
     1>Done Building Project "H:\C程序\7_9x9乘法表右上三角.c\7_9x9乘法表右上三角.c\7_9x9乘法表右上三角.c.vcxproj" (build target(s)).

Build succeeded.

Time Elapsed 00:00:13.01
