E:\C程序\52_第十章对文件的输入和输出例1\DEBUG\第十章对文件的输入和输出例1.EXE
E:\C程序\52_第十章对文件的输入和输出例1\DEBUG\第十章对文件的输入和输出例1.ILK
E:\C程序\52_第十章对文件的输入和输出例1\DEBUG\第十章对文件的输入和输出例1.PDB
E:\C程序\52_第十章对文件的输入和输出例1\第十章对文件的输入和输出例1\Debug\cl.command.1.tlog
E:\C程序\52_第十章对文件的输入和输出例1\第十章对文件的输入和输出例1\Debug\CL.read.1.tlog
E:\C程序\52_第十章对文件的输入和输出例1\第十章对文件的输入和输出例1\Debug\CL.write.1.tlog
E:\C程序\52_第十章对文件的输入和输出例1\第十章对文件的输入和输出例1\Debug\link.6840.read.1.tlog
E:\C程序\52_第十章对文件的输入和输出例1\第十章对文件的输入和输出例1\Debug\link.6840.write.1.tlog
E:\C程序\52_第十章对文件的输入和输出例1\第十章对文件的输入和输出例1\Debug\link.6840-cvtres.read.1.tlog
E:\C程序\52_第十章对文件的输入和输出例1\第十章对文件的输入和输出例1\Debug\link.6840-cvtres.write.1.tlog
E:\C程序\52_第十章对文件的输入和输出例1\第十章对文件的输入和输出例1\Debug\link.6976.read.1.tlog
E:\C程序\52_第十章对文件的输入和输出例1\第十章对文件的输入和输出例1\Debug\link.6976.write.1.tlog
E:\C程序\52_第十章对文件的输入和输出例1\第十章对文件的输入和输出例1\Debug\link.6976-cvtres.read.1.tlog
E:\C程序\52_第十章对文件的输入和输出例1\第十章对文件的输入和输出例1\Debug\link.6976-cvtres.write.1.tlog
E:\C程序\52_第十章对文件的输入和输出例1\第十章对文件的输入和输出例1\Debug\link.command.1.tlog
E:\C程序\52_第十章对文件的输入和输出例1\第十章对文件的输入和输出例1\Debug\link.read.1.tlog
E:\C程序\52_第十章对文件的输入和输出例1\第十章对文件的输入和输出例1\Debug\link.write.1.tlog
E:\C程序\52_第十章对文件的输入和输出例1\第十章对文件的输入和输出例1\Debug\link-cvtres.read.1.tlog
E:\C程序\52_第十章对文件的输入和输出例1\第十章对文件的输入和输出例1\Debug\link-cvtres.write.1.tlog
E:\C程序\52_第十章对文件的输入和输出例1\第十章对文件的输入和输出例1\Debug\mt.command.1.tlog
E:\C程序\52_第十章对文件的输入和输出例1\第十章对文件的输入和输出例1\Debug\mt.read.1.tlog
E:\C程序\52_第十章对文件的输入和输出例1\第十章对文件的输入和输出例1\Debug\mt.write.1.tlog
E:\C程序\52_第十章对文件的输入和输出例1\第十章对文件的输入和输出例1\Debug\rc.command.1.tlog
E:\C程序\52_第十章对文件的输入和输出例1\第十章对文件的输入和输出例1\Debug\rc.read.1.tlog
E:\C程序\52_第十章对文件的输入和输出例1\第十章对文件的输入和输出例1\Debug\rc.write.1.tlog
E:\C程序\52_第十章对文件的输入和输出例1\第十章对文件的输入和输出例1\Debug\vc100.idb
E:\C程序\52_第十章对文件的输入和输出例1\第十章对文件的输入和输出例1\DEBUG\VC100.PDB
E:\C程序\52_第十章对文件的输入和输出例1\第十章对文件的输入和输出例1\Debug\第十章对文件的输入和输出例1.exe.embed.manifest
E:\C程序\52_第十章对文件的输入和输出例1\第十章对文件的输入和输出例1\DEBUG\第十章对文件的输入和输出例1.EXE.EMBED.MANIFEST.RES
E:\C程序\52_第十章对文件的输入和输出例1\第十章对文件的输入和输出例1\DEBUG\第十章对文件的输入和输出例1.EXE.INTERMEDIATE.MANIFEST
E:\C程序\52_第十章对文件的输入和输出例1\第十章对文件的输入和输出例1\DEBUG\第十章对文件的输入和输出例1.OBJ
E:\C程序\52_第十章对文件的输入和输出例1\第十章对文件的输入和输出例1\Debug\第十章对文件的输入和输出例1.vcxprojResolveAssemblyReference.cache
E:\C程序\52_第十章对文件的输入和输出例1\第十章对文件的输入和输出例1\Debug\第十章对文件的输入和输出例1.write.1.tlog
E:\C程序\52_第十章对文件的输入和输出例1\第十章对文件的输入和输出例1\Debug\第十章对文件的输入和输出例1_manifest.rc
H:\C程序\52_第十章对文件的输入和输出例1\DEBUG\第十章对文件的输入和输出例1.EXE
H:\C程序\52_第十章对文件的输入和输出例1\DEBUG\第十章对文件的输入和输出例1.ILK
H:\C程序\52_第十章对文件的输入和输出例1\DEBUG\第十章对文件的输入和输出例1.PDB
H:\C程序\52_第十章对文件的输入和输出例1\第十章对文件的输入和输出例1\DEBUG\VC100.PDB
H:\C程序\52_第十章对文件的输入和输出例1\第十章对文件的输入和输出例1\DEBUG\第十章对文件的输入和输出例1.EXE.EMBED.MANIFEST
H:\C程序\52_第十章对文件的输入和输出例1\第十章对文件的输入和输出例1\DEBUG\第十章对文件的输入和输出例1.EXE.EMBED.MANIFEST.RES
H:\C程序\52_第十章对文件的输入和输出例1\第十章对文件的输入和输出例1\DEBUG\第十章对文件的输入和输出例1.EXE.INTERMEDIATE.MANIFEST
H:\C程序\52_第十章对文件的输入和输出例1\第十章对文件的输入和输出例1\DEBUG\第十章对文件的输入和输出例1.OBJ
