Build started 2017-08-16  星期三 15:50:26.
     1>Project "E:\CProgram\求1 ~ 100 之间的每位数的乘积大于每位数的和的数\求1 ~ 100 之间的每位数的乘积大于每位数的和的数\求1 ~ 100 之间的每位数的乘积大于每位数的和的数.vcxproj" on node 2 (build target(s)).
     1>PrepareForBuild:
         Creating directory "E:\CProgram\求1 ~ 100 之间的每位数的乘积大于每位数的和的数\Debug\".
       InitializeBuildStatus:
         Creating "Debug\求1 ~ 100 之间的每位数的乘积大于每位数的和的数.unsuccessfulbuild" because "AlwaysCreate" was specified.
       ClCompile:
         d:\Program Files (x86)\Microsoft Visual Studio 10.0\VC\bin\CL.exe /c /ZI /nologo /W3 /WX- /Od /Oy- /D WIN32 /D _DEBUG /D _CONSOLE /D _UNICODE /D UNICODE /Gm /EHsc /RTC1 /MDd /GS /fp:precise /Zc:wchar_t /Zc:forScope /Fo"Debug\\" /Fd"Debug\vc100.pdb" /Gd /TC /analyze- /errorReport:prompt "求1 ~ 100 之间的每位数的乘积大于每位数的和的数.c"
         求1 ~ 100 之间的每位数的乘积大于每位数的和的数.c
       ManifestResourceCompile:
         C:\Program Files (x86)\Microsoft SDKs\Windows\v7.0A\bin\rc.exe /nologo /fo"Debug\求1 ~ 100 之间的每位数的乘积大于每位数的和的数.exe.embed.manifest.res" "Debug\求1 ~ 100 之间的每位数的乘积大于每位数的和的数_manifest.rc" 
       Link:
         d:\Program Files (x86)\Microsoft Visual Studio 10.0\VC\bin\link.exe /ERRORREPORT:PROMPT /OUT:"E:\CProgram\求1 ~ 100 之间的每位数的乘积大于每位数的和的数\Debug\求1 ~ 100 之间的每位数的乘积大于每位数的和的数.exe" /INCREMENTAL /NOLOGO kernel32.lib user32.lib gdi32.lib winspool.lib comdlg32.lib advapi32.lib shell32.lib ole32.lib oleaut32.lib uuid.lib odbc32.lib odbccp32.lib /MANIFEST /ManifestFile:"Debug\求1 ~ 100 之间的每位数的乘积大于每位数的和的数.exe.intermediate.manifest" /MANIFESTUAC:"level='asInvoker' uiAccess='false'" /DEBUG /PDB:"E:\CProgram\求1 ~ 100 之间的每位数的乘积大于每位数的和的数\Debug\求1 ~ 100 之间的每位数的乘积大于每位数的和的数.pdb" /SUBSYSTEM:CONSOLE /TLBID:1 /DYNAMICBASE /NXCOMPAT /IMPLIB:"E:\CProgram\求1 ~ 100 之间的每位数的乘积大于每位数的和的数\Debug\求1 ~ 100 之间的每位数的乘积大于每位数的和的数.lib" /MACHINE:X86 "Debug\求1 ~ 100 之间的每位数的乘积大于每位数的和的数.exe.embed.manifest.res"
         "Debug\求1 ~ 100 之间的每位数的乘积大于每位数的和的数.obj"
       Manifest:
         C:\Program Files (x86)\Microsoft SDKs\Windows\v7.0A\bin\mt.exe /nologo /verbose /out:"Debug\求1 ~ 100 之间的每位数的乘积大于每位数的和的数.exe.embed.manifest" /manifest "Debug\求1 ~ 100 之间的每位数的乘积大于每位数的和的数.exe.intermediate.manifest"
         C:\Program Files (x86)\Microsoft SDKs\Windows\v7.0A\bin\rc.exe /nologo /fo"Debug\求1 ~ 100 之间的每位数的乘积大于每位数的和的数.exe.embed.manifest.res" "Debug\求1 ~ 100 之间的每位数的乘积大于每位数的和的数_manifest.rc" 
       LinkEmbedManifest:
         d:\Program Files (x86)\Microsoft Visual Studio 10.0\VC\bin\link.exe /ERRORREPORT:PROMPT /OUT:"E:\CProgram\求1 ~ 100 之间的每位数的乘积大于每位数的和的数\Debug\求1 ~ 100 之间的每位数的乘积大于每位数的和的数.exe" /INCREMENTAL /NOLOGO kernel32.lib user32.lib gdi32.lib winspool.lib comdlg32.lib advapi32.lib shell32.lib ole32.lib oleaut32.lib uuid.lib odbc32.lib odbccp32.lib /MANIFEST /ManifestFile:"Debug\求1 ~ 100 之间的每位数的乘积大于每位数的和的数.exe.intermediate.manifest" /MANIFESTUAC:"level='asInvoker' uiAccess='false'" /DEBUG /PDB:"E:\CProgram\求1 ~ 100 之间的每位数的乘积大于每位数的和的数\Debug\求1 ~ 100 之间的每位数的乘积大于每位数的和的数.pdb" /SUBSYSTEM:CONSOLE /TLBID:1 /DYNAMICBASE /NXCOMPAT /IMPLIB:"E:\CProgram\求1 ~ 100 之间的每位数的乘积大于每位数的和的数\Debug\求1 ~ 100 之间的每位数的乘积大于每位数的和的数.lib" /MACHINE:X86 "Debug\求1 ~ 100 之间的每位数的乘积大于每位数的和的数.exe.embed.manifest.res"
         "Debug\求1 ~ 100 之间的每位数的乘积大于每位数的和的数.obj"
         求1 ~ 100 之间的每位数的乘积大于每位数的和的数.vcxproj -> E:\CProgram\求1 ~ 100 之间的每位数的乘积大于每位数的和的数\Debug\求1 ~ 100 之间的每位数的乘积大于每位数的和的数.exe
       FinalizeBuildStatus:
         Deleting file "Debug\求1 ~ 100 之间的每位数的乘积大于每位数的和的数.unsuccessfulbuild".
         Touching "Debug\求1 ~ 100 之间的每位数的乘积大于每位数的和的数.lastbuildstate".
     1>Done Building Project "E:\CProgram\求1 ~ 100 之间的每位数的乘积大于每位数的和的数\求1 ~ 100 之间的每位数的乘积大于每位数的和的数\求1 ~ 100 之间的每位数的乘积大于每位数的和的数.vcxproj" (build target(s)).

Build succeeded.

Time Elapsed 00:00:01.47
