C:\USERS\ADMINISTRATOR\DESKTOP\VS2010程序\第九章枚举类型\DEBUG\第九章枚举类型.EXE
C:\USERS\ADMINISTRATOR\DESKTOP\VS2010程序\第九章枚举类型\DEBUG\第九章枚举类型.ILK
C:\USERS\ADMINISTRATOR\DESKTOP\VS2010程序\第九章枚举类型\DEBUG\第九章枚举类型.PDB
C:\Users\Administrator\Desktop\vs2010程序\第九章枚举类型\第九章枚举类型\Debug\cl.command.1.tlog
C:\Users\Administrator\Desktop\vs2010程序\第九章枚举类型\第九章枚举类型\Debug\CL.read.1.tlog
C:\Users\Administrator\Desktop\vs2010程序\第九章枚举类型\第九章枚举类型\Debug\CL.write.1.tlog
C:\Users\Administrator\Desktop\vs2010程序\第九章枚举类型\第九章枚举类型\Debug\link.4712.read.1.tlog
C:\Users\Administrator\Desktop\vs2010程序\第九章枚举类型\第九章枚举类型\Debug\link.4712.write.1.tlog
C:\Users\Administrator\Desktop\vs2010程序\第九章枚举类型\第九章枚举类型\Debug\link.4712-cvtres.read.1.tlog
C:\Users\Administrator\Desktop\vs2010程序\第九章枚举类型\第九章枚举类型\Debug\link.4712-cvtres.write.1.tlog
C:\Users\Administrator\Desktop\vs2010程序\第九章枚举类型\第九章枚举类型\Debug\link.command.1.tlog
C:\Users\Administrator\Desktop\vs2010程序\第九章枚举类型\第九章枚举类型\Debug\link.read.1.tlog
C:\Users\Administrator\Desktop\vs2010程序\第九章枚举类型\第九章枚举类型\Debug\link.write.1.tlog
C:\Users\Administrator\Desktop\vs2010程序\第九章枚举类型\第九章枚举类型\Debug\link-cvtres.read.1.tlog
C:\Users\Administrator\Desktop\vs2010程序\第九章枚举类型\第九章枚举类型\Debug\link-cvtres.write.1.tlog
C:\Users\Administrator\Desktop\vs2010程序\第九章枚举类型\第九章枚举类型\Debug\mt.command.1.tlog
C:\Users\Administrator\Desktop\vs2010程序\第九章枚举类型\第九章枚举类型\Debug\mt.read.1.tlog
C:\Users\Administrator\Desktop\vs2010程序\第九章枚举类型\第九章枚举类型\Debug\mt.write.1.tlog
C:\Users\Administrator\Desktop\vs2010程序\第九章枚举类型\第九章枚举类型\Debug\rc.command.1.tlog
C:\Users\Administrator\Desktop\vs2010程序\第九章枚举类型\第九章枚举类型\Debug\rc.read.1.tlog
C:\Users\Administrator\Desktop\vs2010程序\第九章枚举类型\第九章枚举类型\Debug\rc.write.1.tlog
C:\Users\Administrator\Desktop\vs2010程序\第九章枚举类型\第九章枚举类型\Debug\vc100.idb
C:\USERS\ADMINISTRATOR\DESKTOP\VS2010程序\第九章枚举类型\第九章枚举类型\DEBUG\VC100.PDB
C:\USERS\ADMINISTRATOR\DESKTOP\VS2010程序\第九章枚举类型\第九章枚举类型\DEBUG\第九章枚举类型.EXE.EMBED.MANIFEST
C:\USERS\ADMINISTRATOR\DESKTOP\VS2010程序\第九章枚举类型\第九章枚举类型\DEBUG\第九章枚举类型.EXE.EMBED.MANIFEST.RES
C:\USERS\ADMINISTRATOR\DESKTOP\VS2010程序\第九章枚举类型\第九章枚举类型\DEBUG\第九章枚举类型.EXE.INTERMEDIATE.MANIFEST
C:\USERS\ADMINISTRATOR\DESKTOP\VS2010程序\第九章枚举类型\第九章枚举类型\DEBUG\第九章枚举类型.OBJ
C:\Users\Administrator\Desktop\vs2010程序\第九章枚举类型\第九章枚举类型\Debug\第九章枚举类型.write.1.tlog
C:\Users\Administrator\Desktop\vs2010程序\第九章枚举类型\第九章枚举类型\Debug\第九章枚举类型_manifest.rc
