Build started 2017/2/4 14:06:40.
     1>Project "C:\Users\Administrator\Desktop\vs2010程序\第九章枚举类型\第九章枚举类型\第九章枚举类型.vcxproj" on node 2 (rebuild target(s)).
     1>_PrepareForClean:
         Deleting file "Debug\第九章枚举类型.lastbuildstate".
       InitializeBuildStatus:
         Creating "Debug\第九章枚举类型.unsuccessfulbuild" because "AlwaysCreate" was specified.
       ClCompile:
         d:\Program Files (x86)\Microsoft Visual Studio 10.0\VC\bin\CL.exe /c /ZI /nologo /W3 /WX- /Od /Oy- /D WIN32 /D _DEBUG /D _CONSOLE /D _UNICODE /D UNICODE /Gm /EHsc /RTC1 /MDd /GS /fp:precise /Zc:wchar_t /Zc:forScope /Fo"Debug\\" /Fd"Debug\vc100.pdb" /Gd /TC /analyze- /errorReport:prompt "第九章枚举类型.c"
         第九章枚举类型.c
       ManifestResourceCompile:
         C:\Program Files (x86)\Microsoft SDKs\Windows\v7.0A\bin\rc.exe /nologo /fo"Debug\第九章枚举类型.exe.embed.manifest.res" "Debug\第九章枚举类型_manifest.rc" 
       Link:
         d:\Program Files (x86)\Microsoft Visual Studio 10.0\VC\bin\link.exe /ERRORREPORT:PROMPT /OUT:"C:\Users\Administrator\Desktop\vs2010程序\第九章枚举类型\Debug\第九章枚举类型.exe" /INCREMENTAL /NOLOGO kernel32.lib user32.lib gdi32.lib winspool.lib comdlg32.lib advapi32.lib shell32.lib ole32.lib oleaut32.lib uuid.lib odbc32.lib odbccp32.lib /MANIFEST /ManifestFile:"Debug\第九章枚举类型.exe.intermediate.manifest" /MANIFESTUAC:"level='asInvoker' uiAccess='false'" /DEBUG /PDB:"C:\Users\Administrator\Desktop\vs2010程序\第九章枚举类型\Debug\第九章枚举类型.pdb" /SUBSYSTEM:CONSOLE /TLBID:1 /DYNAMICBASE /NXCOMPAT /IMPLIB:"C:\Users\Administrator\Desktop\vs2010程序\第九章枚举类型\Debug\第九章枚举类型.lib" /MACHINE:X86 "Debug\第九章枚举类型.exe.embed.manifest.res"
         "Debug\第九章枚举类型.obj"
       Manifest:
         Deleting file "Debug\第九章枚举类型.exe.embed.manifest".
         C:\Program Files (x86)\Microsoft SDKs\Windows\v7.0A\bin\mt.exe /nologo /verbose /out:"Debug\第九章枚举类型.exe.embed.manifest" /manifest "Debug\第九章枚举类型.exe.intermediate.manifest"
         C:\Program Files (x86)\Microsoft SDKs\Windows\v7.0A\bin\rc.exe /nologo /fo"Debug\第九章枚举类型.exe.embed.manifest.res" "Debug\第九章枚举类型_manifest.rc" 
       LinkEmbedManifest:
         d:\Program Files (x86)\Microsoft Visual Studio 10.0\VC\bin\link.exe /ERRORREPORT:PROMPT /OUT:"C:\Users\Administrator\Desktop\vs2010程序\第九章枚举类型\Debug\第九章枚举类型.exe" /INCREMENTAL /NOLOGO kernel32.lib user32.lib gdi32.lib winspool.lib comdlg32.lib advapi32.lib shell32.lib ole32.lib oleaut32.lib uuid.lib odbc32.lib odbccp32.lib /MANIFEST /ManifestFile:"Debug\第九章枚举类型.exe.intermediate.manifest" /MANIFESTUAC:"level='asInvoker' uiAccess='false'" /DEBUG /PDB:"C:\Users\Administrator\Desktop\vs2010程序\第九章枚举类型\Debug\第九章枚举类型.pdb" /SUBSYSTEM:CONSOLE /TLBID:1 /DYNAMICBASE /NXCOMPAT /IMPLIB:"C:\Users\Administrator\Desktop\vs2010程序\第九章枚举类型\Debug\第九章枚举类型.lib" /MACHINE:X86 "Debug\第九章枚举类型.exe.embed.manifest.res"
         "Debug\第九章枚举类型.obj"
         第九章枚举类型.vcxproj -> C:\Users\Administrator\Desktop\vs2010程序\第九章枚举类型\Debug\第九章枚举类型.exe
       FinalizeBuildStatus:
         Deleting file "Debug\第九章枚举类型.unsuccessfulbuild".
         Touching "Debug\第九章枚举类型.lastbuildstate".
     1>Done Building Project "C:\Users\Administrator\Desktop\vs2010程序\第九章枚举类型\第九章枚举类型\第九章枚举类型.vcxproj" (rebuild target(s)).

Build succeeded.

Time Elapsed 00:00:00.89
