Build started 2016/12/1 15:09:48.
     1>Project "C:\Users\Administrator\Desktop\vs2010程序\zwq3.c\12_猜数字游戏.c\12_猜数字游戏.c\12_猜数字游戏.c.vcxproj" on node 2 (rebuild target(s)).
     1>PrepareForBuild:
         Creating directory "C:\Users\Administrator\Desktop\vs2010程序\zwq3.c\12_猜数字游戏.c\Debug\".
       InitializeBuildStatus:
         Creating "Debug\12_猜数字游戏.c.unsuccessfulbuild" because "AlwaysCreate" was specified.
       ClCompile:
         d:\Program Files (x86)\Microsoft Visual Studio 10.0\VC\bin\CL.exe /c /ZI /nologo /W3 /WX- /Od /Oy- /D WIN32 /D _DEBUG /D _CONSOLE /D _UNICODE /D UNICODE /Gm /EHsc /RTC1 /MDd /GS /fp:precise /Zc:wchar_t /Zc:forScope /Fo"Debug\\" /Fd"Debug\vc100.pdb" /Gd /TC /analyze- /errorReport:prompt "12_猜数字游戏.c"
         12_猜数字游戏.c
     1>c:\users\administrator\desktop\vs2010程序\zwq3.c\12_猜数字游戏.c\12_猜数字游戏.c\12_猜数字游戏.c(20): warning C4996: 'scanf': This function or variable may be unsafe. Consider using scanf_s instead. To disable deprecation, use _CRT_SECURE_NO_WARNINGS. See online help for details.
                 d:\program files (x86)\microsoft visual studio 10.0\vc\include\stdio.h(304) : 参见“scanf”的声明
     1>c:\users\administrator\desktop\vs2010程序\zwq3.c\12_猜数字游戏.c\12_猜数字游戏.c\12_猜数字游戏.c(22): warning C4013: “time”未定义；假设外部返回 int
     1>c:\users\administrator\desktop\vs2010程序\zwq3.c\12_猜数字游戏.c\12_猜数字游戏.c\12_猜数字游戏.c(38): warning C4996: 'scanf': This function or variable may be unsafe. Consider using scanf_s instead. To disable deprecation, use _CRT_SECURE_NO_WARNINGS. See online help for details.
                 d:\program files (x86)\microsoft visual studio 10.0\vc\include\stdio.h(304) : 参见“scanf”的声明
       ManifestResourceCompile:
         C:\Program Files (x86)\Microsoft SDKs\Windows\v7.0A\bin\rc.exe /nologo /fo"Debug\12_猜数字游戏.c.exe.embed.manifest.res" "Debug\12_猜数字游戏.c_manifest.rc" 
       Link:
         d:\Program Files (x86)\Microsoft Visual Studio 10.0\VC\bin\link.exe /ERRORREPORT:PROMPT /OUT:"C:\Users\Administrator\Desktop\vs2010程序\zwq3.c\12_猜数字游戏.c\Debug\12_猜数字游戏.c.exe" /INCREMENTAL /NOLOGO kernel32.lib user32.lib gdi32.lib winspool.lib comdlg32.lib advapi32.lib shell32.lib ole32.lib oleaut32.lib uuid.lib odbc32.lib odbccp32.lib /MANIFEST /ManifestFile:"Debug\12_猜数字游戏.c.exe.intermediate.manifest" /MANIFESTUAC:"level='asInvoker' uiAccess='false'" /DEBUG /PDB:"C:\Users\Administrator\Desktop\vs2010程序\zwq3.c\12_猜数字游戏.c\Debug\12_猜数字游戏.c.pdb" /SUBSYSTEM:CONSOLE /TLBID:1 /DYNAMICBASE /NXCOMPAT /IMPLIB:"C:\Users\Administrator\Desktop\vs2010程序\zwq3.c\12_猜数字游戏.c\Debug\12_猜数字游戏.c.lib" /MACHINE:X86 "Debug\12_猜数字游戏.c.exe.embed.manifest.res"
         "Debug\12_猜数字游戏.obj"
       Manifest:
         Deleting file "Debug\12_猜数字游戏.c.exe.embed.manifest".
         C:\Program Files (x86)\Microsoft SDKs\Windows\v7.0A\bin\mt.exe /nologo /verbose /out:"Debug\12_猜数字游戏.c.exe.embed.manifest" /manifest "Debug\12_猜数字游戏.c.exe.intermediate.manifest"
         C:\Program Files (x86)\Microsoft SDKs\Windows\v7.0A\bin\rc.exe /nologo /fo"Debug\12_猜数字游戏.c.exe.embed.manifest.res" "Debug\12_猜数字游戏.c_manifest.rc" 
       LinkEmbedManifest:
         d:\Program Files (x86)\Microsoft Visual Studio 10.0\VC\bin\link.exe /ERRORREPORT:PROMPT /OUT:"C:\Users\Administrator\Desktop\vs2010程序\zwq3.c\12_猜数字游戏.c\Debug\12_猜数字游戏.c.exe" /INCREMENTAL /NOLOGO kernel32.lib user32.lib gdi32.lib winspool.lib comdlg32.lib advapi32.lib shell32.lib ole32.lib oleaut32.lib uuid.lib odbc32.lib odbccp32.lib /MANIFEST /ManifestFile:"Debug\12_猜数字游戏.c.exe.intermediate.manifest" /MANIFESTUAC:"level='asInvoker' uiAccess='false'" /DEBUG /PDB:"C:\Users\Administrator\Desktop\vs2010程序\zwq3.c\12_猜数字游戏.c\Debug\12_猜数字游戏.c.pdb" /SUBSYSTEM:CONSOLE /TLBID:1 /DYNAMICBASE /NXCOMPAT /IMPLIB:"C:\Users\Administrator\Desktop\vs2010程序\zwq3.c\12_猜数字游戏.c\Debug\12_猜数字游戏.c.lib" /MACHINE:X86 "Debug\12_猜数字游戏.c.exe.embed.manifest.res"
         "Debug\12_猜数字游戏.obj"
         12_猜数字游戏.c.vcxproj -> C:\Users\Administrator\Desktop\vs2010程序\zwq3.c\12_猜数字游戏.c\Debug\12_猜数字游戏.c.exe
       FinalizeBuildStatus:
         Deleting file "Debug\12_猜数字游戏.c.unsuccessfulbuild".
         Touching "Debug\12_猜数字游戏.c.lastbuildstate".
     1>Done Building Project "C:\Users\Administrator\Desktop\vs2010程序\zwq3.c\12_猜数字游戏.c\12_猜数字游戏.c\12_猜数字游戏.c.vcxproj" (rebuild target(s)).

Build succeeded.

Time Elapsed 00:00:01.78
