C:\USERS\ADMINISTRATOR\DESKTOP\VS2010程序\第七章调用函数递归法求N!\DEBUG\第七章调用函数递归法求N!.EXE
C:\USERS\ADMINISTRATOR\DESKTOP\VS2010程序\第七章调用函数递归法求N!\DEBUG\第七章调用函数递归法求N!.ILK
C:\USERS\ADMINISTRATOR\DESKTOP\VS2010程序\第七章调用函数递归法求N!\DEBUG\第七章调用函数递归法求N!.PDB
C:\Users\Administrator\Desktop\vs2010程序\第七章调用函数递归法求n!\第七章调用函数递归法求n!\Debug\cl.command.1.tlog
C:\Users\Administrator\Desktop\vs2010程序\第七章调用函数递归法求n!\第七章调用函数递归法求n!\Debug\CL.read.1.tlog
C:\Users\Administrator\Desktop\vs2010程序\第七章调用函数递归法求n!\第七章调用函数递归法求n!\Debug\CL.write.1.tlog
C:\Users\Administrator\Desktop\vs2010程序\第七章调用函数递归法求n!\第七章调用函数递归法求n!\Debug\link.10948.read.1.tlog
C:\Users\Administrator\Desktop\vs2010程序\第七章调用函数递归法求n!\第七章调用函数递归法求n!\Debug\link.10948.write.1.tlog
C:\Users\Administrator\Desktop\vs2010程序\第七章调用函数递归法求n!\第七章调用函数递归法求n!\Debug\link.10948-cvtres.read.1.tlog
C:\Users\Administrator\Desktop\vs2010程序\第七章调用函数递归法求n!\第七章调用函数递归法求n!\Debug\link.10948-cvtres.write.1.tlog
C:\Users\Administrator\Desktop\vs2010程序\第七章调用函数递归法求n!\第七章调用函数递归法求n!\Debug\link.command.1.tlog
C:\Users\Administrator\Desktop\vs2010程序\第七章调用函数递归法求n!\第七章调用函数递归法求n!\Debug\link.read.1.tlog
C:\Users\Administrator\Desktop\vs2010程序\第七章调用函数递归法求n!\第七章调用函数递归法求n!\Debug\link.write.1.tlog
C:\Users\Administrator\Desktop\vs2010程序\第七章调用函数递归法求n!\第七章调用函数递归法求n!\Debug\link-cvtres.read.1.tlog
C:\Users\Administrator\Desktop\vs2010程序\第七章调用函数递归法求n!\第七章调用函数递归法求n!\Debug\link-cvtres.write.1.tlog
C:\Users\Administrator\Desktop\vs2010程序\第七章调用函数递归法求n!\第七章调用函数递归法求n!\Debug\mt.command.1.tlog
C:\Users\Administrator\Desktop\vs2010程序\第七章调用函数递归法求n!\第七章调用函数递归法求n!\Debug\mt.read.1.tlog
C:\Users\Administrator\Desktop\vs2010程序\第七章调用函数递归法求n!\第七章调用函数递归法求n!\Debug\mt.write.1.tlog
C:\Users\Administrator\Desktop\vs2010程序\第七章调用函数递归法求n!\第七章调用函数递归法求n!\Debug\rc.command.1.tlog
C:\Users\Administrator\Desktop\vs2010程序\第七章调用函数递归法求n!\第七章调用函数递归法求n!\Debug\rc.read.1.tlog
C:\Users\Administrator\Desktop\vs2010程序\第七章调用函数递归法求n!\第七章调用函数递归法求n!\Debug\rc.write.1.tlog
C:\Users\Administrator\Desktop\vs2010程序\第七章调用函数递归法求n!\第七章调用函数递归法求n!\Debug\vc100.idb
C:\USERS\ADMINISTRATOR\DESKTOP\VS2010程序\第七章调用函数递归法求N!\第七章调用函数递归法求N!\DEBUG\VC100.PDB
C:\USERS\ADMINISTRATOR\DESKTOP\VS2010程序\第七章调用函数递归法求N!\第七章调用函数递归法求N!\DEBUG\第七章调用函数递归法求N!.EXE.EMBED.MANIFEST
C:\USERS\ADMINISTRATOR\DESKTOP\VS2010程序\第七章调用函数递归法求N!\第七章调用函数递归法求N!\DEBUG\第七章调用函数递归法求N!.EXE.EMBED.MANIFEST.RES
C:\USERS\ADMINISTRATOR\DESKTOP\VS2010程序\第七章调用函数递归法求N!\第七章调用函数递归法求N!\DEBUG\第七章调用函数递归法求N!.EXE.INTERMEDIATE.MANIFEST
C:\USERS\ADMINISTRATOR\DESKTOP\VS2010程序\第七章调用函数递归法求N!\第七章调用函数递归法求N!\DEBUG\第七章调用函数递归法求N!.OBJ
C:\Users\Administrator\Desktop\vs2010程序\第七章调用函数递归法求n!\第七章调用函数递归法求n!\Debug\第七章调用函数递归法求n!.write.1.tlog
C:\Users\Administrator\Desktop\vs2010程序\第七章调用函数递归法求n!\第七章调用函数递归法求n!\Debug\第七章调用函数递归法求n!_manifest.rc
