Build started 2017-08-18  星期五 15:18:40.
     1>Project "E:\CProgram\10个评委给歌手打分，去掉一个最高分，一个最低分，求平均分\10个评委给歌手打分，去掉一个最高分，一个最低分，求平均分\10个评委给歌手打分，去掉一个最高分，一个最低分，求平均分.vcxproj" on node 2 (build target(s)).
     1>PrepareForBuild:
         Creating directory "E:\CProgram\10个评委给歌手打分，去掉一个最高分，一个最低分，求平均分\Debug\".
       InitializeBuildStatus:
         Creating "Debug\10个评委给歌手打分，去掉一个最高分，一个最低分，求平均分.unsuccessfulbuild" because "AlwaysCreate" was specified.
       ClCompile:
         d:\Program Files (x86)\Microsoft Visual Studio 10.0\VC\bin\CL.exe /c /ZI /nologo /W3 /WX- /Od /Oy- /D WIN32 /D _DEBUG /D _CONSOLE /D _UNICODE /D UNICODE /Gm /EHsc /RTC1 /MDd /GS /fp:precise /Zc:wchar_t /Zc:forScope /Fo"Debug\\" /Fd"Debug\vc100.pdb" /Gd /TC /analyze- /errorReport:prompt "10个评委给歌手打分，去掉一个最高分，一个最低分，求平均分.c"
         10个评委给歌手打分，去掉一个最高分，一个最低分，求平均分.c
     1>e:\cprogram\10个评委给歌手打分，去掉一个最高分，一个最低分，求平均分\10个评委给歌手打分，去掉一个最高分，一个最低分，求平均分\10个评委给歌手打分，去掉一个最高分，一个最低分，求平均分.c(11): warning C4996: 'scanf': This function or variable may be unsafe. Consider using scanf_s instead. To disable deprecation, use _CRT_SECURE_NO_WARNINGS. See online help for details.
                 d:\program files (x86)\microsoft visual studio 10.0\vc\include\stdio.h(304) : see declaration of 'scanf'
     1>e:\cprogram\10个评委给歌手打分，去掉一个最高分，一个最低分，求平均分\10个评委给歌手打分，去掉一个最高分，一个最低分，求平均分\10个评委给歌手打分，去掉一个最高分，一个最低分，求平均分.c(20): warning C4244: '=' : conversion from 'double' to 'float', possible loss of data
     1>e:\cprogram\10个评委给歌手打分，去掉一个最高分，一个最低分，求平均分\10个评委给歌手打分，去掉一个最高分，一个最低分，求平均分\10个评委给歌手打分，去掉一个最高分，一个最低分，求平均分.c(8): warning C4101: 'temp' : unreferenced local variable
       ManifestResourceCompile:
         C:\Program Files (x86)\Microsoft SDKs\Windows\v7.0A\bin\rc.exe /nologo /fo"Debug\10个评委给歌手打分，去掉一个最高分，一个最低分，求平均分.exe.embed.manifest.res" "Debug\10个评委给歌手打分，去掉一个最高分，一个最低分，求平均分_manifest.rc" 
       Link:
         d:\Program Files (x86)\Microsoft Visual Studio 10.0\VC\bin\link.exe /ERRORREPORT:PROMPT /OUT:"E:\CProgram\10个评委给歌手打分，去掉一个最高分，一个最低分，求平均分\Debug\10个评委给歌手打分，去掉一个最高分，一个最低分，求平均分.exe" /INCREMENTAL /NOLOGO kernel32.lib user32.lib gdi32.lib winspool.lib comdlg32.lib advapi32.lib shell32.lib ole32.lib oleaut32.lib uuid.lib odbc32.lib odbccp32.lib /MANIFEST /ManifestFile:"Debug\10个评委给歌手打分，去掉一个最高分，一个最低分，求平均分.exe.intermediate.manifest" /MANIFESTUAC:"level='asInvoker' uiAccess='false'" /DEBUG /PDB:"E:\CProgram\10个评委给歌手打分，去掉一个最高分，一个最低分，求平均分\Debug\10个评委给歌手打分，去掉一个最高分，一个最低分，求平均分.pdb" /SUBSYSTEM:CONSOLE /TLBID:1 /DYNAMICBASE /NXCOMPAT /IMPLIB:"E:\CProgram\10个评委给歌手打分，去掉一个最高分，一个最低分，求平均分\Debug\10个评委给歌手打分，去掉一个最高分，一个最低分，求平均分.lib" /MACHINE:X86 "Debug\10个评委给歌手打分，去掉一个最高分，一个最低分，求平均分.exe.embed.manifest.res"
         "Debug\10个评委给歌手打分，去掉一个最高分，一个最低分，求平均分.obj"
       Manifest:
         C:\Program Files (x86)\Microsoft SDKs\Windows\v7.0A\bin\mt.exe /nologo /verbose /out:"Debug\10个评委给歌手打分，去掉一个最高分，一个最低分，求平均分.exe.embed.manifest" /manifest "Debug\10个评委给歌手打分，去掉一个最高分，一个最低分，求平均分.exe.intermediate.manifest"
         C:\Program Files (x86)\Microsoft SDKs\Windows\v7.0A\bin\rc.exe /nologo /fo"Debug\10个评委给歌手打分，去掉一个最高分，一个最低分，求平均分.exe.embed.manifest.res" "Debug\10个评委给歌手打分，去掉一个最高分，一个最低分，求平均分_manifest.rc" 
       LinkEmbedManifest:
         d:\Program Files (x86)\Microsoft Visual Studio 10.0\VC\bin\link.exe /ERRORREPORT:PROMPT /OUT:"E:\CProgram\10个评委给歌手打分，去掉一个最高分，一个最低分，求平均分\Debug\10个评委给歌手打分，去掉一个最高分，一个最低分，求平均分.exe" /INCREMENTAL /NOLOGO kernel32.lib user32.lib gdi32.lib winspool.lib comdlg32.lib advapi32.lib shell32.lib ole32.lib oleaut32.lib uuid.lib odbc32.lib odbccp32.lib /MANIFEST /ManifestFile:"Debug\10个评委给歌手打分，去掉一个最高分，一个最低分，求平均分.exe.intermediate.manifest" /MANIFESTUAC:"level='asInvoker' uiAccess='false'" /DEBUG /PDB:"E:\CProgram\10个评委给歌手打分，去掉一个最高分，一个最低分，求平均分\Debug\10个评委给歌手打分，去掉一个最高分，一个最低分，求平均分.pdb" /SUBSYSTEM:CONSOLE /TLBID:1 /DYNAMICBASE /NXCOMPAT /IMPLIB:"E:\CProgram\10个评委给歌手打分，去掉一个最高分，一个最低分，求平均分\Debug\10个评委给歌手打分，去掉一个最高分，一个最低分，求平均分.lib" /MACHINE:X86 "Debug\10个评委给歌手打分，去掉一个最高分，一个最低分，求平均分.exe.embed.manifest.res"
         "Debug\10个评委给歌手打分，去掉一个最高分，一个最低分，求平均分.obj"
         10个评委给歌手打分，去掉一个最高分，一个最低分，求平均分.vcxproj -> E:\CProgram\10个评委给歌手打分，去掉一个最高分，一个最低分，求平均分\Debug\10个评委给歌手打分，去掉一个最高分，一个最低分，求平均分.exe
       FinalizeBuildStatus:
         Deleting file "Debug\10个评委给歌手打分，去掉一个最高分，一个最低分，求平均分.unsuccessfulbuild".
         Touching "Debug\10个评委给歌手打分，去掉一个最高分，一个最低分，求平均分.lastbuildstate".
     1>Done Building Project "E:\CProgram\10个评委给歌手打分，去掉一个最高分，一个最低分，求平均分\10个评委给歌手打分，去掉一个最高分，一个最低分，求平均分\10个评委给歌手打分，去掉一个最高分，一个最低分，求平均分.vcxproj" (build target(s)).

Build succeeded.

Time Elapsed 00:00:01.07
