C:\USERS\ADMINISTRATOR\DESKTOP\VS2010程序\实验报告七(3)\DEBUG\实验报告七(3).EXE
C:\USERS\ADMINISTRATOR\DESKTOP\VS2010程序\实验报告七(3)\DEBUG\实验报告七(3).ILK
C:\USERS\ADMINISTRATOR\DESKTOP\VS2010程序\实验报告七(3)\DEBUG\实验报告七(3).PDB
C:\Users\Administrator\Desktop\vs2010程序\实验报告七(3)\实验报告七(3)\Debug\cl.command.1.tlog
C:\Users\Administrator\Desktop\vs2010程序\实验报告七(3)\实验报告七(3)\Debug\CL.read.1.tlog
C:\Users\Administrator\Desktop\vs2010程序\实验报告七(3)\实验报告七(3)\Debug\CL.write.1.tlog
C:\Users\Administrator\Desktop\vs2010程序\实验报告七(3)\实验报告七(3)\Debug\link.4780.read.1.tlog
C:\Users\Administrator\Desktop\vs2010程序\实验报告七(3)\实验报告七(3)\Debug\link.4780.write.1.tlog
C:\Users\Administrator\Desktop\vs2010程序\实验报告七(3)\实验报告七(3)\Debug\link.4780-cvtres.read.1.tlog
C:\Users\Administrator\Desktop\vs2010程序\实验报告七(3)\实验报告七(3)\Debug\link.4780-cvtres.write.1.tlog
C:\Users\Administrator\Desktop\vs2010程序\实验报告七(3)\实验报告七(3)\Debug\link.command.1.tlog
C:\Users\Administrator\Desktop\vs2010程序\实验报告七(3)\实验报告七(3)\Debug\link.read.1.tlog
C:\Users\Administrator\Desktop\vs2010程序\实验报告七(3)\实验报告七(3)\Debug\link.write.1.tlog
C:\Users\Administrator\Desktop\vs2010程序\实验报告七(3)\实验报告七(3)\Debug\link-cvtres.read.1.tlog
C:\Users\Administrator\Desktop\vs2010程序\实验报告七(3)\实验报告七(3)\Debug\link-cvtres.write.1.tlog
C:\Users\Administrator\Desktop\vs2010程序\实验报告七(3)\实验报告七(3)\Debug\mt.command.1.tlog
C:\Users\Administrator\Desktop\vs2010程序\实验报告七(3)\实验报告七(3)\Debug\mt.read.1.tlog
C:\Users\Administrator\Desktop\vs2010程序\实验报告七(3)\实验报告七(3)\Debug\mt.write.1.tlog
C:\Users\Administrator\Desktop\vs2010程序\实验报告七(3)\实验报告七(3)\Debug\rc.command.1.tlog
C:\Users\Administrator\Desktop\vs2010程序\实验报告七(3)\实验报告七(3)\Debug\rc.read.1.tlog
C:\Users\Administrator\Desktop\vs2010程序\实验报告七(3)\实验报告七(3)\Debug\rc.write.1.tlog
C:\Users\Administrator\Desktop\vs2010程序\实验报告七(3)\实验报告七(3)\Debug\vc100.idb
C:\USERS\ADMINISTRATOR\DESKTOP\VS2010程序\实验报告七(3)\实验报告七(3)\DEBUG\VC100.PDB
C:\USERS\ADMINISTRATOR\DESKTOP\VS2010程序\实验报告七(3)\实验报告七(3)\DEBUG\实验报告七(3).EXE.EMBED.MANIFEST
C:\USERS\ADMINISTRATOR\DESKTOP\VS2010程序\实验报告七(3)\实验报告七(3)\DEBUG\实验报告七(3).EXE.EMBED.MANIFEST.RES
C:\USERS\ADMINISTRATOR\DESKTOP\VS2010程序\实验报告七(3)\实验报告七(3)\DEBUG\实验报告七(3).EXE.INTERMEDIATE.MANIFEST
C:\USERS\ADMINISTRATOR\DESKTOP\VS2010程序\实验报告七(3)\实验报告七(3)\DEBUG\实验报告七(3).OBJ
C:\Users\Administrator\Desktop\vs2010程序\实验报告七(3)\实验报告七(3)\Debug\实验报告七(3).write.1.tlog
C:\Users\Administrator\Desktop\vs2010程序\实验报告七(3)\实验报告七(3)\Debug\实验报告七(3)_manifest.rc
