Build started 2016/12/6 12:25:14.
     1>Project "C:\Users\Administrator\Desktop\vs2010程序\实验报告六\实验报告六\实验报告六.vcxproj" on node 2 (rebuild target(s)).
     1>_PrepareForClean:
         Deleting file "Debug\实验报告六.lastbuildstate".
       InitializeBuildStatus:
         Creating "Debug\实验报告六.unsuccessfulbuild" because "AlwaysCreate" was specified.
       ClCompile:
         d:\Program Files (x86)\Microsoft Visual Studio 10.0\VC\bin\CL.exe /c /ZI /nologo /W3 /WX- /Od /Oy- /D WIN32 /D _DEBUG /D _CONSOLE /D _UNICODE /D UNICODE /Gm /EHsc /RTC1 /MDd /GS /fp:precise /Zc:wchar_t /Zc:forScope /Fo"Debug\\" /Fd"Debug\vc100.pdb" /Gd /TC /analyze- /errorReport:prompt "实验报告六.c"
         实验报告六.c
       Link:
         d:\Program Files (x86)\Microsoft Visual Studio 10.0\VC\bin\link.exe /ERRORREPORT:PROMPT /OUT:"C:\Users\Administrator\Desktop\vs2010程序\实验报告六\Debug\实验报告六.exe" /INCREMENTAL /NOLOGO kernel32.lib user32.lib gdi32.lib winspool.lib comdlg32.lib advapi32.lib shell32.lib ole32.lib oleaut32.lib uuid.lib odbc32.lib odbccp32.lib /MANIFEST /ManifestFile:"Debug\实验报告六.exe.intermediate.manifest" /MANIFESTUAC:"level='asInvoker' uiAccess='false'" /DEBUG /PDB:"C:\Users\Administrator\Desktop\vs2010程序\实验报告六\Debug\实验报告六.pdb" /SUBSYSTEM:CONSOLE /TLBID:1 /DYNAMICBASE /NXCOMPAT /IMPLIB:"C:\Users\Administrator\Desktop\vs2010程序\实验报告六\Debug\实验报告六.lib" /MACHINE:X86 "Debug\实验报告六.obj"
         实验报告六.vcxproj -> C:\Users\Administrator\Desktop\vs2010程序\实验报告六\Debug\实验报告六.exe
       Manifest:
         C:\Program Files (x86)\Microsoft SDKs\Windows\v7.0A\bin\mt.exe /nologo /verbose /out:"C:\Users\Administrator\Desktop\vs2010程序\实验报告六\Debug\实验报告六.exe.manifest" /manifest "Debug\实验报告六.exe.intermediate.manifest"
       FinalizeBuildStatus:
         Deleting file "Debug\实验报告六.unsuccessfulbuild".
         Touching "Debug\实验报告六.lastbuildstate".
     1>Done Building Project "C:\Users\Administrator\Desktop\vs2010程序\实验报告六\实验报告六\实验报告六.vcxproj" (rebuild target(s)).

Build succeeded.

Time Elapsed 00:00:00.69
